2024-10-16 23:03:47-log: Cannot access game frame or container.
2024-10-16 23:03:47-debug: asset-db:require-engine-code (1420ms)
2024-10-16 23:03:48-log: meshopt wasm decoder initialized
2024-10-16 23:03:48-log: [box2d]:box2d wasm lib loaded.
2024-10-16 23:03:48-log: [bullet]:bullet wasm lib loaded.
2024-10-16 23:03:48-debug: [Assets Memory track]: asset-db-plugin-register: programming start:78.53MB, end 82.04MB, increase: 3.51MB
2024-10-16 23:03:48-log: Cocos Creator v3.8.3
2024-10-16 23:03:50-debug: [Assets Memory track]: asset-db-plugin-register: builder start:82.06MB, end 204.91MB, increase: 122.85MB
2024-10-16 23:03:48-debug: [Assets Memory track]: asset-db:worker-init: initEngine start:24.47MB, end 77.78MB, increase: 53.31MB
2024-10-16 23:03:50-debug: [Assets Memory track]: asset-db:worker-init: initPlugin start:77.79MB, end 208.48MB, increase: 130.70MB
2024-10-16 23:03:50-debug: [Assets Memory track]: asset-db-plugin-register: engine-extends start:205.13MB, end 208.40MB, increase: 3.27MB
2024-10-16 23:03:50-debug: [Assets Memory track]: asset-db-plugin-register: project start:78.40MB, end 208.46MB, increase: 130.06MB
2024-10-16 23:03:50-debug: asset-db:worker-init: initPlugin (2218ms)
2024-10-16 23:03:50-debug: Run asset db hook programming:beforePreStart success!
2024-10-16 23:03:50-debug: [Assets Memory track]: asset-db:worker-init start:24.46MB, end 203.36MB, increase: 178.90MB
2024-10-16 23:03:50-debug: Run asset db hook engine-extends:beforePreStart ...
2024-10-16 23:03:50-debug: Run asset db hook programming:beforePreStart ...
2024-10-16 23:03:50-debug: Run asset db hook engine-extends:beforePreStart success!
2024-10-16 23:03:51-debug: asset-db:worker-init (4716ms)
2024-10-16 23:03:51-debug: asset-db-hook-programming-beforePreStart (244ms)
2024-10-16 23:03:51-debug: asset-db-hook-engine-extends-beforePreStart (243ms)
2024-10-16 23:03:51-debug: Preimport db internal success
2024-10-16 23:03:51-debug: Preimport db assets success
2024-10-16 23:03:51-debug: Run asset db hook programming:afterPreStart ...
2024-10-16 23:03:51-debug: starting packer-driver...
2024-10-16 23:03:52-debug: initialize scripting environment...
2024-10-16 23:03:52-debug: Run asset db hook programming:afterPreStart success!
2024-10-16 23:03:52-debug: Run asset db hook engine-extends:afterPreStart success!
2024-10-16 23:03:52-debug: Set detail map pack:///resolution-detail-map.json: {}
2024-10-16 23:03:52-debug: Run asset db hook engine-extends:afterPreStart ...
2024-10-16 23:03:52-debug: [Assets Memory track]: asset-db:worker-init: preStart start:203.36MB, end 208.58MB, increase: 5.22MB
2024-10-16 23:03:52-debug: Start up the 'internal' database...
2024-10-16 23:03:52-debug: asset-db:worker-effect-data-processing (405ms)
2024-10-16 23:03:52-debug: asset-db-hook-engine-extends-afterPreStart (405ms)
2024-10-16 23:03:52-debug: asset-db-hook-programming-afterPreStart (1430ms)
2024-10-16 23:03:52-debug: Start up the 'assets' database...
2024-10-16 23:03:52-debug: [Assets Memory track]: asset-db:worker-startup-database[internal] start:203.41MB, end 218.46MB, increase: 15.05MB
2024-10-16 23:03:52-debug: asset-db:worker-startup-database[internal] (2075ms)
2024-10-16 23:03:53-debug: [Assets Memory track]: asset-db:worker-startup-database[assets] start:208.85MB, end 222.80MB, increase: 13.95MB
2024-10-16 23:03:53-debug: lazy register asset handler *
2024-10-16 23:03:53-debug: [Assets Memory track]: asset-db:worker-init: startup start:208.58MB, end 222.81MB, increase: 14.22MB
2024-10-16 23:03:53-debug: lazy register asset handler directory
2024-10-16 23:03:53-debug: lazy register asset handler text
2024-10-16 23:03:53-debug: lazy register asset handler json
2024-10-16 23:03:53-debug: lazy register asset handler spine-data
2024-10-16 23:03:53-debug: lazy register asset handler dragonbones-atlas
2024-10-16 23:03:53-debug: lazy register asset handler dragonbones
2024-10-16 23:03:53-debug: lazy register asset handler terrain
2024-10-16 23:03:53-debug: lazy register asset handler javascript
2024-10-16 23:03:53-debug: lazy register asset handler typescript
2024-10-16 23:03:53-debug: lazy register asset handler sprite-frame
2024-10-16 23:03:53-debug: lazy register asset handler scene
2024-10-16 23:03:53-debug: lazy register asset handler prefab
2024-10-16 23:03:53-debug: lazy register asset handler tiled-map
2024-10-16 23:03:53-debug: lazy register asset handler image
2024-10-16 23:03:53-debug: lazy register asset handler sign-image
2024-10-16 23:03:53-debug: lazy register asset handler alpha-image
2024-10-16 23:03:53-debug: lazy register asset handler texture-cube
2024-10-16 23:03:53-debug: lazy register asset handler texture
2024-10-16 23:03:53-debug: lazy register asset handler erp-texture-cube
2024-10-16 23:03:53-debug: lazy register asset handler render-texture
2024-10-16 23:03:53-debug: lazy register asset handler rt-sprite-frame
2024-10-16 23:03:53-debug: lazy register asset handler texture-cube-face
2024-10-16 23:03:53-debug: lazy register asset handler buffer
2024-10-16 23:03:53-debug: lazy register asset handler gltf-mesh
2024-10-16 23:03:53-debug: lazy register asset handler gltf
2024-10-16 23:03:53-debug: lazy register asset handler gltf-animation
2024-10-16 23:03:53-debug: lazy register asset handler gltf-material
2024-10-16 23:03:53-debug: lazy register asset handler gltf-scene
2024-10-16 23:03:53-debug: lazy register asset handler gltf-skeleton
2024-10-16 23:03:53-debug: lazy register asset handler gltf-embeded-image
2024-10-16 23:03:53-debug: lazy register asset handler material
2024-10-16 23:03:53-debug: lazy register asset handler fbx
2024-10-16 23:03:53-debug: lazy register asset handler physics-material
2024-10-16 23:03:53-debug: lazy register asset handler effect-header
2024-10-16 23:03:53-debug: lazy register asset handler effect
2024-10-16 23:03:53-debug: lazy register asset handler audio-clip
2024-10-16 23:03:53-debug: lazy register asset handler animation-clip
2024-10-16 23:03:53-debug: lazy register asset handler animation-graph
2024-10-16 23:03:53-debug: lazy register asset handler animation-graph-variant
2024-10-16 23:03:53-debug: lazy register asset handler bitmap-font
2024-10-16 23:03:53-debug: lazy register asset handler ttf-font
2024-10-16 23:03:53-debug: lazy register asset handler animation-mask
2024-10-16 23:03:53-debug: lazy register asset handler sprite-atlas
2024-10-16 23:03:53-debug: lazy register asset handler particle
2024-10-16 23:03:53-debug: lazy register asset handler auto-atlas
2024-10-16 23:03:53-debug: lazy register asset handler render-pipeline
2024-10-16 23:03:53-debug: lazy register asset handler label-atlas
2024-10-16 23:03:53-debug: lazy register asset handler render-stage
2024-10-16 23:03:53-debug: lazy register asset handler instantiation-material
2024-10-16 23:03:53-debug: lazy register asset handler render-flow
2024-10-16 23:03:53-debug: lazy register asset handler instantiation-mesh
2024-10-16 23:03:53-debug: lazy register asset handler instantiation-animation
2024-10-16 23:03:53-debug: lazy register asset handler instantiation-skeleton
2024-10-16 23:03:53-debug: lazy register asset handler video-clip
2024-10-16 23:03:53-debug: asset-db:worker-startup-database[assets] (1927ms)
2024-10-16 23:03:53-debug: asset-db:start-database (2257ms)
2024-10-16 23:03:53-debug: asset-db:ready (9825ms)
2024-10-16 23:03:53-debug: init worker message success
2024-10-16 23:03:53-debug: programming:execute-script (6ms)
2024-10-16 23:03:53-debug: [Build Memory track]: builder:worker-init start:222.31MB, end 233.04MB, increase: 10.73MB
2024-10-16 23:03:53-debug: builder:worker-init (783ms)
2024-10-16 23:10:27-debug: refresh db internal success
2024-10-16 23:10:27-debug: Run asset db hook engine-extends:afterRefresh ...
2024-10-16 23:10:27-debug: Run asset db hook engine-extends:afterRefresh success!
2024-10-16 23:10:27-debug: refresh db assets success
2024-10-16 23:10:27-debug: asset-db:refresh-all-database (444ms)
2024-10-16 23:10:27-debug: asset-db:worker-effect-data-processing (1ms)
2024-10-16 23:10:27-debug: asset-db-hook-engine-extends-afterRefresh (2ms)
2024-10-16 23:10:29-debug: Query all assets info in project
2024-10-16 23:10:29-debug: init custom config: keepNodeUuid: false, useCache: true
2024-10-16 23:10:29-debug: Query asset bundle start, progress: 0%
2024-10-16 23:10:29-debug: // ---- build task Query asset bundle ----
2024-10-16 23:10:29-debug:   Number of all scripts: 41
2024-10-16 23:10:29-debug: Query preload assets from cc.config.json: 60f7195c-ec2a-45eb-ba94-8955f60e81d0,1c02ae6f-4492-4915-b8f8-7492a3b1e4cd,810e96e4-e456-4468-9b59-f4e8f39732c0,efe8e2a3-eace-427b-b4f1-cb8a937ec77d,e9aa9a3e-5b2b-4ac7-a2c7-073de2b2b24f,8bbdbcdd-5cd4-4100-b6d5-b7c9625b6107,50f4348b-c883-4e2f-8f11-ce233b859fa1,fda095cb-831d-4601-ad94-846013963de8,f92806d7-1768-443f-afe8-12bcde84d0f0,dd3a144d-ab7f-41f0-82b8-2e43a090d496,f0416e68-0200-4b77-a926-4f9d16e494da,970b0598-bcb0-4714-91fb-2e81440dccd8,bcd64cc6-2dd9-43f6-abbe-66318d332032,d930590d-bb92-4cc8-8bd1-23cd027f9edf,a3cd009f-0ab0-420d-9278-b9fdab939bbc,c27215d8-6835-4b68-bfbb-bdeac6100c04,b5d6115f-0370-4d7c-aad3-c194cc71cf98,871c3b6c-7379-419d-bda3-794b239ab90d
2024-10-16 23:10:29-debug:   Number of all scenes: 1
2024-10-16 23:10:29-debug:   Number of other assets: 1161
2024-10-16 23:10:29-debug: [Build Memory track]: Query asset bundle start:170.78MB, end 171.10MB, increase: 323.47KB
2024-10-16 23:10:29-debug: run build task Query asset bundle success in 54 ms√, progress: 5%
2024-10-16 23:10:29-debug: Query asset bundle start, progress: 5%
2024-10-16 23:10:29-debug: // ---- build task Query asset bundle ---- (54ms)
2024-10-16 23:10:29-debug: // ---- build task Query asset bundle ----
2024-10-16 23:10:29-debug: run build task Query asset bundle success in 6 ms√, progress: 10%
2024-10-16 23:10:29-debug: [Build Memory track]: Query asset bundle start:171.11MB, end 171.30MB, increase: 194.77KB
2024-10-16 23:10:29-debug: Sort some build options to settings.json start, progress: 10%
2024-10-16 23:10:29-debug: // ---- build task Query asset bundle ---- (6ms)
2024-10-16 23:10:29-debug: // ---- build task Sort some build options to settings.json ----
2024-10-16 23:10:29-debug: // ---- build task Sort some build options to settings.json ---- (1ms)
2024-10-16 23:10:29-debug: [Build Memory track]: Sort some build options to settings.json start:171.32MB, end 171.34MB, increase: 20.05KB
2024-10-16 23:10:29-debug: run build task Sort some build options to settings.json success in 1 ms√, progress: 12%
2024-10-16 23:10:29-debug: Fill script data to settings start, progress: 12%
2024-10-16 23:10:29-debug: // ---- build task Fill script data to settings ----
2024-10-16 23:10:29-debug: // ---- build task Fill script data to settings ---- (2ms)
2024-10-16 23:10:29-debug: Sort some build options to settings.json start, progress: 13%
2024-10-16 23:10:29-debug: [Build Memory track]: Fill script data to settings start:171.35MB, end 171.37MB, increase: 14.36KB
2024-10-16 23:10:29-debug: run build task Fill script data to settings success in 2 ms√, progress: 13%
2024-10-16 23:10:29-debug: // ---- build task Sort some build options to settings.json ----
2024-10-16 23:10:29-debug: // ---- build task Sort some build options to settings.json ---- (10ms)
2024-10-16 23:10:29-debug: run build task Sort some build options to settings.json success in 10 ms√, progress: 15%
2024-10-16 23:10:29-debug: [Build Memory track]: Sort some build options to settings.json start:171.38MB, end 169.82MB, increase: -1599.63KB
2024-10-17 00:01:05-debug: refresh db internal success
2024-10-17 00:01:05-debug: refresh db assets success
2024-10-17 00:01:05-debug: Run asset db hook engine-extends:afterRefresh ...
2024-10-17 00:01:05-debug: Run asset db hook engine-extends:afterRefresh success!
2024-10-17 00:01:05-debug: asset-db:refresh-all-database (443ms)
2024-10-17 00:01:05-debug: asset-db:worker-effect-data-processing (2ms)
2024-10-17 00:01:05-debug: asset-db-hook-engine-extends-afterRefresh (2ms)
