2024-11-14 07:58:05-log: Cannot access game frame or container.
2024-11-14 07:58:06-debug: asset-db:require-engine-code (1578ms)
2024-11-14 07:58:07-log: meshopt wasm decoder initialized
2024-11-14 07:58:07-log: [bullet]:bullet wasm lib loaded.
2024-11-14 07:58:07-log: [box2d]:box2d wasm lib loaded.
2024-11-14 07:58:07-log: Cocos Creator v3.8.3
2024-11-14 07:58:07-debug: [Assets Memory track]: asset-db-plugin-register: programming start:78.48MB, end 81.95MB, increase: 3.47MB
2024-11-14 07:58:09-debug: [Assets Memory track]: asset-db-plugin-register: builder start:81.97MB, end 204.68MB, increase: 122.71MB
2024-11-14 07:58:07-debug: [Assets Memory track]: asset-db:worker-init: initEngine start:24.57MB, end 77.70MB, increase: 53.13MB
2024-11-14 07:58:09-debug: [Assets Memory track]: asset-db:worker-init: initPlugin start:77.71MB, end 208.19MB, increase: 130.49MB
2024-11-14 07:58:09-debug: [Assets Memory track]: asset-db-plugin-register: project start:78.34MB, end 208.17MB, increase: 129.83MB
2024-11-14 07:58:09-debug: [Assets Memory track]: asset-db-plugin-register: engine-extends start:204.90MB, end 208.11MB, increase: 3.21MB
2024-11-14 07:58:09-debug: asset-db:worker-init: initPlugin (2270ms)
2024-11-14 07:58:09-debug: Run asset db hook programming:beforePreStart ...
2024-11-14 07:58:09-debug: [Assets Memory track]: asset-db:worker-init start:24.56MB, end 203.26MB, increase: 178.70MB
2024-11-14 07:58:09-debug: Run asset db hook programming:beforePreStart success!
2024-11-14 07:58:09-debug: Run asset db hook engine-extends:beforePreStart ...
2024-11-14 07:58:09-debug: Run asset db hook engine-extends:beforePreStart success!
2024-11-14 07:58:10-debug: asset-db:worker-init (5057ms)
2024-11-14 07:58:10-debug: asset-db-hook-programming-beforePreStart (337ms)
2024-11-14 07:58:10-debug: asset-db-hook-engine-extends-beforePreStart (336ms)
2024-11-14 07:58:10-debug: Preimport db internal success
2024-11-14 07:58:10-debug: %cImport%c: E:\git\Cramped_Room_Of_Death\assets\scriptsbackground: #aaff85; color: #000;color: #000;
2024-11-14 07:58:10-debug: %cImport%c: E:\git\Cramped_Room_Of_Death\assets\scripts\spikesbackground: #aaff85; color: #000;color: #000;
2024-11-14 07:58:10-debug: %cImport%c: E:\git\Cramped_Room_Of_Death\assets\scripts\spikes\SpikeSubStateMachine.tsbackground: #aaff85; color: #000;color: #000;
2024-11-14 07:58:10-debug: %cImport%c: E:\git\Cramped_Room_Of_Death\assets\scripts\spikes\SpikeManager.tsbackground: #aaff85; color: #000;color: #000;
2024-11-14 07:58:10-debug: %cImport%c: E:\git\Cramped_Room_Of_Death\assets\scripts\spikes\SpikeStateMachine.tsbackground: #aaff85; color: #000;color: #000;
2024-11-14 07:58:10-debug: Preimport db assets success
2024-11-14 07:58:10-debug: Run asset db hook programming:afterPreStart ...
2024-11-14 07:58:10-debug: starting packer-driver...
2024-11-14 07:58:11-debug: initialize scripting environment...
2024-11-14 07:58:11-debug: Run asset db hook engine-extends:afterPreStart success!
2024-11-14 07:58:11-debug: Run asset db hook programming:afterPreStart success!
2024-11-14 07:58:11-debug: Set detail map pack:///resolution-detail-map.json: {}
2024-11-14 07:58:11-debug: Run asset db hook engine-extends:afterPreStart ...
2024-11-14 07:58:11-debug: [Assets Memory track]: asset-db:worker-init: preStart start:203.27MB, end 211.40MB, increase: 8.13MB
2024-11-14 07:58:11-debug: Start up the 'internal' database...
2024-11-14 07:58:12-debug: asset-db-hook-programming-afterPreStart (1775ms)
2024-11-14 07:58:12-debug: asset-db:worker-effect-data-processing (444ms)
2024-11-14 07:58:12-debug: asset-db-hook-engine-extends-afterPreStart (445ms)
2024-11-14 07:58:12-debug: [Assets Memory track]: asset-db:worker-startup-database[internal] start:203.32MB, end 222.86MB, increase: 19.55MB
2024-11-14 07:58:12-debug: Start up the 'assets' database...
2024-11-14 07:58:12-debug: asset-db:worker-startup-database[internal] (2729ms)
2024-11-14 07:58:12-debug: [Assets Memory track]: asset-db:worker-startup-database[assets] start:208.83MB, end 222.39MB, increase: 13.57MB
2024-11-14 07:58:12-debug: lazy register asset handler directory
2024-11-14 07:58:12-debug: [Assets Memory track]: asset-db:worker-init: startup start:211.41MB, end 222.40MB, increase: 10.99MB
2024-11-14 07:58:12-debug: lazy register asset handler text
2024-11-14 07:58:12-debug: lazy register asset handler *
2024-11-14 07:58:12-debug: lazy register asset handler json
2024-11-14 07:58:12-debug: lazy register asset handler dragonbones
2024-11-14 07:58:12-debug: lazy register asset handler spine-data
2024-11-14 07:58:12-debug: lazy register asset handler dragonbones-atlas
2024-11-14 07:58:12-debug: lazy register asset handler javascript
2024-11-14 07:58:12-debug: lazy register asset handler terrain
2024-11-14 07:58:12-debug: lazy register asset handler typescript
2024-11-14 07:58:12-debug: lazy register asset handler prefab
2024-11-14 07:58:12-debug: lazy register asset handler sprite-frame
2024-11-14 07:58:12-debug: lazy register asset handler scene
2024-11-14 07:58:12-debug: lazy register asset handler tiled-map
2024-11-14 07:58:12-debug: lazy register asset handler buffer
2024-11-14 07:58:12-debug: lazy register asset handler image
2024-11-14 07:58:12-debug: lazy register asset handler sign-image
2024-11-14 07:58:12-debug: lazy register asset handler alpha-image
2024-11-14 07:58:12-debug: lazy register asset handler texture-cube
2024-11-14 07:58:12-debug: lazy register asset handler texture
2024-11-14 07:58:12-debug: lazy register asset handler erp-texture-cube
2024-11-14 07:58:12-debug: lazy register asset handler texture-cube-face
2024-11-14 07:58:12-debug: lazy register asset handler render-texture
2024-11-14 07:58:12-debug: lazy register asset handler rt-sprite-frame
2024-11-14 07:58:12-debug: lazy register asset handler gltf-mesh
2024-11-14 07:58:12-debug: lazy register asset handler gltf
2024-11-14 07:58:12-debug: lazy register asset handler gltf-animation
2024-11-14 07:58:12-debug: lazy register asset handler gltf-skeleton
2024-11-14 07:58:12-debug: lazy register asset handler gltf-material
2024-11-14 07:58:12-debug: lazy register asset handler gltf-scene
2024-11-14 07:58:12-debug: lazy register asset handler gltf-embeded-image
2024-11-14 07:58:12-debug: lazy register asset handler fbx
2024-11-14 07:58:12-debug: lazy register asset handler material
2024-11-14 07:58:12-debug: lazy register asset handler physics-material
2024-11-14 07:58:12-debug: lazy register asset handler effect
2024-11-14 07:58:12-debug: lazy register asset handler audio-clip
2024-11-14 07:58:12-debug: lazy register asset handler effect-header
2024-11-14 07:58:12-debug: lazy register asset handler animation-clip
2024-11-14 07:58:12-debug: lazy register asset handler animation-graph-variant
2024-11-14 07:58:12-debug: lazy register asset handler animation-graph
2024-11-14 07:58:12-debug: lazy register asset handler animation-mask
2024-11-14 07:58:12-debug: lazy register asset handler ttf-font
2024-11-14 07:58:12-debug: lazy register asset handler bitmap-font
2024-11-14 07:58:12-debug: lazy register asset handler particle
2024-11-14 07:58:12-debug: lazy register asset handler sprite-atlas
2024-11-14 07:58:12-debug: lazy register asset handler label-atlas
2024-11-14 07:58:12-debug: lazy register asset handler auto-atlas
2024-11-14 07:58:12-debug: lazy register asset handler render-pipeline
2024-11-14 07:58:12-debug: lazy register asset handler render-stage
2024-11-14 07:58:12-debug: lazy register asset handler render-flow
2024-11-14 07:58:12-debug: lazy register asset handler instantiation-material
2024-11-14 07:58:12-debug: lazy register asset handler instantiation-mesh
2024-11-14 07:58:12-debug: lazy register asset handler instantiation-skeleton
2024-11-14 07:58:12-debug: lazy register asset handler instantiation-animation
2024-11-14 07:58:12-debug: lazy register asset handler video-clip
2024-11-14 07:58:12-debug: asset-db:worker-startup-database[assets] (2487ms)
2024-11-14 07:58:12-debug: asset-db:start-database (2955ms)
2024-11-14 07:58:12-debug: init worker message success
2024-11-14 07:58:12-debug: asset-db:ready (11943ms)
2024-11-14 07:58:12-debug: programming:execute-script (5ms)
2024-11-14 07:58:13-debug: [Build Memory track]: builder:worker-init start:222.18MB, end 233.03MB, increase: 10.86MB
2024-11-14 07:58:13-debug: builder:worker-init (851ms)
2024-11-14 07:59:09-debug: Query all assets info in project
2024-11-14 07:59:09-debug: init custom config: keepNodeUuid: false, useCache: true
2024-11-14 07:59:09-debug: Query asset bundle start, progress: 0%
2024-11-14 07:59:09-debug: // ---- build task Query asset bundle ----
2024-11-14 07:59:09-debug:   Number of all scenes: 1
2024-11-14 07:59:09-debug: Query preload assets from cc.config.json: 60f7195c-ec2a-45eb-ba94-8955f60e81d0,1c02ae6f-4492-4915-b8f8-7492a3b1e4cd,810e96e4-e456-4468-9b59-f4e8f39732c0,efe8e2a3-eace-427b-b4f1-cb8a937ec77d,e9aa9a3e-5b2b-4ac7-a2c7-073de2b2b24f,8bbdbcdd-5cd4-4100-b6d5-b7c9625b6107,50f4348b-c883-4e2f-8f11-ce233b859fa1,fda095cb-831d-4601-ad94-846013963de8,f92806d7-1768-443f-afe8-12bcde84d0f0,dd3a144d-ab7f-41f0-82b8-2e43a090d496,f0416e68-0200-4b77-a926-4f9d16e494da,970b0598-bcb0-4714-91fb-2e81440dccd8,bcd64cc6-2dd9-43f6-abbe-66318d332032,d930590d-bb92-4cc8-8bd1-23cd027f9edf,a3cd009f-0ab0-420d-9278-b9fdab939bbc,c27215d8-6835-4b68-bfbb-bdeac6100c04,b5d6115f-0370-4d7c-aad3-c194cc71cf98,871c3b6c-7379-419d-bda3-794b239ab90d
2024-11-14 07:59:09-debug:   Number of all scripts: 52
2024-11-14 07:59:09-debug:   Number of other assets: 1161
2024-11-14 07:59:09-debug: // ---- build task Query asset bundle ---- (61ms)
2024-11-14 07:59:09-debug: run build task Query asset bundle success in 61 ms√, progress: 5%
2024-11-14 07:59:09-debug: [Build Memory track]: Query asset bundle start:167.04MB, end 167.82MB, increase: 795.34KB
2024-11-14 07:59:09-debug: // ---- build task Query asset bundle ----
2024-11-14 07:59:09-debug: Query asset bundle start, progress: 5%
2024-11-14 07:59:09-debug: // ---- build task Query asset bundle ---- (4ms)
2024-11-14 07:59:09-debug: run build task Query asset bundle success in 4 ms√, progress: 10%
2024-11-14 07:59:09-debug: [Build Memory track]: Query asset bundle start:167.83MB, end 168.03MB, increase: 199.12KB
2024-11-14 07:59:09-debug: Sort some build options to settings.json start, progress: 10%
2024-11-14 07:59:09-debug: // ---- build task Sort some build options to settings.json ----
2024-11-14 07:59:09-debug: [Build Memory track]: Sort some build options to settings.json start:168.04MB, end 168.06MB, increase: 16.30KB
2024-11-14 07:59:09-debug: // ---- build task Sort some build options to settings.json ---- (1ms)
2024-11-14 07:59:09-debug: run build task Sort some build options to settings.json success in 1 ms√, progress: 12%
2024-11-14 07:59:09-debug: Fill script data to settings start, progress: 12%
2024-11-14 07:59:09-debug: // ---- build task Fill script data to settings ----
2024-11-14 07:59:09-debug: // ---- build task Fill script data to settings ---- (1ms)
2024-11-14 07:59:09-debug: run build task Fill script data to settings success in 1 ms√, progress: 13%
2024-11-14 07:59:09-debug: [Build Memory track]: Fill script data to settings start:168.07MB, end 168.09MB, increase: 15.81KB
2024-11-14 07:59:09-debug: Sort some build options to settings.json start, progress: 13%
2024-11-14 07:59:09-debug: // ---- build task Sort some build options to settings.json ----
2024-11-14 07:59:09-debug: [Build Memory track]: Sort some build options to settings.json start:168.10MB, end 168.23MB, increase: 132.58KB
2024-11-14 07:59:09-debug: run build task Sort some build options to settings.json success in 5 ms√, progress: 15%
2024-11-14 07:59:09-debug: // ---- build task Sort some build options to settings.json ---- (5ms)
2024-11-14 07:59:45-debug: Query all assets info in project
2024-11-14 07:59:45-debug: init custom config: keepNodeUuid: false, useCache: true
2024-11-14 07:59:45-debug: Query asset bundle start, progress: 0%
2024-11-14 07:59:45-debug: // ---- build task Query asset bundle ----
2024-11-14 07:59:45-debug:   Number of all scripts: 52
2024-11-14 07:59:45-debug: Query preload assets from cc.config.json: 60f7195c-ec2a-45eb-ba94-8955f60e81d0,1c02ae6f-4492-4915-b8f8-7492a3b1e4cd,810e96e4-e456-4468-9b59-f4e8f39732c0,efe8e2a3-eace-427b-b4f1-cb8a937ec77d,e9aa9a3e-5b2b-4ac7-a2c7-073de2b2b24f,8bbdbcdd-5cd4-4100-b6d5-b7c9625b6107,50f4348b-c883-4e2f-8f11-ce233b859fa1,fda095cb-831d-4601-ad94-846013963de8,f92806d7-1768-443f-afe8-12bcde84d0f0,dd3a144d-ab7f-41f0-82b8-2e43a090d496,f0416e68-0200-4b77-a926-4f9d16e494da,970b0598-bcb0-4714-91fb-2e81440dccd8,bcd64cc6-2dd9-43f6-abbe-66318d332032,d930590d-bb92-4cc8-8bd1-23cd027f9edf,a3cd009f-0ab0-420d-9278-b9fdab939bbc,c27215d8-6835-4b68-bfbb-bdeac6100c04,b5d6115f-0370-4d7c-aad3-c194cc71cf98,871c3b6c-7379-419d-bda3-794b239ab90d
2024-11-14 07:59:45-debug:   Number of all scenes: 1
2024-11-14 07:59:45-debug:   Number of other assets: 1161
2024-11-14 07:59:45-debug: // ---- build task Query asset bundle ---- (36ms)
2024-11-14 07:59:45-debug: run build task Query asset bundle success in 36 ms√, progress: 5%
2024-11-14 07:59:45-debug: [Build Memory track]: Query asset bundle start:169.01MB, end 169.47MB, increase: 471.05KB
2024-11-14 07:59:45-debug: Query asset bundle start, progress: 5%
2024-11-14 07:59:45-debug: // ---- build task Query asset bundle ----
2024-11-14 07:59:45-debug: // ---- build task Query asset bundle ---- (4ms)
2024-11-14 07:59:45-debug: Sort some build options to settings.json start, progress: 10%
2024-11-14 07:59:45-debug: [Build Memory track]: Query asset bundle start:169.48MB, end 169.67MB, increase: 195.70KB
2024-11-14 07:59:45-debug: run build task Query asset bundle success in 4 ms√, progress: 10%
2024-11-14 07:59:45-debug: // ---- build task Sort some build options to settings.json ----
2024-11-14 07:59:45-debug: run build task Sort some build options to settings.json success in 1 ms√, progress: 12%
2024-11-14 07:59:45-debug: [Build Memory track]: Sort some build options to settings.json start:169.69MB, end 169.72MB, increase: 35.43KB
2024-11-14 07:59:45-debug: // ---- build task Fill script data to settings ----
2024-11-14 07:59:45-debug: // ---- build task Sort some build options to settings.json ---- (1ms)
2024-11-14 07:59:45-debug: Fill script data to settings start, progress: 12%
2024-11-14 07:59:45-debug: // ---- build task Fill script data to settings ---- (1ms)
2024-11-14 07:59:45-debug: run build task Fill script data to settings success in 1 ms√, progress: 13%
2024-11-14 07:59:45-debug: [Build Memory track]: Fill script data to settings start:169.73MB, end 169.75MB, increase: 16.82KB
2024-11-14 07:59:45-debug: Sort some build options to settings.json start, progress: 13%
2024-11-14 07:59:45-debug: // ---- build task Sort some build options to settings.json ----
2024-11-14 07:59:45-debug: // ---- build task Sort some build options to settings.json ---- (3ms)
2024-11-14 07:59:45-debug: run build task Sort some build options to settings.json success in 3 ms√, progress: 15%
2024-11-14 07:59:45-debug: [Build Memory track]: Sort some build options to settings.json start:169.76MB, end 169.89MB, increase: 123.06KB
2024-11-14 08:00:01-debug: Query all assets info in project
2024-11-14 08:00:01-debug: init custom config: keepNodeUuid: false, useCache: true
2024-11-14 08:00:01-debug: Query asset bundle start, progress: 0%
2024-11-14 08:00:01-debug: // ---- build task Query asset bundle ----
2024-11-14 08:00:01-debug:   Number of all scripts: 52
2024-11-14 08:00:01-debug: Query preload assets from cc.config.json: 60f7195c-ec2a-45eb-ba94-8955f60e81d0,1c02ae6f-4492-4915-b8f8-7492a3b1e4cd,810e96e4-e456-4468-9b59-f4e8f39732c0,efe8e2a3-eace-427b-b4f1-cb8a937ec77d,e9aa9a3e-5b2b-4ac7-a2c7-073de2b2b24f,8bbdbcdd-5cd4-4100-b6d5-b7c9625b6107,50f4348b-c883-4e2f-8f11-ce233b859fa1,fda095cb-831d-4601-ad94-846013963de8,f92806d7-1768-443f-afe8-12bcde84d0f0,dd3a144d-ab7f-41f0-82b8-2e43a090d496,f0416e68-0200-4b77-a926-4f9d16e494da,970b0598-bcb0-4714-91fb-2e81440dccd8,bcd64cc6-2dd9-43f6-abbe-66318d332032,d930590d-bb92-4cc8-8bd1-23cd027f9edf,a3cd009f-0ab0-420d-9278-b9fdab939bbc,c27215d8-6835-4b68-bfbb-bdeac6100c04,b5d6115f-0370-4d7c-aad3-c194cc71cf98,871c3b6c-7379-419d-bda3-794b239ab90d
2024-11-14 08:00:01-debug:   Number of other assets: 1161
2024-11-14 08:00:01-debug:   Number of all scenes: 1
2024-11-14 08:00:01-debug: run build task Query asset bundle success in 71 ms√, progress: 5%
2024-11-14 08:00:01-debug: [Build Memory track]: Query asset bundle start:170.51MB, end 171.98MB, increase: 1.47MB
2024-11-14 08:00:01-debug: Query asset bundle start, progress: 5%
2024-11-14 08:00:01-debug: // ---- build task Query asset bundle ----
2024-11-14 08:00:01-debug: // ---- build task Query asset bundle ---- (71ms)
2024-11-14 08:00:01-debug: run build task Query asset bundle success in 5 ms√, progress: 10%
2024-11-14 08:00:01-debug: [Build Memory track]: Query asset bundle start:172.00MB, end 172.19MB, increase: 194.19KB
2024-11-14 08:00:01-debug: // ---- build task Query asset bundle ---- (5ms)
2024-11-14 08:00:01-debug: Sort some build options to settings.json start, progress: 10%
2024-11-14 08:00:01-debug: // ---- build task Sort some build options to settings.json ----
2024-11-14 08:00:01-debug: [Build Memory track]: Sort some build options to settings.json start:172.20MB, end 172.22MB, increase: 16.28KB
2024-11-14 08:00:01-debug: Fill script data to settings start, progress: 12%
2024-11-14 08:00:01-debug: run build task Sort some build options to settings.json success in 1 ms√, progress: 12%
2024-11-14 08:00:01-debug: // ---- build task Fill script data to settings ----
2024-11-14 08:00:01-debug: // ---- build task Sort some build options to settings.json ---- (1ms)
2024-11-14 08:00:01-debug: // ---- build task Fill script data to settings ---- (1ms)
2024-11-14 08:00:01-debug: run build task Fill script data to settings success in 1 ms√, progress: 13%
2024-11-14 08:00:01-debug: [Build Memory track]: Fill script data to settings start:172.23MB, end 172.25MB, increase: 15.77KB
2024-11-14 08:00:01-debug: Sort some build options to settings.json start, progress: 13%
2024-11-14 08:00:01-debug: // ---- build task Sort some build options to settings.json ----
2024-11-14 08:00:01-debug: // ---- build task Sort some build options to settings.json ---- (7ms)
2024-11-14 08:00:01-debug: [Build Memory track]: Sort some build options to settings.json start:172.26MB, end 171.66MB, increase: -618.98KB
2024-11-14 08:00:01-debug: run build task Sort some build options to settings.json success in 7 ms√, progress: 15%
2024-11-14 08:00:30-debug: Query all assets info in project
2024-11-14 08:00:30-debug: init custom config: keepNodeUuid: false, useCache: true
2024-11-14 08:00:30-debug: Query asset bundle start, progress: 0%
2024-11-14 08:00:30-debug: // ---- build task Query asset bundle ----
2024-11-14 08:00:30-debug: Query preload assets from cc.config.json: 60f7195c-ec2a-45eb-ba94-8955f60e81d0,1c02ae6f-4492-4915-b8f8-7492a3b1e4cd,810e96e4-e456-4468-9b59-f4e8f39732c0,efe8e2a3-eace-427b-b4f1-cb8a937ec77d,e9aa9a3e-5b2b-4ac7-a2c7-073de2b2b24f,8bbdbcdd-5cd4-4100-b6d5-b7c9625b6107,50f4348b-c883-4e2f-8f11-ce233b859fa1,fda095cb-831d-4601-ad94-846013963de8,f92806d7-1768-443f-afe8-12bcde84d0f0,dd3a144d-ab7f-41f0-82b8-2e43a090d496,f0416e68-0200-4b77-a926-4f9d16e494da,970b0598-bcb0-4714-91fb-2e81440dccd8,bcd64cc6-2dd9-43f6-abbe-66318d332032,d930590d-bb92-4cc8-8bd1-23cd027f9edf,a3cd009f-0ab0-420d-9278-b9fdab939bbc,c27215d8-6835-4b68-bfbb-bdeac6100c04,b5d6115f-0370-4d7c-aad3-c194cc71cf98,871c3b6c-7379-419d-bda3-794b239ab90d
2024-11-14 08:00:30-debug:   Number of other assets: 1161
2024-11-14 08:00:30-debug:   Number of all scenes: 1
2024-11-14 08:00:30-debug:   Number of all scripts: 52
2024-11-14 08:00:30-debug: // ---- build task Query asset bundle ---- (29ms)
2024-11-14 08:00:30-debug: run build task Query asset bundle success in 29 ms√, progress: 5%
2024-11-14 08:00:30-debug: [Build Memory track]: Query asset bundle start:172.28MB, end 173.51MB, increase: 1.23MB
2024-11-14 08:00:30-debug: // ---- build task Query asset bundle ----
2024-11-14 08:00:30-debug: Query asset bundle start, progress: 5%
2024-11-14 08:00:30-debug: // ---- build task Query asset bundle ---- (4ms)
2024-11-14 08:00:30-debug: run build task Query asset bundle success in 4 ms√, progress: 10%
2024-11-14 08:00:30-debug: Sort some build options to settings.json start, progress: 10%
2024-11-14 08:00:30-debug: [Build Memory track]: Query asset bundle start:173.52MB, end 173.71MB, increase: 194.46KB
2024-11-14 08:00:30-debug: // ---- build task Sort some build options to settings.json ----
2024-11-14 08:00:30-debug: // ---- build task Sort some build options to settings.json ---- (1ms)
2024-11-14 08:00:30-debug: run build task Sort some build options to settings.json success in 1 ms√, progress: 12%
2024-11-14 08:00:30-debug: Fill script data to settings start, progress: 12%
2024-11-14 08:00:30-debug: [Build Memory track]: Sort some build options to settings.json start:173.72MB, end 173.74MB, increase: 15.29KB
2024-11-14 08:00:30-debug: // ---- build task Fill script data to settings ----
2024-11-14 08:00:30-debug: // ---- build task Fill script data to settings ---- (1ms)
2024-11-14 08:00:30-debug: run build task Fill script data to settings success in 1 ms√, progress: 13%
2024-11-14 08:00:30-debug: [Build Memory track]: Fill script data to settings start:173.75MB, end 173.77MB, increase: 18.82KB
2024-11-14 08:00:30-debug: Sort some build options to settings.json start, progress: 13%
2024-11-14 08:00:30-debug: // ---- build task Sort some build options to settings.json ----
2024-11-14 08:00:30-debug: // ---- build task Sort some build options to settings.json ---- (3ms)
2024-11-14 08:00:30-debug: [Build Memory track]: Sort some build options to settings.json start:173.79MB, end 173.92MB, increase: 136.61KB
2024-11-14 08:00:30-debug: run build task Sort some build options to settings.json success in 3 ms√, progress: 15%
2024-11-14 08:00:41-debug: refresh db internal success
2024-11-14 08:00:41-debug: Run asset db hook engine-extends:afterRefresh ...
2024-11-14 08:00:41-debug: Run asset db hook engine-extends:afterRefresh success!
2024-11-14 08:00:41-debug: refresh db assets success
2024-11-14 08:00:41-debug: asset-db:refresh-all-database (436ms)
2024-11-14 08:00:41-debug: asset-db:worker-effect-data-processing (1ms)
2024-11-14 08:00:41-debug: asset-db-hook-engine-extends-afterRefresh (1ms)
2024-11-14 08:04:24-debug: refresh db internal success
2024-11-14 08:04:24-debug: refresh db assets success
2024-11-14 08:04:24-debug: Run asset db hook engine-extends:afterRefresh ...
2024-11-14 08:04:24-debug: Run asset db hook engine-extends:afterRefresh success!
2024-11-14 08:04:24-debug: asset-db:refresh-all-database (486ms)
2024-11-14 08:04:24-debug: asset-db:worker-effect-data-processing (1ms)
2024-11-14 08:04:24-debug: asset-db-hook-engine-extends-afterRefresh (2ms)
2024-11-14 08:04:26-debug: Query all assets info in project
2024-11-14 08:04:26-debug: init custom config: keepNodeUuid: false, useCache: true
2024-11-14 08:04:26-debug: Query asset bundle start, progress: 0%
2024-11-14 08:04:26-debug: // ---- build task Query asset bundle ----
2024-11-14 08:04:26-debug:   Number of other assets: 1161
2024-11-14 08:04:26-debug: Query preload assets from cc.config.json: 60f7195c-ec2a-45eb-ba94-8955f60e81d0,1c02ae6f-4492-4915-b8f8-7492a3b1e4cd,810e96e4-e456-4468-9b59-f4e8f39732c0,efe8e2a3-eace-427b-b4f1-cb8a937ec77d,e9aa9a3e-5b2b-4ac7-a2c7-073de2b2b24f,8bbdbcdd-5cd4-4100-b6d5-b7c9625b6107,50f4348b-c883-4e2f-8f11-ce233b859fa1,fda095cb-831d-4601-ad94-846013963de8,f92806d7-1768-443f-afe8-12bcde84d0f0,dd3a144d-ab7f-41f0-82b8-2e43a090d496,f0416e68-0200-4b77-a926-4f9d16e494da,970b0598-bcb0-4714-91fb-2e81440dccd8,bcd64cc6-2dd9-43f6-abbe-66318d332032,d930590d-bb92-4cc8-8bd1-23cd027f9edf,a3cd009f-0ab0-420d-9278-b9fdab939bbc,c27215d8-6835-4b68-bfbb-bdeac6100c04,b5d6115f-0370-4d7c-aad3-c194cc71cf98,871c3b6c-7379-419d-bda3-794b239ab90d
2024-11-14 08:04:26-debug:   Number of all scenes: 1
2024-11-14 08:04:26-debug:   Number of all scripts: 52
2024-11-14 08:04:26-debug: // ---- build task Query asset bundle ---- (30ms)
2024-11-14 08:04:26-debug: run build task Query asset bundle success in 30 ms√, progress: 5%
2024-11-14 08:04:26-debug: [Build Memory track]: Query asset bundle start:178.78MB, end 179.62MB, increase: 856.29KB
2024-11-14 08:04:26-debug: Query asset bundle start, progress: 5%
2024-11-14 08:04:26-debug: // ---- build task Query asset bundle ----
2024-11-14 08:04:26-debug: // ---- build task Query asset bundle ---- (3ms)
2024-11-14 08:04:26-debug: run build task Query asset bundle success in 3 ms√, progress: 10%
2024-11-14 08:04:26-debug: [Build Memory track]: Query asset bundle start:179.63MB, end 179.82MB, increase: 193.57KB
2024-11-14 08:04:26-debug: Sort some build options to settings.json start, progress: 10%
2024-11-14 08:04:26-debug: // ---- build task Sort some build options to settings.json ----
2024-11-14 08:04:26-debug: // ---- build task Sort some build options to settings.json ---- (1ms)
2024-11-14 08:04:26-debug: run build task Sort some build options to settings.json success in 1 ms√, progress: 12%
2024-11-14 08:04:26-debug: Fill script data to settings start, progress: 12%
2024-11-14 08:04:26-debug: [Build Memory track]: Sort some build options to settings.json start:179.84MB, end 179.85MB, increase: 14.86KB
2024-11-14 08:04:26-debug: // ---- build task Fill script data to settings ----
2024-11-14 08:04:26-debug: // ---- build task Fill script data to settings ---- (1ms)
2024-11-14 08:04:26-debug: run build task Fill script data to settings success in 1 ms√, progress: 13%
2024-11-14 08:04:26-debug: [Build Memory track]: Fill script data to settings start:179.87MB, end 179.89MB, increase: 18.93KB
2024-11-14 08:04:26-debug: Sort some build options to settings.json start, progress: 13%
2024-11-14 08:04:26-debug: // ---- build task Sort some build options to settings.json ----
2024-11-14 08:04:26-debug: run build task Sort some build options to settings.json success in 5 ms√, progress: 15%
2024-11-14 08:04:26-debug: [Build Memory track]: Sort some build options to settings.json start:179.90MB, end 180.02MB, increase: 120.00KB
2024-11-14 08:04:26-debug: // ---- build task Sort some build options to settings.json ---- (5ms)
2024-11-14 08:04:40-debug: refresh db internal success
2024-11-14 08:04:40-debug: Run asset db hook engine-extends:afterRefresh ...
2024-11-14 08:04:40-debug: refresh db assets success
2024-11-14 08:04:41-debug: Run asset db hook engine-extends:afterRefresh success!
2024-11-14 08:04:41-debug: asset-db:refresh-all-database (427ms)
2024-11-14 08:04:41-debug: asset-db:worker-effect-data-processing (1ms)
2024-11-14 08:04:41-debug: asset-db-hook-engine-extends-afterRefresh (2ms)
2024-11-14 08:18:59-debug: Query all assets info in project
2024-11-14 08:18:59-debug: init custom config: keepNodeUuid: false, useCache: true
2024-11-14 08:18:59-debug: // ---- build task Query asset bundle ----
2024-11-14 08:18:59-debug: Query asset bundle start, progress: 0%
2024-11-14 08:18:59-debug:   Number of all scripts: 52
2024-11-14 08:18:59-debug: Query preload assets from cc.config.json: 60f7195c-ec2a-45eb-ba94-8955f60e81d0,1c02ae6f-4492-4915-b8f8-7492a3b1e4cd,810e96e4-e456-4468-9b59-f4e8f39732c0,efe8e2a3-eace-427b-b4f1-cb8a937ec77d,e9aa9a3e-5b2b-4ac7-a2c7-073de2b2b24f,8bbdbcdd-5cd4-4100-b6d5-b7c9625b6107,50f4348b-c883-4e2f-8f11-ce233b859fa1,fda095cb-831d-4601-ad94-846013963de8,f92806d7-1768-443f-afe8-12bcde84d0f0,dd3a144d-ab7f-41f0-82b8-2e43a090d496,f0416e68-0200-4b77-a926-4f9d16e494da,970b0598-bcb0-4714-91fb-2e81440dccd8,bcd64cc6-2dd9-43f6-abbe-66318d332032,d930590d-bb92-4cc8-8bd1-23cd027f9edf,a3cd009f-0ab0-420d-9278-b9fdab939bbc,c27215d8-6835-4b68-bfbb-bdeac6100c04,b5d6115f-0370-4d7c-aad3-c194cc71cf98,871c3b6c-7379-419d-bda3-794b239ab90d
2024-11-14 08:18:59-debug:   Number of other assets: 1161
2024-11-14 08:18:59-debug:   Number of all scenes: 1
2024-11-14 08:18:59-debug: // ---- build task Query asset bundle ---- (43ms)
2024-11-14 08:18:59-debug: Query asset bundle start, progress: 5%
2024-11-14 08:18:59-debug: [Build Memory track]: Query asset bundle start:181.92MB, end 183.18MB, increase: 1.26MB
2024-11-14 08:18:59-debug: run build task Query asset bundle success in 43 ms√, progress: 5%
2024-11-14 08:18:59-debug: // ---- build task Query asset bundle ----
2024-11-14 08:18:59-debug: // ---- build task Query asset bundle ---- (4ms)
2024-11-14 08:18:59-debug: run build task Query asset bundle success in 4 ms√, progress: 10%
2024-11-14 08:18:59-debug: [Build Memory track]: Query asset bundle start:183.19MB, end 183.38MB, increase: 193.71KB
2024-11-14 08:18:59-debug: Sort some build options to settings.json start, progress: 10%
2024-11-14 08:18:59-debug: // ---- build task Sort some build options to settings.json ----
2024-11-14 08:18:59-debug: // ---- build task Sort some build options to settings.json ---- (1ms)
2024-11-14 08:18:59-debug: run build task Sort some build options to settings.json success in 1 ms√, progress: 12%
2024-11-14 08:18:59-debug: [Build Memory track]: Sort some build options to settings.json start:183.40MB, end 183.41MB, increase: 14.82KB
2024-11-14 08:18:59-debug: // ---- build task Fill script data to settings ----
2024-11-14 08:18:59-debug: Fill script data to settings start, progress: 12%
2024-11-14 08:18:59-debug: run build task Fill script data to settings success in √, progress: 13%
2024-11-14 08:18:59-debug: [Build Memory track]: Fill script data to settings start:183.42MB, end 183.44MB, increase: 10.89KB
2024-11-14 08:18:59-debug: Sort some build options to settings.json start, progress: 13%
2024-11-14 08:18:59-debug: // ---- build task Sort some build options to settings.json ----
2024-11-14 08:18:59-debug: [Build Memory track]: Sort some build options to settings.json start:183.45MB, end 183.58MB, increase: 136.21KB
2024-11-14 08:18:59-debug: // ---- build task Sort some build options to settings.json ---- (4ms)
2024-11-14 08:18:59-debug: run build task Sort some build options to settings.json success in 4 ms√, progress: 15%
2024-11-14 08:19:09-debug: Query all assets info in project
2024-11-14 08:19:09-debug: init custom config: keepNodeUuid: false, useCache: true
2024-11-14 08:19:09-debug: Query asset bundle start, progress: 0%
2024-11-14 08:19:09-debug: // ---- build task Query asset bundle ----
2024-11-14 08:19:09-debug:   Number of all scenes: 1
2024-11-14 08:19:09-debug:   Number of all scripts: 52
2024-11-14 08:19:09-debug: Query preload assets from cc.config.json: 60f7195c-ec2a-45eb-ba94-8955f60e81d0,1c02ae6f-4492-4915-b8f8-7492a3b1e4cd,810e96e4-e456-4468-9b59-f4e8f39732c0,efe8e2a3-eace-427b-b4f1-cb8a937ec77d,e9aa9a3e-5b2b-4ac7-a2c7-073de2b2b24f,8bbdbcdd-5cd4-4100-b6d5-b7c9625b6107,50f4348b-c883-4e2f-8f11-ce233b859fa1,fda095cb-831d-4601-ad94-846013963de8,f92806d7-1768-443f-afe8-12bcde84d0f0,dd3a144d-ab7f-41f0-82b8-2e43a090d496,f0416e68-0200-4b77-a926-4f9d16e494da,970b0598-bcb0-4714-91fb-2e81440dccd8,bcd64cc6-2dd9-43f6-abbe-66318d332032,d930590d-bb92-4cc8-8bd1-23cd027f9edf,a3cd009f-0ab0-420d-9278-b9fdab939bbc,c27215d8-6835-4b68-bfbb-bdeac6100c04,b5d6115f-0370-4d7c-aad3-c194cc71cf98,871c3b6c-7379-419d-bda3-794b239ab90d
2024-11-14 08:19:09-debug:   Number of other assets: 1161
2024-11-14 08:19:09-debug: // ---- build task Query asset bundle ---- (42ms)
2024-11-14 08:19:09-debug: run build task Query asset bundle success in 42 ms√, progress: 5%
2024-11-14 08:19:09-debug: [Build Memory track]: Query asset bundle start:164.29MB, end 164.73MB, increase: 450.46KB
2024-11-14 08:19:09-debug: // ---- build task Query asset bundle ----
2024-11-14 08:19:09-debug: Query asset bundle start, progress: 5%
2024-11-14 08:19:09-debug: [Build Memory track]: Query asset bundle start:164.74MB, end 164.93MB, increase: 195.88KB
2024-11-14 08:19:09-debug: Sort some build options to settings.json start, progress: 10%
2024-11-14 08:19:09-debug: run build task Query asset bundle success in 4 ms√, progress: 10%
2024-11-14 08:19:09-debug: // ---- build task Sort some build options to settings.json ----
2024-11-14 08:19:09-debug: // ---- build task Query asset bundle ---- (4ms)
2024-11-14 08:19:09-debug: // ---- build task Sort some build options to settings.json ---- (1ms)
2024-11-14 08:19:09-debug: [Build Memory track]: Sort some build options to settings.json start:164.95MB, end 164.96MB, increase: 14.81KB
2024-11-14 08:19:09-debug: run build task Sort some build options to settings.json success in 1 ms√, progress: 12%
2024-11-14 08:19:09-debug: Fill script data to settings start, progress: 12%
2024-11-14 08:19:09-debug: // ---- build task Fill script data to settings ----
2024-11-14 08:19:09-debug: run build task Fill script data to settings success in √, progress: 13%
2024-11-14 08:19:09-debug: [Build Memory track]: Fill script data to settings start:164.97MB, end 164.99MB, increase: 11.95KB
2024-11-14 08:19:09-debug: Sort some build options to settings.json start, progress: 13%
2024-11-14 08:19:09-debug: // ---- build task Sort some build options to settings.json ----
2024-11-14 08:19:09-debug: run build task Sort some build options to settings.json success in 4 ms√, progress: 15%
2024-11-14 08:19:09-debug: [Build Memory track]: Sort some build options to settings.json start:165.00MB, end 165.14MB, increase: 143.76KB
2024-11-14 08:19:09-debug: // ---- build task Sort some build options to settings.json ---- (4ms)
2024-11-14 08:19:23-debug: Query all assets info in project
2024-11-14 08:19:23-debug: init custom config: keepNodeUuid: false, useCache: true
2024-11-14 08:19:23-debug: Query asset bundle start, progress: 0%
2024-11-14 08:19:23-debug: // ---- build task Query asset bundle ----
2024-11-14 08:19:23-debug:   Number of all scripts: 52
2024-11-14 08:19:23-debug: Query preload assets from cc.config.json: 60f7195c-ec2a-45eb-ba94-8955f60e81d0,1c02ae6f-4492-4915-b8f8-7492a3b1e4cd,810e96e4-e456-4468-9b59-f4e8f39732c0,efe8e2a3-eace-427b-b4f1-cb8a937ec77d,e9aa9a3e-5b2b-4ac7-a2c7-073de2b2b24f,8bbdbcdd-5cd4-4100-b6d5-b7c9625b6107,50f4348b-c883-4e2f-8f11-ce233b859fa1,fda095cb-831d-4601-ad94-846013963de8,f92806d7-1768-443f-afe8-12bcde84d0f0,dd3a144d-ab7f-41f0-82b8-2e43a090d496,f0416e68-0200-4b77-a926-4f9d16e494da,970b0598-bcb0-4714-91fb-2e81440dccd8,bcd64cc6-2dd9-43f6-abbe-66318d332032,d930590d-bb92-4cc8-8bd1-23cd027f9edf,a3cd009f-0ab0-420d-9278-b9fdab939bbc,c27215d8-6835-4b68-bfbb-bdeac6100c04,b5d6115f-0370-4d7c-aad3-c194cc71cf98,871c3b6c-7379-419d-bda3-794b239ab90d
2024-11-14 08:19:23-debug:   Number of other assets: 1161
2024-11-14 08:19:23-debug:   Number of all scenes: 1
2024-11-14 08:19:23-debug: // ---- build task Query asset bundle ---- (37ms)
2024-11-14 08:19:23-debug: run build task Query asset bundle success in 37 ms√, progress: 5%
2024-11-14 08:19:23-debug: [Build Memory track]: Query asset bundle start:166.42MB, end 166.71MB, increase: 299.54KB
2024-11-14 08:19:23-debug: Query asset bundle start, progress: 5%
2024-11-14 08:19:23-debug: // ---- build task Query asset bundle ----
2024-11-14 08:19:23-debug: Sort some build options to settings.json start, progress: 10%
2024-11-14 08:19:23-debug: run build task Query asset bundle success in 4 ms√, progress: 10%
2024-11-14 08:19:23-debug: [Build Memory track]: Query asset bundle start:166.73MB, end 166.92MB, increase: 195.58KB
2024-11-14 08:19:23-debug: // ---- build task Query asset bundle ---- (4ms)
2024-11-14 08:19:23-debug: // ---- build task Sort some build options to settings.json ----
2024-11-14 08:19:23-debug: // ---- build task Sort some build options to settings.json ---- (1ms)
2024-11-14 08:19:23-debug: run build task Sort some build options to settings.json success in 1 ms√, progress: 12%
2024-11-14 08:19:23-debug: Fill script data to settings start, progress: 12%
2024-11-14 08:19:23-debug: [Build Memory track]: Sort some build options to settings.json start:166.94MB, end 166.95MB, increase: 13.79KB
2024-11-14 08:19:23-debug: // ---- build task Fill script data to settings ----
2024-11-14 08:19:23-debug: run build task Fill script data to settings success in 1 ms√, progress: 13%
2024-11-14 08:19:23-debug: [Build Memory track]: Fill script data to settings start:166.97MB, end 166.98MB, increase: 18.38KB
2024-11-14 08:19:23-debug: Sort some build options to settings.json start, progress: 13%
2024-11-14 08:19:23-debug: // ---- build task Sort some build options to settings.json ----
2024-11-14 08:19:23-debug: // ---- build task Fill script data to settings ---- (1ms)
2024-11-14 08:19:23-debug: run build task Sort some build options to settings.json success in 5 ms√, progress: 15%
2024-11-14 08:19:23-debug: [Build Memory track]: Sort some build options to settings.json start:167.00MB, end 167.12MB, increase: 121.50KB
2024-11-14 08:19:23-debug: // ---- build task Sort some build options to settings.json ---- (5ms)
2024-11-14 08:22:48-debug: refresh db internal success
2024-11-14 08:22:48-debug: Run asset db hook engine-extends:afterRefresh ...
2024-11-14 08:22:48-debug: Run asset db hook engine-extends:afterRefresh success!
2024-11-14 08:22:48-debug: refresh db assets success
2024-11-14 08:22:48-debug: asset-db:refresh-all-database (414ms)
2024-11-14 08:22:48-debug: asset-db:worker-effect-data-processing (2ms)
2024-11-14 08:22:48-debug: asset-db-hook-engine-extends-afterRefresh (2ms)
2024-11-14 08:36:49-debug: refresh db internal success
2024-11-14 08:36:49-debug: %cImport%c: E:\git\Cramped_Room_Of_Death\assets\enums\index.tsbackground: #aaff85; color: #000;color: #000;
2024-11-14 08:36:49-debug: %cImport%c: E:\git\Cramped_Room_Of_Death\assets\levels\index.tsbackground: #aaff85; color: #000;color: #000;
2024-11-14 08:36:49-debug: %cImport%c: E:\git\Cramped_Room_Of_Death\assets\scripts\spikes\SpikeManager.tsbackground: #aaff85; color: #000;color: #000;
2024-11-14 08:36:49-debug: Run asset db hook engine-extends:afterRefresh success!
2024-11-14 08:36:49-debug: refresh db assets success
2024-11-14 08:36:49-debug: Run asset db hook engine-extends:afterRefresh ...
2024-11-14 08:36:49-debug: asset-db:refresh-all-database (486ms)
2024-11-14 08:36:49-debug: asset-db:worker-effect-data-processing (1ms)
2024-11-14 08:36:49-debug: asset-db-hook-engine-extends-afterRefresh (1ms)
2024-11-14 08:36:51-debug: Query all assets info in project
2024-11-14 08:36:51-debug: init custom config: keepNodeUuid: false, useCache: true
2024-11-14 08:36:51-debug: Query asset bundle start, progress: 0%
2024-11-14 08:36:51-debug: // ---- build task Query asset bundle ----
2024-11-14 08:36:51-debug:   Number of all scenes: 1
2024-11-14 08:36:51-debug:   Number of all scripts: 52
2024-11-14 08:36:51-debug: Query preload assets from cc.config.json: 60f7195c-ec2a-45eb-ba94-8955f60e81d0,1c02ae6f-4492-4915-b8f8-7492a3b1e4cd,810e96e4-e456-4468-9b59-f4e8f39732c0,efe8e2a3-eace-427b-b4f1-cb8a937ec77d,e9aa9a3e-5b2b-4ac7-a2c7-073de2b2b24f,8bbdbcdd-5cd4-4100-b6d5-b7c9625b6107,50f4348b-c883-4e2f-8f11-ce233b859fa1,fda095cb-831d-4601-ad94-846013963de8,f92806d7-1768-443f-afe8-12bcde84d0f0,dd3a144d-ab7f-41f0-82b8-2e43a090d496,f0416e68-0200-4b77-a926-4f9d16e494da,970b0598-bcb0-4714-91fb-2e81440dccd8,bcd64cc6-2dd9-43f6-abbe-66318d332032,d930590d-bb92-4cc8-8bd1-23cd027f9edf,a3cd009f-0ab0-420d-9278-b9fdab939bbc,c27215d8-6835-4b68-bfbb-bdeac6100c04,b5d6115f-0370-4d7c-aad3-c194cc71cf98,871c3b6c-7379-419d-bda3-794b239ab90d
2024-11-14 08:36:51-debug:   Number of other assets: 1161
2024-11-14 08:36:51-debug: // ---- build task Query asset bundle ---- (30ms)
2024-11-14 08:36:51-debug: run build task Query asset bundle success in 30 ms√, progress: 5%
2024-11-14 08:36:51-debug: [Build Memory track]: Query asset bundle start:170.75MB, end 171.74MB, increase: 1009.52KB
2024-11-14 08:36:51-debug: // ---- build task Query asset bundle ----
2024-11-14 08:36:51-debug: Query asset bundle start, progress: 5%
2024-11-14 08:36:51-debug: // ---- build task Query asset bundle ---- (2ms)
2024-11-14 08:36:51-debug: Sort some build options to settings.json start, progress: 10%
2024-11-14 08:36:51-debug: run build task Query asset bundle success in 2 ms√, progress: 10%
2024-11-14 08:36:51-debug: [Build Memory track]: Query asset bundle start:171.75MB, end 171.94MB, increase: 193.47KB
2024-11-14 08:36:51-debug: // ---- build task Sort some build options to settings.json ----
2024-11-14 08:36:51-debug: [Build Memory track]: Sort some build options to settings.json start:171.95MB, end 171.97MB, increase: 13.50KB
2024-11-14 08:36:51-debug: Fill script data to settings start, progress: 12%
2024-11-14 08:36:51-debug: run build task Sort some build options to settings.json success in √, progress: 12%
2024-11-14 08:36:51-debug: // ---- build task Fill script data to settings ----
2024-11-14 08:36:51-debug: // ---- build task Fill script data to settings ---- (1ms)
2024-11-14 08:36:51-debug: [Build Memory track]: Fill script data to settings start:171.98MB, end 172.00MB, increase: 16.16KB
2024-11-14 08:36:51-debug: Sort some build options to settings.json start, progress: 13%
2024-11-14 08:36:51-debug: run build task Fill script data to settings success in 1 ms√, progress: 13%
2024-11-14 08:36:51-debug: // ---- build task Sort some build options to settings.json ----
2024-11-14 08:36:51-debug: // ---- build task Sort some build options to settings.json ---- (2ms)
2024-11-14 08:36:51-debug: [Build Memory track]: Sort some build options to settings.json start:172.01MB, end 172.13MB, increase: 120.92KB
2024-11-14 08:36:51-debug: run build task Sort some build options to settings.json success in 2 ms√, progress: 15%
2024-11-14 08:36:52-debug: refresh db internal success
2024-11-14 08:36:52-debug: refresh db assets success
2024-11-14 08:36:52-debug: Run asset db hook engine-extends:afterRefresh success!
2024-11-14 08:36:52-debug: Run asset db hook engine-extends:afterRefresh ...
2024-11-14 08:36:52-debug: asset-db:refresh-all-database (497ms)
2024-11-14 08:36:52-debug: asset-db:worker-effect-data-processing (1ms)
2024-11-14 08:36:52-debug: asset-db-hook-engine-extends-afterRefresh (1ms)
