2024-9-28 23:04:18-log: Cannot access game frame or container.
2024-9-28 23:04:20-debug: asset-db:require-engine-code (2346ms)
2024-9-28 23:04:20-log: meshopt wasm decoder initialized
2024-9-28 23:04:20-log: [box2d]:box2d wasm lib loaded.
2024-9-28 23:04:20-log: [bullet]:bullet wasm lib loaded.
2024-9-28 23:04:20-debug: [Assets Memory track]: asset-db:worker-init: initEngine start:24.77MB, end 77.19MB, increase: 52.41MB
2024-9-28 23:04:20-log: Cocos Creator v3.8.3
2024-9-28 23:04:22-debug: [Assets Memory track]: asset-db-plugin-register: programming start:78.06MB, end 81.38MB, increase: 3.31MB
2024-9-28 23:04:25-debug: [Assets Memory track]: asset-db-plugin-register: builder start:81.40MB, end 180.21MB, increase: 98.81MB
2024-9-28 23:04:25-debug: [Assets Memory track]: asset-db-plugin-register: project start:77.94MB, end 176.01MB, increase: 98.07MB
2024-9-28 23:04:25-debug: [Assets Memory track]: asset-db:worker-init: initPlugin start:77.19MB, end 176.03MB, increase: 98.83MB
2024-9-28 23:04:25-debug: asset-db:worker-init: initPlugin (4569ms)
2024-9-28 23:04:25-debug: [Assets Memory track]: asset-db:worker-init start:24.77MB, end 176.09MB, increase: 151.33MB
2024-9-28 23:04:25-debug: Run asset db hook programming:beforePreStart ...
2024-9-28 23:04:25-debug: Run asset db hook programming:beforePreStart success!
2024-9-28 23:04:25-debug: Run asset db hook engine-extends:beforePreStart ...
2024-9-28 23:04:25-debug: Run asset db hook engine-extends:beforePreStart success!
2024-9-28 23:04:25-debug: asset-db:worker-init (7552ms)
2024-9-28 23:04:25-debug: asset-db-hook-programming-beforePreStart (351ms)
2024-9-28 23:04:25-debug: asset-db-hook-engine-extends-beforePreStart (350ms)
2024-9-28 23:04:25-debug: Preimport db internal success
2024-9-28 23:04:25-debug: %cImport%c: E:\git\Cramped_Room_Of_Death\assets\base\State.tsbackground: #aaff85; color: #000;color: #000;
2024-9-28 23:04:25-debug: starting packer-driver...
2024-9-28 23:04:25-debug: Preimport db assets success
2024-9-28 23:04:25-debug: Run asset db hook programming:afterPreStart ...
2024-9-28 23:04:27-debug: initialize scripting environment...
2024-9-28 23:04:27-debug: Set detail map pack:///resolution-detail-map.json: {}
2024-9-28 23:04:27-debug: Run asset db hook engine-extends:afterPreStart success!
2024-9-28 23:04:27-debug: Run asset db hook programming:afterPreStart success!
2024-9-28 23:04:27-debug: [Assets Memory track]: asset-db:worker-init: preStart start:176.10MB, end 182.21MB, increase: 6.11MB
2024-9-28 23:04:27-debug: Run asset db hook engine-extends:afterPreStart ...
2024-9-28 23:04:27-debug: Start up the 'internal' database...
2024-9-28 23:04:27-debug: asset-db-hook-programming-afterPreStart (2102ms)
2024-9-28 23:04:27-debug: asset-db-hook-engine-extends-afterPreStart (589ms)
2024-9-28 23:04:27-debug: asset-db:worker-effect-data-processing (589ms)
2024-9-28 23:04:28-debug: [Assets Memory track]: asset-db:worker-startup-database[internal] start:176.15MB, end 190.51MB, increase: 14.36MB
2024-9-28 23:04:28-debug: Start up the 'assets' database...
2024-9-28 23:04:28-debug: asset-db:worker-startup-database[internal] (2919ms)
2024-9-28 23:04:28-debug: [Assets Memory track]: asset-db:worker-init: startup start:182.22MB, end 191.11MB, increase: 8.90MB
2024-9-28 23:04:28-debug: [Assets Memory track]: asset-db:worker-startup-database[assets] start:176.08MB, end 191.10MB, increase: 15.03MB
2024-9-28 23:04:28-debug: lazy register asset handler *
2024-9-28 23:04:28-debug: lazy register asset handler directory
2024-9-28 23:04:28-debug: lazy register asset handler text
2024-9-28 23:04:28-debug: lazy register asset handler json
2024-9-28 23:04:28-debug: lazy register asset handler spine-data
2024-9-28 23:04:28-debug: lazy register asset handler dragonbones-atlas
2024-9-28 23:04:28-debug: lazy register asset handler dragonbones
2024-9-28 23:04:28-debug: lazy register asset handler terrain
2024-9-28 23:04:28-debug: lazy register asset handler javascript
2024-9-28 23:04:28-debug: lazy register asset handler typescript
2024-9-28 23:04:28-debug: lazy register asset handler sprite-frame
2024-9-28 23:04:28-debug: lazy register asset handler tiled-map
2024-9-28 23:04:28-debug: lazy register asset handler prefab
2024-9-28 23:04:28-debug: lazy register asset handler scene
2024-9-28 23:04:28-debug: lazy register asset handler buffer
2024-9-28 23:04:28-debug: lazy register asset handler image
2024-9-28 23:04:28-debug: lazy register asset handler sign-image
2024-9-28 23:04:28-debug: lazy register asset handler alpha-image
2024-9-28 23:04:28-debug: lazy register asset handler texture
2024-9-28 23:04:28-debug: lazy register asset handler texture-cube
2024-9-28 23:04:28-debug: lazy register asset handler texture-cube-face
2024-9-28 23:04:28-debug: lazy register asset handler erp-texture-cube
2024-9-28 23:04:28-debug: lazy register asset handler rt-sprite-frame
2024-9-28 23:04:28-debug: lazy register asset handler render-texture
2024-9-28 23:04:28-debug: lazy register asset handler gltf
2024-9-28 23:04:28-debug: lazy register asset handler gltf-animation
2024-9-28 23:04:28-debug: lazy register asset handler gltf-mesh
2024-9-28 23:04:28-debug: lazy register asset handler gltf-scene
2024-9-28 23:04:28-debug: lazy register asset handler gltf-skeleton
2024-9-28 23:04:28-debug: lazy register asset handler gltf-embeded-image
2024-9-28 23:04:28-debug: lazy register asset handler fbx
2024-9-28 23:04:28-debug: lazy register asset handler gltf-material
2024-9-28 23:04:28-debug: lazy register asset handler material
2024-9-28 23:04:28-debug: lazy register asset handler physics-material
2024-9-28 23:04:28-debug: lazy register asset handler effect
2024-9-28 23:04:28-debug: lazy register asset handler effect-header
2024-9-28 23:04:28-debug: lazy register asset handler audio-clip
2024-9-28 23:04:28-debug: lazy register asset handler animation-clip
2024-9-28 23:04:28-debug: lazy register asset handler animation-graph
2024-9-28 23:04:28-debug: lazy register asset handler animation-graph-variant
2024-9-28 23:04:28-debug: lazy register asset handler animation-mask
2024-9-28 23:04:28-debug: lazy register asset handler bitmap-font
2024-9-28 23:04:28-debug: lazy register asset handler particle
2024-9-28 23:04:28-debug: lazy register asset handler sprite-atlas
2024-9-28 23:04:28-debug: lazy register asset handler auto-atlas
2024-9-28 23:04:28-debug: lazy register asset handler label-atlas
2024-9-28 23:04:28-debug: lazy register asset handler ttf-font
2024-9-28 23:04:28-debug: lazy register asset handler render-pipeline
2024-9-28 23:04:28-debug: lazy register asset handler render-stage
2024-9-28 23:04:28-debug: lazy register asset handler render-flow
2024-9-28 23:04:28-debug: lazy register asset handler instantiation-skeleton
2024-9-28 23:04:28-debug: lazy register asset handler instantiation-mesh
2024-9-28 23:04:28-debug: lazy register asset handler instantiation-animation
2024-9-28 23:04:28-debug: lazy register asset handler instantiation-material
2024-9-28 23:04:28-debug: lazy register asset handler video-clip
2024-9-28 23:04:28-debug: asset-db:worker-startup-database[assets] (2616ms)
2024-9-28 23:04:28-debug: asset-db:start-database (3085ms)
2024-9-28 23:04:28-debug: asset-db:ready (13845ms)
2024-9-28 23:04:28-debug: init worker message success
2024-9-28 23:04:28-debug: programming:execute-script (5ms)
2024-9-28 23:04:30-debug: [Build Memory track]: builder:worker-init start:189.25MB, end 203.64MB, increase: 14.39MB
2024-9-28 23:04:30-debug: builder:worker-init (1657ms)
2024-9-28 23:04:39-debug: refresh db internal success
2024-9-28 23:04:39-debug: refresh db assets success
2024-9-28 23:04:39-debug: Run asset db hook engine-extends:afterRefresh ...
2024-9-28 23:04:39-debug: Run asset db hook engine-extends:afterRefresh success!
2024-9-28 23:04:39-debug: asset-db:refresh-all-database (368ms)
2024-9-28 23:04:39-debug: asset-db:worker-effect-data-processing (2ms)
2024-9-28 23:04:39-debug: asset-db-hook-engine-extends-afterRefresh (2ms)
2024-9-28 23:04:41-debug: refresh db internal success
2024-9-28 23:04:41-debug: Run asset db hook engine-extends:afterRefresh ...
2024-9-28 23:04:41-debug: refresh db assets success
2024-9-28 23:04:41-debug: Run asset db hook engine-extends:afterRefresh success!
2024-9-28 23:04:41-debug: asset-db:refresh-all-database (366ms)
2024-9-28 23:04:41-debug: asset-db:worker-effect-data-processing (1ms)
2024-9-28 23:04:41-debug: asset-db-hook-engine-extends-afterRefresh (2ms)
2024-9-28 23:05:32-debug: refresh db internal success
2024-9-28 23:05:32-debug: refresh db assets success
2024-9-28 23:05:32-debug: Run asset db hook engine-extends:afterRefresh ...
2024-9-28 23:05:32-debug: Run asset db hook engine-extends:afterRefresh success!
2024-9-28 23:05:32-debug: asset-db:refresh-all-database (378ms)
2024-9-28 23:05:32-debug: asset-db-hook-engine-extends-afterRefresh (1ms)
2024-9-28 23:05:35-debug: Query all assets info in project
2024-9-28 23:05:35-debug: init custom config: keepNodeUuid: false, useCache: true
2024-9-28 23:05:35-debug: Query asset bundle start, progress: 0%
2024-9-28 23:05:35-debug: // ---- build task Query asset bundle ----
2024-9-28 23:05:35-debug: Query preload assets from cc.config.json: 60f7195c-ec2a-45eb-ba94-8955f60e81d0,1c02ae6f-4492-4915-b8f8-7492a3b1e4cd,810e96e4-e456-4468-9b59-f4e8f39732c0,efe8e2a3-eace-427b-b4f1-cb8a937ec77d,e9aa9a3e-5b2b-4ac7-a2c7-073de2b2b24f,8bbdbcdd-5cd4-4100-b6d5-b7c9625b6107,50f4348b-c883-4e2f-8f11-ce233b859fa1,fda095cb-831d-4601-ad94-846013963de8,f92806d7-1768-443f-afe8-12bcde84d0f0,dd3a144d-ab7f-41f0-82b8-2e43a090d496,f0416e68-0200-4b77-a926-4f9d16e494da,970b0598-bcb0-4714-91fb-2e81440dccd8,bcd64cc6-2dd9-43f6-abbe-66318d332032,d930590d-bb92-4cc8-8bd1-23cd027f9edf,a3cd009f-0ab0-420d-9278-b9fdab939bbc,c27215d8-6835-4b68-bfbb-bdeac6100c04,b5d6115f-0370-4d7c-aad3-c194cc71cf98,871c3b6c-7379-419d-bda3-794b239ab90d
2024-9-28 23:05:35-debug:   Number of all scripts: 35
2024-9-28 23:05:35-debug:   Number of other assets: 906
2024-9-28 23:05:35-debug:   Number of all scenes: 1
2024-9-28 23:05:35-debug: // ---- build task Query asset bundle ---- (34ms)
2024-9-28 23:05:35-debug: run build task Query asset bundle success in 34 ms√, progress: 5%
2024-9-28 23:05:35-debug: Query asset bundle start, progress: 5%
2024-9-28 23:05:35-debug: [Build Memory track]: Query asset bundle start:169.44MB, end 169.71MB, increase: 274.39KB
2024-9-28 23:05:35-debug: // ---- build task Query asset bundle ----
2024-9-28 23:05:35-debug: Sort some build options to settings.json start, progress: 10%
2024-9-28 23:05:35-debug: [Build Memory track]: Query asset bundle start:169.72MB, end 169.87MB, increase: 153.39KB
2024-9-28 23:05:35-debug: run build task Query asset bundle success in 2 ms√, progress: 10%
2024-9-28 23:05:35-debug: // ---- build task Sort some build options to settings.json ----
2024-9-28 23:05:35-debug: // ---- build task Query asset bundle ---- (2ms)
2024-9-28 23:05:35-debug: run build task Sort some build options to settings.json success in 1 ms√, progress: 12%
2024-9-28 23:05:35-debug: [Build Memory track]: Sort some build options to settings.json start:169.89MB, end 169.90MB, increase: 16.08KB
2024-9-28 23:05:35-debug: // ---- build task Sort some build options to settings.json ---- (1ms)
2024-9-28 23:05:35-debug: Fill script data to settings start, progress: 12%
2024-9-28 23:05:35-debug: // ---- build task Fill script data to settings ----
2024-9-28 23:05:35-debug: // ---- build task Fill script data to settings ---- (1ms)
2024-9-28 23:05:35-debug: run build task Fill script data to settings success in 1 ms√, progress: 13%
2024-9-28 23:05:35-debug: [Build Memory track]: Fill script data to settings start:169.92MB, end 169.93MB, increase: 15.46KB
2024-9-28 23:05:35-debug: Sort some build options to settings.json start, progress: 13%
2024-9-28 23:05:35-debug: // ---- build task Sort some build options to settings.json ----
2024-9-28 23:05:35-debug: run build task Sort some build options to settings.json success in 7 ms√, progress: 15%
2024-9-28 23:05:35-debug: [Build Memory track]: Sort some build options to settings.json start:169.94MB, end 170.30MB, increase: 364.32KB
2024-9-28 23:05:35-debug: // ---- build task Sort some build options to settings.json ---- (7ms)
2024-9-28 23:07:08-debug: Query all assets info in project
2024-9-28 23:07:08-debug: init custom config: keepNodeUuid: false, useCache: true
2024-9-28 23:07:08-debug: Query asset bundle start, progress: 0%
2024-9-28 23:07:08-debug: // ---- build task Query asset bundle ----
2024-9-28 23:07:08-debug:   Number of all scripts: 35
2024-9-28 23:07:08-debug:   Number of other assets: 906
2024-9-28 23:07:08-debug: Query preload assets from cc.config.json: 60f7195c-ec2a-45eb-ba94-8955f60e81d0,1c02ae6f-4492-4915-b8f8-7492a3b1e4cd,810e96e4-e456-4468-9b59-f4e8f39732c0,efe8e2a3-eace-427b-b4f1-cb8a937ec77d,e9aa9a3e-5b2b-4ac7-a2c7-073de2b2b24f,8bbdbcdd-5cd4-4100-b6d5-b7c9625b6107,50f4348b-c883-4e2f-8f11-ce233b859fa1,fda095cb-831d-4601-ad94-846013963de8,f92806d7-1768-443f-afe8-12bcde84d0f0,dd3a144d-ab7f-41f0-82b8-2e43a090d496,f0416e68-0200-4b77-a926-4f9d16e494da,970b0598-bcb0-4714-91fb-2e81440dccd8,bcd64cc6-2dd9-43f6-abbe-66318d332032,d930590d-bb92-4cc8-8bd1-23cd027f9edf,a3cd009f-0ab0-420d-9278-b9fdab939bbc,c27215d8-6835-4b68-bfbb-bdeac6100c04,b5d6115f-0370-4d7c-aad3-c194cc71cf98,871c3b6c-7379-419d-bda3-794b239ab90d
2024-9-28 23:07:08-debug:   Number of all scenes: 1
2024-9-28 23:07:08-debug: // ---- build task Query asset bundle ---- (34ms)
2024-9-28 23:07:08-debug: [Build Memory track]: Query asset bundle start:170.93MB, end 170.25MB, increase: -691.36KB
2024-9-28 23:07:08-debug: Query asset bundle start, progress: 5%
2024-9-28 23:07:08-debug: run build task Query asset bundle success in 34 ms√, progress: 5%
2024-9-28 23:07:08-debug: // ---- build task Query asset bundle ----
2024-9-28 23:07:08-debug: // ---- build task Query asset bundle ---- (3ms)
2024-9-28 23:07:08-debug: [Build Memory track]: Query asset bundle start:170.27MB, end 170.42MB, increase: 152.24KB
2024-9-28 23:07:08-debug: Sort some build options to settings.json start, progress: 10%
2024-9-28 23:07:08-debug: run build task Query asset bundle success in 3 ms√, progress: 10%
2024-9-28 23:07:08-debug: // ---- build task Sort some build options to settings.json ----
2024-9-28 23:07:08-debug: // ---- build task Sort some build options to settings.json ---- (2ms)
2024-9-28 23:07:08-debug: run build task Sort some build options to settings.json success in 2 ms√, progress: 12%
2024-9-28 23:07:08-debug: Fill script data to settings start, progress: 12%
2024-9-28 23:07:08-debug: [Build Memory track]: Sort some build options to settings.json start:170.43MB, end 170.45MB, increase: 15.98KB
2024-9-28 23:07:08-debug: // ---- build task Fill script data to settings ----
2024-9-28 23:07:08-debug: // ---- build task Fill script data to settings ---- (1ms)
2024-9-28 23:07:08-debug: run build task Fill script data to settings success in 1 ms√, progress: 13%
2024-9-28 23:07:08-debug: Sort some build options to settings.json start, progress: 13%
2024-9-28 23:07:08-debug: [Build Memory track]: Fill script data to settings start:170.46MB, end 170.48MB, increase: 16.58KB
2024-9-28 23:07:08-debug: // ---- build task Sort some build options to settings.json ----
2024-9-28 23:07:08-debug: run build task Sort some build options to settings.json success in 4 ms√, progress: 15%
2024-9-28 23:07:08-debug: [Build Memory track]: Sort some build options to settings.json start:170.49MB, end 169.79MB, increase: -716.93KB
2024-9-28 23:07:08-debug: // ---- build task Sort some build options to settings.json ---- (4ms)
2024-9-28 23:17:07-debug: refresh db internal success
2024-9-28 23:17:07-debug: %cImport%c: E:\git\Cramped_Room_Of_Death\assets\scripts\player\AttackSubStateMachine.tsbackground: #aaff85; color: #000;color: #000;
2024-9-28 23:17:07-debug: %cImport%c: E:\git\Cramped_Room_Of_Death\assets\scripts\playerbackground: #aaff85; color: #000;color: #000;
2024-9-28 23:17:07-debug: %cImport%c: E:\git\Cramped_Room_Of_Death\assets\scripts\player\PlayerManager.tsbackground: #aaff85; color: #000;color: #000;
2024-9-28 23:17:07-debug: %cImport%c: E:\git\Cramped_Room_Of_Death\assets\scripts\player\PlayerStateMachine.tsbackground: #aaff85; color: #000;color: #000;
2024-9-28 23:17:07-debug: Run asset db hook engine-extends:afterRefresh success!
2024-9-28 23:17:07-debug: refresh db assets success
2024-9-28 23:17:07-debug: Run asset db hook engine-extends:afterRefresh ...
2024-9-28 23:17:07-debug: asset-db:refresh-all-database (390ms)
2024-9-28 23:17:07-debug: asset-db-hook-engine-extends-afterRefresh (1ms)
2024-9-28 23:17:08-debug: Query all assets info in project
2024-9-28 23:17:08-debug: init custom config: keepNodeUuid: false, useCache: true
2024-9-28 23:17:08-debug: Query asset bundle start, progress: 0%
2024-9-28 23:17:08-debug: // ---- build task Query asset bundle ----
2024-9-28 23:17:08-debug: Query preload assets from cc.config.json: 60f7195c-ec2a-45eb-ba94-8955f60e81d0,1c02ae6f-4492-4915-b8f8-7492a3b1e4cd,810e96e4-e456-4468-9b59-f4e8f39732c0,efe8e2a3-eace-427b-b4f1-cb8a937ec77d,e9aa9a3e-5b2b-4ac7-a2c7-073de2b2b24f,8bbdbcdd-5cd4-4100-b6d5-b7c9625b6107,50f4348b-c883-4e2f-8f11-ce233b859fa1,fda095cb-831d-4601-ad94-846013963de8,f92806d7-1768-443f-afe8-12bcde84d0f0,dd3a144d-ab7f-41f0-82b8-2e43a090d496,f0416e68-0200-4b77-a926-4f9d16e494da,970b0598-bcb0-4714-91fb-2e81440dccd8,bcd64cc6-2dd9-43f6-abbe-66318d332032,d930590d-bb92-4cc8-8bd1-23cd027f9edf,a3cd009f-0ab0-420d-9278-b9fdab939bbc,c27215d8-6835-4b68-bfbb-bdeac6100c04,b5d6115f-0370-4d7c-aad3-c194cc71cf98,871c3b6c-7379-419d-bda3-794b239ab90d
2024-9-28 23:17:08-debug:   Number of other assets: 906
2024-9-28 23:17:08-debug:   Number of all scripts: 36
2024-9-28 23:17:08-debug:   Number of all scenes: 1
2024-9-28 23:17:08-debug: run build task Query asset bundle success in 42 ms√, progress: 5%
2024-9-28 23:17:08-debug: // ---- build task Query asset bundle ---- (42ms)
2024-9-28 23:17:08-debug: // ---- build task Query asset bundle ----
2024-9-28 23:17:08-debug: [Build Memory track]: Query asset bundle start:172.67MB, end 171.70MB, increase: -992.77KB
2024-9-28 23:17:08-debug: Query asset bundle start, progress: 5%
2024-9-28 23:17:08-debug: run build task Query asset bundle success in 3 ms√, progress: 10%
2024-9-28 23:17:08-debug: [Build Memory track]: Query asset bundle start:171.71MB, end 171.86MB, increase: 151.96KB
2024-9-28 23:17:08-debug: Sort some build options to settings.json start, progress: 10%
2024-9-28 23:17:08-debug: // ---- build task Query asset bundle ---- (3ms)
2024-9-28 23:17:08-debug: // ---- build task Sort some build options to settings.json ----
2024-9-28 23:17:08-debug: // ---- build task Sort some build options to settings.json ---- (1ms)
2024-9-28 23:17:08-debug: run build task Sort some build options to settings.json success in 1 ms√, progress: 12%
2024-9-28 23:17:08-debug: [Build Memory track]: Sort some build options to settings.json start:171.88MB, end 171.89MB, increase: 19.23KB
2024-9-28 23:17:08-debug: // ---- build task Fill script data to settings ----
2024-9-28 23:17:08-debug: Fill script data to settings start, progress: 12%
2024-9-28 23:17:08-debug: // ---- build task Fill script data to settings ---- (3ms)
2024-9-28 23:17:08-debug: Sort some build options to settings.json start, progress: 13%
2024-9-28 23:17:08-debug: [Build Memory track]: Fill script data to settings start:171.91MB, end 171.92MB, increase: 16.36KB
2024-9-28 23:17:08-debug: // ---- build task Sort some build options to settings.json ----
2024-9-28 23:17:08-debug: run build task Fill script data to settings success in 3 ms√, progress: 13%
2024-9-28 23:17:08-debug: // ---- build task Sort some build options to settings.json ---- (5ms)
2024-9-28 23:17:08-debug: [Build Memory track]: Sort some build options to settings.json start:171.94MB, end 172.06MB, increase: 121.65KB
2024-9-28 23:17:08-debug: run build task Sort some build options to settings.json success in 5 ms√, progress: 15%
2024-9-28 23:17:10-debug: Query all assets info in project
2024-9-28 23:17:10-debug: init custom config: keepNodeUuid: false, useCache: true
2024-9-28 23:17:10-debug: // ---- build task Query asset bundle ----
2024-9-28 23:17:10-debug: Query asset bundle start, progress: 0%
2024-9-28 23:17:10-debug:   Number of all scenes: 1
2024-9-28 23:17:10-debug:   Number of all scripts: 36
2024-9-28 23:17:10-debug: Query preload assets from cc.config.json: 60f7195c-ec2a-45eb-ba94-8955f60e81d0,1c02ae6f-4492-4915-b8f8-7492a3b1e4cd,810e96e4-e456-4468-9b59-f4e8f39732c0,efe8e2a3-eace-427b-b4f1-cb8a937ec77d,e9aa9a3e-5b2b-4ac7-a2c7-073de2b2b24f,8bbdbcdd-5cd4-4100-b6d5-b7c9625b6107,50f4348b-c883-4e2f-8f11-ce233b859fa1,fda095cb-831d-4601-ad94-846013963de8,f92806d7-1768-443f-afe8-12bcde84d0f0,dd3a144d-ab7f-41f0-82b8-2e43a090d496,f0416e68-0200-4b77-a926-4f9d16e494da,970b0598-bcb0-4714-91fb-2e81440dccd8,bcd64cc6-2dd9-43f6-abbe-66318d332032,d930590d-bb92-4cc8-8bd1-23cd027f9edf,a3cd009f-0ab0-420d-9278-b9fdab939bbc,c27215d8-6835-4b68-bfbb-bdeac6100c04,b5d6115f-0370-4d7c-aad3-c194cc71cf98,871c3b6c-7379-419d-bda3-794b239ab90d
2024-9-28 23:17:10-debug:   Number of other assets: 906
2024-9-28 23:17:10-debug: // ---- build task Query asset bundle ---- (20ms)
2024-9-28 23:17:10-debug: run build task Query asset bundle success in 20 ms√, progress: 5%
2024-9-28 23:17:10-debug: [Build Memory track]: Query asset bundle start:172.75MB, end 172.66MB, increase: -97.09KB
2024-9-28 23:17:10-debug: Query asset bundle start, progress: 5%
2024-9-28 23:17:10-debug: // ---- build task Query asset bundle ----
2024-9-28 23:17:10-debug: // ---- build task Query asset bundle ---- (2ms)
2024-9-28 23:17:10-debug: run build task Query asset bundle success in 2 ms√, progress: 10%
2024-9-28 23:17:10-debug: [Build Memory track]: Query asset bundle start:172.67MB, end 172.82MB, increase: 152.45KB
2024-9-28 23:17:10-debug: // ---- build task Sort some build options to settings.json ----
2024-9-28 23:17:10-debug: Sort some build options to settings.json start, progress: 10%
2024-9-28 23:17:10-debug: // ---- build task Sort some build options to settings.json ---- (1ms)
2024-9-28 23:17:10-debug: run build task Sort some build options to settings.json success in 1 ms√, progress: 12%
2024-9-28 23:17:10-debug: [Build Memory track]: Sort some build options to settings.json start:172.84MB, end 172.85MB, increase: 15.21KB
2024-9-28 23:17:10-debug: // ---- build task Fill script data to settings ----
2024-9-28 23:17:10-debug: Fill script data to settings start, progress: 12%
2024-9-28 23:17:10-debug: run build task Fill script data to settings success in √, progress: 13%
2024-9-28 23:17:10-debug: [Build Memory track]: Fill script data to settings start:172.86MB, end 172.88MB, increase: 11.06KB
2024-9-28 23:17:10-debug: Sort some build options to settings.json start, progress: 13%
2024-9-28 23:17:10-debug: // ---- build task Sort some build options to settings.json ----
2024-9-28 23:17:10-debug: run build task Sort some build options to settings.json success in 2 ms√, progress: 15%
2024-9-28 23:17:10-debug: [Build Memory track]: Sort some build options to settings.json start:172.89MB, end 173.01MB, increase: 122.39KB
2024-9-28 23:17:10-debug: // ---- build task Sort some build options to settings.json ---- (2ms)
2024-9-28 23:17:48-debug: refresh db internal success
2024-9-28 23:17:48-debug: %cImport%c: E:\git\Cramped_Room_Of_Death\assets\scripts\player\PlayerManager.tsbackground: #aaff85; color: #000;color: #000;
2024-9-28 23:17:48-debug: refresh db assets success
2024-9-28 23:17:48-debug: Run asset db hook engine-extends:afterRefresh success!
2024-9-28 23:17:48-debug: Run asset db hook engine-extends:afterRefresh ...
2024-9-28 23:17:48-debug: asset-db:refresh-all-database (370ms)
2024-9-28 23:17:48-debug: asset-db-hook-engine-extends-afterRefresh (2ms)
2024-9-28 23:17:49-debug: Query all assets info in project
2024-9-28 23:17:49-debug: init custom config: keepNodeUuid: false, useCache: true
2024-9-28 23:17:49-debug: Query asset bundle start, progress: 0%
2024-9-28 23:17:49-debug: // ---- build task Query asset bundle ----
2024-9-28 23:17:49-debug:   Number of all scripts: 36
2024-9-28 23:17:49-debug: Query preload assets from cc.config.json: 60f7195c-ec2a-45eb-ba94-8955f60e81d0,1c02ae6f-4492-4915-b8f8-7492a3b1e4cd,810e96e4-e456-4468-9b59-f4e8f39732c0,efe8e2a3-eace-427b-b4f1-cb8a937ec77d,e9aa9a3e-5b2b-4ac7-a2c7-073de2b2b24f,8bbdbcdd-5cd4-4100-b6d5-b7c9625b6107,50f4348b-c883-4e2f-8f11-ce233b859fa1,fda095cb-831d-4601-ad94-846013963de8,f92806d7-1768-443f-afe8-12bcde84d0f0,dd3a144d-ab7f-41f0-82b8-2e43a090d496,f0416e68-0200-4b77-a926-4f9d16e494da,970b0598-bcb0-4714-91fb-2e81440dccd8,bcd64cc6-2dd9-43f6-abbe-66318d332032,d930590d-bb92-4cc8-8bd1-23cd027f9edf,a3cd009f-0ab0-420d-9278-b9fdab939bbc,c27215d8-6835-4b68-bfbb-bdeac6100c04,b5d6115f-0370-4d7c-aad3-c194cc71cf98,871c3b6c-7379-419d-bda3-794b239ab90d
2024-9-28 23:17:49-debug:   Number of other assets: 906
2024-9-28 23:17:49-debug:   Number of all scenes: 1
2024-9-28 23:17:49-debug: // ---- build task Query asset bundle ---- (21ms)
2024-9-28 23:17:49-debug: run build task Query asset bundle success in 21 ms√, progress: 5%
2024-9-28 23:17:49-debug: [Build Memory track]: Query asset bundle start:173.86MB, end 174.50MB, increase: 653.81KB
2024-9-28 23:17:49-debug: Query asset bundle start, progress: 5%
2024-9-28 23:17:49-debug: // ---- build task Query asset bundle ----
2024-9-28 23:17:49-debug: run build task Query asset bundle success in 2 ms√, progress: 10%
2024-9-28 23:17:49-debug: [Build Memory track]: Query asset bundle start:174.52MB, end 174.67MB, increase: 151.57KB
2024-9-28 23:17:49-debug: Sort some build options to settings.json start, progress: 10%
2024-9-28 23:17:49-debug: // ---- build task Query asset bundle ---- (2ms)
2024-9-28 23:17:49-debug: // ---- build task Sort some build options to settings.json ----
2024-9-28 23:17:49-debug: run build task Sort some build options to settings.json success in 1 ms√, progress: 12%
2024-9-28 23:17:49-debug: [Build Memory track]: Sort some build options to settings.json start:174.68MB, end 174.69MB, increase: 15.82KB
2024-9-28 23:17:49-debug: Fill script data to settings start, progress: 12%
2024-9-28 23:17:49-debug: // ---- build task Sort some build options to settings.json ---- (1ms)
2024-9-28 23:17:49-debug: // ---- build task Fill script data to settings ----
2024-9-28 23:17:49-debug: // ---- build task Fill script data to settings ---- (13ms)
2024-9-28 23:17:49-debug: run build task Fill script data to settings success in 13 ms√, progress: 13%
2024-9-28 23:17:49-debug: [Build Memory track]: Fill script data to settings start:174.71MB, end 174.73MB, increase: 17.86KB
2024-9-28 23:17:49-debug: Sort some build options to settings.json start, progress: 13%
2024-9-28 23:17:49-debug: // ---- build task Sort some build options to settings.json ----
2024-9-28 23:17:49-debug: run build task Sort some build options to settings.json success in 24 ms√, progress: 15%
2024-9-28 23:17:49-debug: [Build Memory track]: Sort some build options to settings.json start:174.74MB, end 174.02MB, increase: -738.39KB
2024-9-28 23:17:49-debug: // ---- build task Sort some build options to settings.json ---- (24ms)
2024-9-28 23:17:57-debug: Query all assets info in project
2024-9-28 23:17:57-debug: init custom config: keepNodeUuid: false, useCache: true
2024-9-28 23:17:57-debug: Query asset bundle start, progress: 0%
2024-9-28 23:17:57-debug: // ---- build task Query asset bundle ----
2024-9-28 23:17:57-debug: Query preload assets from cc.config.json: 60f7195c-ec2a-45eb-ba94-8955f60e81d0,1c02ae6f-4492-4915-b8f8-7492a3b1e4cd,810e96e4-e456-4468-9b59-f4e8f39732c0,efe8e2a3-eace-427b-b4f1-cb8a937ec77d,e9aa9a3e-5b2b-4ac7-a2c7-073de2b2b24f,8bbdbcdd-5cd4-4100-b6d5-b7c9625b6107,50f4348b-c883-4e2f-8f11-ce233b859fa1,fda095cb-831d-4601-ad94-846013963de8,f92806d7-1768-443f-afe8-12bcde84d0f0,dd3a144d-ab7f-41f0-82b8-2e43a090d496,f0416e68-0200-4b77-a926-4f9d16e494da,970b0598-bcb0-4714-91fb-2e81440dccd8,bcd64cc6-2dd9-43f6-abbe-66318d332032,d930590d-bb92-4cc8-8bd1-23cd027f9edf,a3cd009f-0ab0-420d-9278-b9fdab939bbc,c27215d8-6835-4b68-bfbb-bdeac6100c04,b5d6115f-0370-4d7c-aad3-c194cc71cf98,871c3b6c-7379-419d-bda3-794b239ab90d
2024-9-28 23:17:57-debug:   Number of all scripts: 36
2024-9-28 23:17:57-debug:   Number of other assets: 906
2024-9-28 23:17:57-debug:   Number of all scenes: 1
2024-9-28 23:17:57-debug: run build task Query asset bundle success in 21 ms√, progress: 5%
2024-9-28 23:17:57-debug: // ---- build task Query asset bundle ---- (21ms)
2024-9-28 23:17:57-debug: [Build Memory track]: Query asset bundle start:175.03MB, end 174.86MB, increase: -180.25KB
2024-9-28 23:17:57-debug: Query asset bundle start, progress: 5%
2024-9-28 23:17:57-debug: // ---- build task Query asset bundle ----
2024-9-28 23:17:57-debug: run build task Query asset bundle success in 2 ms√, progress: 10%
2024-9-28 23:17:57-debug: [Build Memory track]: Query asset bundle start:174.87MB, end 175.02MB, increase: 151.55KB
2024-9-28 23:17:57-debug: // ---- build task Query asset bundle ---- (2ms)
2024-9-28 23:17:57-debug: Sort some build options to settings.json start, progress: 10%
2024-9-28 23:17:57-debug: // ---- build task Sort some build options to settings.json ----
2024-9-28 23:17:57-debug: // ---- build task Sort some build options to settings.json ---- (1ms)
2024-9-28 23:17:57-debug: run build task Sort some build options to settings.json success in 1 ms√, progress: 12%
2024-9-28 23:17:57-debug: [Build Memory track]: Sort some build options to settings.json start:175.03MB, end 175.05MB, increase: 15.78KB
2024-9-28 23:17:57-debug: Fill script data to settings start, progress: 12%
2024-9-28 23:17:57-debug: // ---- build task Fill script data to settings ----
2024-9-28 23:17:57-debug: Sort some build options to settings.json start, progress: 13%
2024-9-28 23:17:57-debug: [Build Memory track]: Fill script data to settings start:175.06MB, end 175.08MB, increase: 11.67KB
2024-9-28 23:17:57-debug: run build task Fill script data to settings success in √, progress: 13%
2024-9-28 23:17:57-debug: // ---- build task Sort some build options to settings.json ----
2024-9-28 23:17:57-debug: // ---- build task Sort some build options to settings.json ---- (6ms)
2024-9-28 23:17:57-debug: [Build Memory track]: Sort some build options to settings.json start:175.09MB, end 175.22MB, increase: 131.06KB
2024-9-28 23:17:57-debug: run build task Sort some build options to settings.json success in 6 ms√, progress: 15%
2024-9-28 23:20:12-debug: Query all assets info in project
2024-9-28 23:20:12-debug: init custom config: keepNodeUuid: false, useCache: true
2024-9-28 23:20:12-debug: // ---- build task Query asset bundle ----
2024-9-28 23:20:12-debug: Query asset bundle start, progress: 0%
2024-9-28 23:20:12-debug:   Number of all scripts: 36
2024-9-28 23:20:12-debug:   Number of other assets: 906
2024-9-28 23:20:12-debug: Query preload assets from cc.config.json: 60f7195c-ec2a-45eb-ba94-8955f60e81d0,1c02ae6f-4492-4915-b8f8-7492a3b1e4cd,810e96e4-e456-4468-9b59-f4e8f39732c0,efe8e2a3-eace-427b-b4f1-cb8a937ec77d,e9aa9a3e-5b2b-4ac7-a2c7-073de2b2b24f,8bbdbcdd-5cd4-4100-b6d5-b7c9625b6107,50f4348b-c883-4e2f-8f11-ce233b859fa1,fda095cb-831d-4601-ad94-846013963de8,f92806d7-1768-443f-afe8-12bcde84d0f0,dd3a144d-ab7f-41f0-82b8-2e43a090d496,f0416e68-0200-4b77-a926-4f9d16e494da,970b0598-bcb0-4714-91fb-2e81440dccd8,bcd64cc6-2dd9-43f6-abbe-66318d332032,d930590d-bb92-4cc8-8bd1-23cd027f9edf,a3cd009f-0ab0-420d-9278-b9fdab939bbc,c27215d8-6835-4b68-bfbb-bdeac6100c04,b5d6115f-0370-4d7c-aad3-c194cc71cf98,871c3b6c-7379-419d-bda3-794b239ab90d
2024-9-28 23:20:12-debug:   Number of all scenes: 1
2024-9-28 23:20:12-debug: // ---- build task Query asset bundle ---- (33ms)
2024-9-28 23:20:12-debug: run build task Query asset bundle success in 33 ms√, progress: 5%
2024-9-28 23:20:12-debug: Query asset bundle start, progress: 5%
2024-9-28 23:20:12-debug: [Build Memory track]: Query asset bundle start:174.70MB, end 175.49MB, increase: 806.98KB
2024-9-28 23:20:12-debug: // ---- build task Query asset bundle ----
2024-9-28 23:20:12-debug: [Build Memory track]: Query asset bundle start:175.50MB, end 175.65MB, increase: 151.60KB
2024-9-28 23:20:12-debug: Sort some build options to settings.json start, progress: 10%
2024-9-28 23:20:12-debug: run build task Query asset bundle success in 3 ms√, progress: 10%
2024-9-28 23:20:12-debug: // ---- build task Query asset bundle ---- (3ms)
2024-9-28 23:20:12-debug: // ---- build task Sort some build options to settings.json ----
2024-9-28 23:20:12-debug: run build task Sort some build options to settings.json success in √, progress: 12%
2024-9-28 23:20:12-debug: [Build Memory track]: Sort some build options to settings.json start:175.66MB, end 175.68MB, increase: 12.62KB
2024-9-28 23:20:12-debug: Fill script data to settings start, progress: 12%
2024-9-28 23:20:12-debug: run build task Fill script data to settings success in 1 ms√, progress: 13%
2024-9-28 23:20:12-debug: // ---- build task Fill script data to settings ----
2024-9-28 23:20:12-debug: // ---- build task Fill script data to settings ---- (1ms)
2024-9-28 23:20:12-debug: [Build Memory track]: Fill script data to settings start:175.69MB, end 175.71MB, increase: 16.86KB
2024-9-28 23:20:12-debug: Sort some build options to settings.json start, progress: 13%
2024-9-28 23:20:12-debug: // ---- build task Sort some build options to settings.json ----
2024-9-28 23:20:12-debug: // ---- build task Sort some build options to settings.json ---- (4ms)
2024-9-28 23:20:12-debug: run build task Sort some build options to settings.json success in 4 ms√, progress: 15%
2024-9-28 23:20:12-debug: [Build Memory track]: Sort some build options to settings.json start:175.72MB, end 175.05MB, increase: -684.58KB
2024-9-28 23:26:36-debug: Query all assets info in project
2024-9-28 23:26:36-debug: init custom config: keepNodeUuid: false, useCache: true
2024-9-28 23:26:36-debug: Query asset bundle start, progress: 0%
2024-9-28 23:26:36-debug: // ---- build task Query asset bundle ----
2024-9-28 23:26:36-debug:   Number of all scenes: 1
2024-9-28 23:26:36-debug:   Number of all scripts: 36
2024-9-28 23:26:36-debug: Query preload assets from cc.config.json: 60f7195c-ec2a-45eb-ba94-8955f60e81d0,1c02ae6f-4492-4915-b8f8-7492a3b1e4cd,810e96e4-e456-4468-9b59-f4e8f39732c0,efe8e2a3-eace-427b-b4f1-cb8a937ec77d,e9aa9a3e-5b2b-4ac7-a2c7-073de2b2b24f,8bbdbcdd-5cd4-4100-b6d5-b7c9625b6107,50f4348b-c883-4e2f-8f11-ce233b859fa1,fda095cb-831d-4601-ad94-846013963de8,f92806d7-1768-443f-afe8-12bcde84d0f0,dd3a144d-ab7f-41f0-82b8-2e43a090d496,f0416e68-0200-4b77-a926-4f9d16e494da,970b0598-bcb0-4714-91fb-2e81440dccd8,bcd64cc6-2dd9-43f6-abbe-66318d332032,d930590d-bb92-4cc8-8bd1-23cd027f9edf,a3cd009f-0ab0-420d-9278-b9fdab939bbc,c27215d8-6835-4b68-bfbb-bdeac6100c04,b5d6115f-0370-4d7c-aad3-c194cc71cf98,871c3b6c-7379-419d-bda3-794b239ab90d
2024-9-28 23:26:36-debug:   Number of other assets: 906
2024-9-28 23:26:36-debug: // ---- build task Query asset bundle ---- (35ms)
2024-9-28 23:26:36-debug: run build task Query asset bundle success in 35 ms√, progress: 5%
2024-9-28 23:26:36-debug: [Build Memory track]: Query asset bundle start:175.58MB, end 175.42MB, increase: -165.75KB
2024-9-28 23:26:36-debug: Query asset bundle start, progress: 5%
2024-9-28 23:26:36-debug: // ---- build task Query asset bundle ----
2024-9-28 23:26:36-debug: run build task Query asset bundle success in 3 ms√, progress: 10%
2024-9-28 23:26:36-debug: [Build Memory track]: Query asset bundle start:175.43MB, end 175.58MB, increase: 151.51KB
2024-9-28 23:26:36-debug: Sort some build options to settings.json start, progress: 10%
2024-9-28 23:26:36-debug: // ---- build task Query asset bundle ---- (3ms)
2024-9-28 23:26:36-debug: // ---- build task Sort some build options to settings.json ----
2024-9-28 23:26:36-debug: [Build Memory track]: Sort some build options to settings.json start:175.59MB, end 175.61MB, increase: 17.48KB
2024-9-28 23:26:36-debug: run build task Sort some build options to settings.json success in 1 ms√, progress: 12%
2024-9-28 23:26:36-debug: Fill script data to settings start, progress: 12%
2024-9-28 23:26:36-debug: // ---- build task Sort some build options to settings.json ---- (1ms)
2024-9-28 23:26:36-debug: // ---- build task Fill script data to settings ----
2024-9-28 23:26:36-debug: // ---- build task Fill script data to settings ---- (1ms)
2024-9-28 23:26:36-debug: run build task Fill script data to settings success in 1 ms√, progress: 13%
2024-9-28 23:26:36-debug: // ---- build task Sort some build options to settings.json ----
2024-9-28 23:26:36-debug: [Build Memory track]: Fill script data to settings start:175.62MB, end 175.64MB, increase: 13.83KB
2024-9-28 23:26:36-debug: Sort some build options to settings.json start, progress: 13%
2024-9-28 23:26:36-debug: run build task Sort some build options to settings.json success in 3 ms√, progress: 15%
2024-9-28 23:26:36-debug: [Build Memory track]: Sort some build options to settings.json start:175.65MB, end 175.77MB, increase: 125.99KB
2024-9-28 23:26:36-debug: // ---- build task Sort some build options to settings.json ---- (3ms)
2024-9-28 23:27:32-debug: Query all assets info in project
2024-9-28 23:27:32-debug: init custom config: keepNodeUuid: false, useCache: true
2024-9-28 23:27:32-debug: Query asset bundle start, progress: 0%
2024-9-28 23:27:32-debug: // ---- build task Query asset bundle ----
2024-9-28 23:27:32-debug: Query preload assets from cc.config.json: 60f7195c-ec2a-45eb-ba94-8955f60e81d0,1c02ae6f-4492-4915-b8f8-7492a3b1e4cd,810e96e4-e456-4468-9b59-f4e8f39732c0,efe8e2a3-eace-427b-b4f1-cb8a937ec77d,e9aa9a3e-5b2b-4ac7-a2c7-073de2b2b24f,8bbdbcdd-5cd4-4100-b6d5-b7c9625b6107,50f4348b-c883-4e2f-8f11-ce233b859fa1,fda095cb-831d-4601-ad94-846013963de8,f92806d7-1768-443f-afe8-12bcde84d0f0,dd3a144d-ab7f-41f0-82b8-2e43a090d496,f0416e68-0200-4b77-a926-4f9d16e494da,970b0598-bcb0-4714-91fb-2e81440dccd8,bcd64cc6-2dd9-43f6-abbe-66318d332032,d930590d-bb92-4cc8-8bd1-23cd027f9edf,a3cd009f-0ab0-420d-9278-b9fdab939bbc,c27215d8-6835-4b68-bfbb-bdeac6100c04,b5d6115f-0370-4d7c-aad3-c194cc71cf98,871c3b6c-7379-419d-bda3-794b239ab90d
2024-9-28 23:27:32-debug:   Number of all scripts: 36
2024-9-28 23:27:32-debug:   Number of other assets: 906
2024-9-28 23:27:32-debug:   Number of all scenes: 1
2024-9-28 23:27:32-debug: [Build Memory track]: Query asset bundle start:176.46MB, end 176.42MB, increase: -40.73KB
2024-9-28 23:27:32-debug: Query asset bundle start, progress: 5%
2024-9-28 23:27:32-debug: // ---- build task Query asset bundle ---- (22ms)
2024-9-28 23:27:32-debug: run build task Query asset bundle success in 22 ms√, progress: 5%
2024-9-28 23:27:32-debug: // ---- build task Query asset bundle ----
2024-9-28 23:27:32-debug: [Build Memory track]: Query asset bundle start:176.43MB, end 176.58MB, increase: 150.56KB
2024-9-28 23:27:32-debug: run build task Query asset bundle success in 3 ms√, progress: 10%
2024-9-28 23:27:32-debug: // ---- build task Query asset bundle ---- (3ms)
2024-9-28 23:27:32-debug: Sort some build options to settings.json start, progress: 10%
2024-9-28 23:27:32-debug: // ---- build task Sort some build options to settings.json ----
2024-9-28 23:27:32-debug: // ---- build task Sort some build options to settings.json ---- (2ms)
2024-9-28 23:27:32-debug: run build task Sort some build options to settings.json success in 2 ms√, progress: 12%
2024-9-28 23:27:32-debug: [Build Memory track]: Sort some build options to settings.json start:176.59MB, end 176.61MB, increase: 14.76KB
2024-9-28 23:27:32-debug: Fill script data to settings start, progress: 12%
2024-9-28 23:27:32-debug: // ---- build task Fill script data to settings ----
2024-9-28 23:27:32-debug: // ---- build task Fill script data to settings ---- (1ms)
2024-9-28 23:27:32-debug: run build task Fill script data to settings success in 1 ms√, progress: 13%
2024-9-28 23:27:32-debug: [Build Memory track]: Fill script data to settings start:176.62MB, end 176.63MB, increase: 15.45KB
2024-9-28 23:27:32-debug: Sort some build options to settings.json start, progress: 13%
2024-9-28 23:27:32-debug: // ---- build task Sort some build options to settings.json ----
2024-9-28 23:27:32-debug: [Build Memory track]: Sort some build options to settings.json start:176.65MB, end 176.77MB, increase: 123.35KB
2024-9-28 23:27:32-debug: run build task Sort some build options to settings.json success in 4 ms√, progress: 15%
2024-9-28 23:27:32-debug: // ---- build task Sort some build options to settings.json ---- (4ms)
2024-9-28 23:30:52-debug: refresh db internal success
2024-9-28 23:30:52-debug: %cImport%c: E:\git\Cramped_Room_Of_Death\assets\scripts\player\PlayerManager.tsbackground: #aaff85; color: #000;color: #000;
2024-9-28 23:30:52-debug: refresh db assets success
2024-9-28 23:30:52-debug: Run asset db hook engine-extends:afterRefresh success!
2024-9-28 23:30:52-debug: Run asset db hook engine-extends:afterRefresh ...
2024-9-28 23:30:52-debug: asset-db:refresh-all-database (366ms)
2024-9-28 23:30:52-debug: asset-db:worker-effect-data-processing (1ms)
2024-9-28 23:30:52-debug: asset-db-hook-engine-extends-afterRefresh (1ms)
2024-9-28 23:31:48-debug: Query all assets info in project
2024-9-28 23:31:48-debug: init custom config: keepNodeUuid: false, useCache: true
2024-9-28 23:31:48-debug: Query asset bundle start, progress: 0%
2024-9-28 23:31:48-debug: // ---- build task Query asset bundle ----
2024-9-28 23:31:48-debug:   Number of all scripts: 36
2024-9-28 23:31:48-debug:   Number of other assets: 906
2024-9-28 23:31:48-debug: Query preload assets from cc.config.json: 60f7195c-ec2a-45eb-ba94-8955f60e81d0,1c02ae6f-4492-4915-b8f8-7492a3b1e4cd,810e96e4-e456-4468-9b59-f4e8f39732c0,efe8e2a3-eace-427b-b4f1-cb8a937ec77d,e9aa9a3e-5b2b-4ac7-a2c7-073de2b2b24f,8bbdbcdd-5cd4-4100-b6d5-b7c9625b6107,50f4348b-c883-4e2f-8f11-ce233b859fa1,fda095cb-831d-4601-ad94-846013963de8,f92806d7-1768-443f-afe8-12bcde84d0f0,dd3a144d-ab7f-41f0-82b8-2e43a090d496,f0416e68-0200-4b77-a926-4f9d16e494da,970b0598-bcb0-4714-91fb-2e81440dccd8,bcd64cc6-2dd9-43f6-abbe-66318d332032,d930590d-bb92-4cc8-8bd1-23cd027f9edf,a3cd009f-0ab0-420d-9278-b9fdab939bbc,c27215d8-6835-4b68-bfbb-bdeac6100c04,b5d6115f-0370-4d7c-aad3-c194cc71cf98,871c3b6c-7379-419d-bda3-794b239ab90d
2024-9-28 23:31:48-debug:   Number of all scenes: 1
2024-9-28 23:31:48-debug: // ---- build task Query asset bundle ---- (25ms)
2024-9-28 23:31:48-debug: [Build Memory track]: Query asset bundle start:178.08MB, end 178.77MB, increase: 705.54KB
2024-9-28 23:31:48-debug: run build task Query asset bundle success in 25 ms√, progress: 5%
2024-9-28 23:31:48-debug: Query asset bundle start, progress: 5%
2024-9-28 23:31:48-debug: // ---- build task Query asset bundle ----
2024-9-28 23:31:48-debug: Sort some build options to settings.json start, progress: 10%
2024-9-28 23:31:48-debug: [Build Memory track]: Query asset bundle start:178.79MB, end 178.93MB, increase: 151.38KB
2024-9-28 23:31:48-debug: // ---- build task Query asset bundle ---- (3ms)
2024-9-28 23:31:48-debug: run build task Query asset bundle success in 3 ms√, progress: 10%
2024-9-28 23:31:48-debug: // ---- build task Sort some build options to settings.json ----
2024-9-28 23:31:48-debug: // ---- build task Sort some build options to settings.json ---- (2ms)
2024-9-28 23:31:48-debug: run build task Sort some build options to settings.json success in 2 ms√, progress: 12%
2024-9-28 23:31:48-debug: [Build Memory track]: Sort some build options to settings.json start:178.95MB, end 178.97MB, increase: 19.30KB
2024-9-28 23:31:48-debug: Fill script data to settings start, progress: 12%
2024-9-28 23:31:48-debug: // ---- build task Fill script data to settings ----
2024-9-28 23:31:48-debug: [Build Memory track]: Fill script data to settings start:178.98MB, end 179.00MB, increase: 18.84KB
2024-9-28 23:31:48-debug: run build task Fill script data to settings success in 1 ms√, progress: 13%
2024-9-28 23:31:48-debug: // ---- build task Fill script data to settings ---- (1ms)
2024-9-28 23:31:48-debug: Sort some build options to settings.json start, progress: 13%
2024-9-28 23:31:48-debug: // ---- build task Sort some build options to settings.json ----
2024-9-28 23:31:48-debug: run build task Sort some build options to settings.json success in 5 ms√, progress: 15%
2024-9-28 23:31:48-debug: [Build Memory track]: Sort some build options to settings.json start:179.01MB, end 178.26MB, increase: -771.59KB
2024-9-28 23:31:48-debug: // ---- build task Sort some build options to settings.json ---- (5ms)
2024-9-28 23:31:57-debug: Query all assets info in project
2024-9-28 23:31:57-debug: init custom config: keepNodeUuid: false, useCache: true
2024-9-28 23:31:57-debug: Query asset bundle start, progress: 0%
2024-9-28 23:31:57-debug: // ---- build task Query asset bundle ----
2024-9-28 23:31:57-debug: Query preload assets from cc.config.json: 60f7195c-ec2a-45eb-ba94-8955f60e81d0,1c02ae6f-4492-4915-b8f8-7492a3b1e4cd,810e96e4-e456-4468-9b59-f4e8f39732c0,efe8e2a3-eace-427b-b4f1-cb8a937ec77d,e9aa9a3e-5b2b-4ac7-a2c7-073de2b2b24f,8bbdbcdd-5cd4-4100-b6d5-b7c9625b6107,50f4348b-c883-4e2f-8f11-ce233b859fa1,fda095cb-831d-4601-ad94-846013963de8,f92806d7-1768-443f-afe8-12bcde84d0f0,dd3a144d-ab7f-41f0-82b8-2e43a090d496,f0416e68-0200-4b77-a926-4f9d16e494da,970b0598-bcb0-4714-91fb-2e81440dccd8,bcd64cc6-2dd9-43f6-abbe-66318d332032,d930590d-bb92-4cc8-8bd1-23cd027f9edf,a3cd009f-0ab0-420d-9278-b9fdab939bbc,c27215d8-6835-4b68-bfbb-bdeac6100c04,b5d6115f-0370-4d7c-aad3-c194cc71cf98,871c3b6c-7379-419d-bda3-794b239ab90d
2024-9-28 23:31:57-debug:   Number of all scripts: 36
2024-9-28 23:31:57-debug:   Number of other assets: 906
2024-9-28 23:31:57-debug:   Number of all scenes: 1
2024-9-28 23:31:57-debug: // ---- build task Query asset bundle ---- (19ms)
2024-9-28 23:31:57-debug: run build task Query asset bundle success in 19 ms√, progress: 5%
2024-9-28 23:31:57-debug: Query asset bundle start, progress: 5%
2024-9-28 23:31:57-debug: [Build Memory track]: Query asset bundle start:178.33MB, end 178.99MB, increase: 674.98KB
2024-9-28 23:31:57-debug: // ---- build task Query asset bundle ----
2024-9-28 23:31:57-debug: [Build Memory track]: Query asset bundle start:179.00MB, end 179.15MB, increase: 151.49KB
2024-9-28 23:31:57-debug: Sort some build options to settings.json start, progress: 10%
2024-9-28 23:31:57-debug: run build task Query asset bundle success in 3 ms√, progress: 10%
2024-9-28 23:31:57-debug: // ---- build task Query asset bundle ---- (3ms)
2024-9-28 23:31:57-debug: // ---- build task Sort some build options to settings.json ----
2024-9-28 23:31:57-debug: // ---- build task Sort some build options to settings.json ---- (1ms)
2024-9-28 23:31:57-debug: run build task Sort some build options to settings.json success in 1 ms√, progress: 12%
2024-9-28 23:31:57-debug: Fill script data to settings start, progress: 12%
2024-9-28 23:31:57-debug: [Build Memory track]: Sort some build options to settings.json start:179.16MB, end 179.18MB, increase: 15.75KB
2024-9-28 23:31:57-debug: // ---- build task Fill script data to settings ----
2024-9-28 23:31:57-debug: // ---- build task Fill script data to settings ---- (1ms)
2024-9-28 23:31:57-debug: run build task Fill script data to settings success in 1 ms√, progress: 13%
2024-9-28 23:31:57-debug: Sort some build options to settings.json start, progress: 13%
2024-9-28 23:31:57-debug: [Build Memory track]: Fill script data to settings start:179.19MB, end 179.21MB, increase: 15.26KB
2024-9-28 23:31:57-debug: // ---- build task Sort some build options to settings.json ----
2024-9-28 23:31:57-debug: run build task Sort some build options to settings.json success in 5 ms√, progress: 15%
2024-9-28 23:31:57-debug: [Build Memory track]: Sort some build options to settings.json start:179.22MB, end 178.53MB, increase: -710.96KB
2024-9-28 23:31:57-debug: // ---- build task Sort some build options to settings.json ---- (5ms)
2024-9-28 23:32:58-debug: refresh db internal success
2024-9-28 23:32:58-debug: %cImport%c: E:\git\Cramped_Room_Of_Death\assets\runtime\DataManager.tsbackground: #aaff85; color: #000;color: #000;
2024-9-28 23:32:58-debug: Run asset db hook engine-extends:afterRefresh ...
2024-9-28 23:32:58-debug: Run asset db hook engine-extends:afterRefresh success!
2024-9-28 23:32:58-debug: refresh db assets success
2024-9-28 23:32:58-debug: asset-db:refresh-all-database (353ms)
2024-9-28 23:32:58-debug: asset-db:worker-effect-data-processing (1ms)
2024-9-28 23:32:58-debug: asset-db-hook-engine-extends-afterRefresh (2ms)
2024-9-28 23:33:05-debug: refresh db internal success
2024-9-28 23:33:05-debug: Run asset db hook engine-extends:afterRefresh ...
2024-9-28 23:33:05-debug: refresh db assets success
2024-9-28 23:33:05-debug: Run asset db hook engine-extends:afterRefresh success!
2024-9-28 23:33:05-debug: asset-db:refresh-all-database (340ms)
2024-9-28 23:33:05-debug: asset-db:worker-effect-data-processing (1ms)
2024-9-28 23:33:05-debug: asset-db-hook-engine-extends-afterRefresh (1ms)
2024-9-28 23:33:06-debug: Query all assets info in project
2024-9-28 23:33:06-debug: init custom config: keepNodeUuid: false, useCache: true
2024-9-28 23:33:06-debug: Query asset bundle start, progress: 0%
2024-9-28 23:33:06-debug: // ---- build task Query asset bundle ----
2024-9-28 23:33:06-debug:   Number of all scenes: 1
2024-9-28 23:33:06-debug: Query preload assets from cc.config.json: 60f7195c-ec2a-45eb-ba94-8955f60e81d0,1c02ae6f-4492-4915-b8f8-7492a3b1e4cd,810e96e4-e456-4468-9b59-f4e8f39732c0,efe8e2a3-eace-427b-b4f1-cb8a937ec77d,e9aa9a3e-5b2b-4ac7-a2c7-073de2b2b24f,8bbdbcdd-5cd4-4100-b6d5-b7c9625b6107,50f4348b-c883-4e2f-8f11-ce233b859fa1,fda095cb-831d-4601-ad94-846013963de8,f92806d7-1768-443f-afe8-12bcde84d0f0,dd3a144d-ab7f-41f0-82b8-2e43a090d496,f0416e68-0200-4b77-a926-4f9d16e494da,970b0598-bcb0-4714-91fb-2e81440dccd8,bcd64cc6-2dd9-43f6-abbe-66318d332032,d930590d-bb92-4cc8-8bd1-23cd027f9edf,a3cd009f-0ab0-420d-9278-b9fdab939bbc,c27215d8-6835-4b68-bfbb-bdeac6100c04,b5d6115f-0370-4d7c-aad3-c194cc71cf98,871c3b6c-7379-419d-bda3-794b239ab90d
2024-9-28 23:33:06-debug:   Number of other assets: 906
2024-9-28 23:33:06-debug:   Number of all scripts: 36
2024-9-28 23:33:06-debug: run build task Query asset bundle success in 25 ms√, progress: 5%
2024-9-28 23:33:06-debug: // ---- build task Query asset bundle ---- (25ms)
2024-9-28 23:33:06-debug: [Build Memory track]: Query asset bundle start:181.22MB, end 182.87MB, increase: 1.65MB
2024-9-28 23:33:06-debug: // ---- build task Query asset bundle ----
2024-9-28 23:33:06-debug: Query asset bundle start, progress: 5%
2024-9-28 23:33:06-debug: // ---- build task Query asset bundle ---- (5ms)
2024-9-28 23:33:06-debug: run build task Query asset bundle success in 5 ms√, progress: 10%
2024-9-28 23:33:06-debug: Sort some build options to settings.json start, progress: 10%
2024-9-28 23:33:06-debug: [Build Memory track]: Query asset bundle start:182.88MB, end 183.01MB, increase: 137.59KB
2024-9-28 23:33:06-debug: // ---- build task Sort some build options to settings.json ----
2024-9-28 23:33:06-debug: // ---- build task Sort some build options to settings.json ---- (2ms)
2024-9-28 23:33:06-debug: run build task Sort some build options to settings.json success in 2 ms√, progress: 12%
2024-9-28 23:33:06-debug: [Build Memory track]: Sort some build options to settings.json start:183.03MB, end 183.04MB, increase: 15.82KB
2024-9-28 23:33:06-debug: Fill script data to settings start, progress: 12%
2024-9-28 23:33:06-debug: // ---- build task Fill script data to settings ----
2024-9-28 23:33:06-debug: // ---- build task Fill script data to settings ---- (2ms)
2024-9-28 23:33:06-debug: [Build Memory track]: Fill script data to settings start:183.06MB, end 183.08MB, increase: 17.83KB
2024-9-28 23:33:06-debug: Sort some build options to settings.json start, progress: 13%
2024-9-28 23:33:06-debug: run build task Fill script data to settings success in 2 ms√, progress: 13%
2024-9-28 23:33:06-debug: // ---- build task Sort some build options to settings.json ----
2024-9-28 23:33:06-debug: // ---- build task Sort some build options to settings.json ---- (6ms)
2024-9-28 23:33:06-debug: [Build Memory track]: Sort some build options to settings.json start:183.09MB, end 183.21MB, increase: 119.91KB
2024-9-28 23:33:06-debug: run build task Sort some build options to settings.json success in 6 ms√, progress: 15%
2024-9-28 23:33:15-debug: Query all assets info in project
2024-9-28 23:33:15-debug: init custom config: keepNodeUuid: false, useCache: true
2024-9-28 23:33:15-debug: Query asset bundle start, progress: 0%
2024-9-28 23:33:15-debug: // ---- build task Query asset bundle ----
2024-9-28 23:33:15-debug:   Number of other assets: 906
2024-9-28 23:33:15-debug: Query preload assets from cc.config.json: 60f7195c-ec2a-45eb-ba94-8955f60e81d0,1c02ae6f-4492-4915-b8f8-7492a3b1e4cd,810e96e4-e456-4468-9b59-f4e8f39732c0,efe8e2a3-eace-427b-b4f1-cb8a937ec77d,e9aa9a3e-5b2b-4ac7-a2c7-073de2b2b24f,8bbdbcdd-5cd4-4100-b6d5-b7c9625b6107,50f4348b-c883-4e2f-8f11-ce233b859fa1,fda095cb-831d-4601-ad94-846013963de8,f92806d7-1768-443f-afe8-12bcde84d0f0,dd3a144d-ab7f-41f0-82b8-2e43a090d496,f0416e68-0200-4b77-a926-4f9d16e494da,970b0598-bcb0-4714-91fb-2e81440dccd8,bcd64cc6-2dd9-43f6-abbe-66318d332032,d930590d-bb92-4cc8-8bd1-23cd027f9edf,a3cd009f-0ab0-420d-9278-b9fdab939bbc,c27215d8-6835-4b68-bfbb-bdeac6100c04,b5d6115f-0370-4d7c-aad3-c194cc71cf98,871c3b6c-7379-419d-bda3-794b239ab90d
2024-9-28 23:33:15-debug:   Number of all scripts: 36
2024-9-28 23:33:15-debug:   Number of all scenes: 1
2024-9-28 23:33:15-debug: // ---- build task Query asset bundle ---- (23ms)
2024-9-28 23:33:15-debug: run build task Query asset bundle success in 23 ms√, progress: 5%
2024-9-28 23:33:15-debug: [Build Memory track]: Query asset bundle start:181.60MB, end 182.30MB, increase: 720.05KB
2024-9-28 23:33:15-debug: Query asset bundle start, progress: 5%
2024-9-28 23:33:15-debug: // ---- build task Query asset bundle ----
2024-9-28 23:33:15-debug: run build task Query asset bundle success in 2 ms√, progress: 10%
2024-9-28 23:33:15-debug: [Build Memory track]: Query asset bundle start:182.31MB, end 182.45MB, increase: 137.59KB
2024-9-28 23:33:15-debug: Sort some build options to settings.json start, progress: 10%
2024-9-28 23:33:15-debug: // ---- build task Query asset bundle ---- (2ms)
2024-9-28 23:33:15-debug: // ---- build task Sort some build options to settings.json ----
2024-9-28 23:33:15-debug: // ---- build task Sort some build options to settings.json ---- (2ms)
2024-9-28 23:33:15-debug: run build task Sort some build options to settings.json success in 2 ms√, progress: 12%
2024-9-28 23:33:15-debug: [Build Memory track]: Sort some build options to settings.json start:182.46MB, end 182.48MB, increase: 14.65KB
2024-9-28 23:33:15-debug: Fill script data to settings start, progress: 12%
2024-9-28 23:33:15-debug: // ---- build task Fill script data to settings ----
2024-9-28 23:33:15-debug: // ---- build task Fill script data to settings ---- (1ms)
2024-9-28 23:33:15-debug: run build task Fill script data to settings success in 1 ms√, progress: 13%
2024-9-28 23:33:15-debug: [Build Memory track]: Fill script data to settings start:182.49MB, end 182.51MB, increase: 15.76KB
2024-9-28 23:33:15-debug: // ---- build task Sort some build options to settings.json ----
2024-9-28 23:33:15-debug: Sort some build options to settings.json start, progress: 13%
2024-9-28 23:33:15-debug: [Build Memory track]: Sort some build options to settings.json start:182.52MB, end 182.64MB, increase: 122.93KB
2024-9-28 23:33:15-debug: // ---- build task Sort some build options to settings.json ---- (4ms)
2024-9-28 23:33:15-debug: run build task Sort some build options to settings.json success in 4 ms√, progress: 15%
2024-9-28 23:36:43-debug: Query all assets info in project
2024-9-28 23:36:43-debug: init custom config: keepNodeUuid: false, useCache: true
2024-9-28 23:36:43-debug: // ---- build task Query asset bundle ----
2024-9-28 23:36:43-debug: Query asset bundle start, progress: 0%
2024-9-28 23:36:43-debug:   Number of all scenes: 1
2024-9-28 23:36:43-debug:   Number of other assets: 906
2024-9-28 23:36:43-debug: Query preload assets from cc.config.json: 60f7195c-ec2a-45eb-ba94-8955f60e81d0,1c02ae6f-4492-4915-b8f8-7492a3b1e4cd,810e96e4-e456-4468-9b59-f4e8f39732c0,efe8e2a3-eace-427b-b4f1-cb8a937ec77d,e9aa9a3e-5b2b-4ac7-a2c7-073de2b2b24f,8bbdbcdd-5cd4-4100-b6d5-b7c9625b6107,50f4348b-c883-4e2f-8f11-ce233b859fa1,fda095cb-831d-4601-ad94-846013963de8,f92806d7-1768-443f-afe8-12bcde84d0f0,dd3a144d-ab7f-41f0-82b8-2e43a090d496,f0416e68-0200-4b77-a926-4f9d16e494da,970b0598-bcb0-4714-91fb-2e81440dccd8,bcd64cc6-2dd9-43f6-abbe-66318d332032,d930590d-bb92-4cc8-8bd1-23cd027f9edf,a3cd009f-0ab0-420d-9278-b9fdab939bbc,c27215d8-6835-4b68-bfbb-bdeac6100c04,b5d6115f-0370-4d7c-aad3-c194cc71cf98,871c3b6c-7379-419d-bda3-794b239ab90d
2024-9-28 23:36:43-debug:   Number of all scripts: 36
2024-9-28 23:36:43-debug: // ---- build task Query asset bundle ---- (34ms)
2024-9-28 23:36:43-debug: // ---- build task Query asset bundle ----
2024-9-28 23:36:43-debug: run build task Query asset bundle success in 34 ms√, progress: 5%
2024-9-28 23:36:43-debug: [Build Memory track]: Query asset bundle start:182.52MB, end 182.50MB, increase: -22.41KB
2024-9-28 23:36:43-debug: Query asset bundle start, progress: 5%
2024-9-28 23:36:43-debug: [Build Memory track]: Query asset bundle start:182.51MB, end 182.65MB, increase: 137.61KB
2024-9-28 23:36:43-debug: // ---- build task Query asset bundle ---- (2ms)
2024-9-28 23:36:43-debug: Sort some build options to settings.json start, progress: 10%
2024-9-28 23:36:43-debug: run build task Query asset bundle success in 2 ms√, progress: 10%
2024-9-28 23:36:43-debug: // ---- build task Sort some build options to settings.json ----
2024-9-28 23:36:43-debug: // ---- build task Sort some build options to settings.json ---- (2ms)
2024-9-28 23:36:43-debug: run build task Sort some build options to settings.json success in 2 ms√, progress: 12%
2024-9-28 23:36:43-debug: Fill script data to settings start, progress: 12%
2024-9-28 23:36:43-debug: // ---- build task Fill script data to settings ----
2024-9-28 23:36:43-debug: [Build Memory track]: Sort some build options to settings.json start:182.66MB, end 182.68MB, increase: 14.75KB
2024-9-28 23:36:43-debug: // ---- build task Fill script data to settings ---- (1ms)
2024-9-28 23:36:43-debug: run build task Fill script data to settings success in 1 ms√, progress: 13%
2024-9-28 23:36:43-debug: [Build Memory track]: Fill script data to settings start:182.69MB, end 182.71MB, increase: 15.40KB
2024-9-28 23:36:43-debug: Sort some build options to settings.json start, progress: 13%
2024-9-28 23:36:43-debug: // ---- build task Sort some build options to settings.json ----
2024-9-28 23:36:43-debug: run build task Sort some build options to settings.json success in 4 ms√, progress: 15%
2024-9-28 23:36:43-debug: [Build Memory track]: Sort some build options to settings.json start:182.72MB, end 182.84MB, increase: 123.39KB
2024-9-28 23:36:43-debug: // ---- build task Sort some build options to settings.json ---- (4ms)
2024-9-28 23:36:49-debug: Query all assets info in project
2024-9-28 23:36:49-debug: init custom config: keepNodeUuid: false, useCache: true
2024-9-28 23:36:49-debug: Query asset bundle start, progress: 0%
2024-9-28 23:36:49-debug: // ---- build task Query asset bundle ----
2024-9-28 23:36:49-debug:   Number of all scripts: 36
2024-9-28 23:36:49-debug:   Number of other assets: 906
2024-9-28 23:36:49-debug: Query preload assets from cc.config.json: 60f7195c-ec2a-45eb-ba94-8955f60e81d0,1c02ae6f-4492-4915-b8f8-7492a3b1e4cd,810e96e4-e456-4468-9b59-f4e8f39732c0,efe8e2a3-eace-427b-b4f1-cb8a937ec77d,e9aa9a3e-5b2b-4ac7-a2c7-073de2b2b24f,8bbdbcdd-5cd4-4100-b6d5-b7c9625b6107,50f4348b-c883-4e2f-8f11-ce233b859fa1,fda095cb-831d-4601-ad94-846013963de8,f92806d7-1768-443f-afe8-12bcde84d0f0,dd3a144d-ab7f-41f0-82b8-2e43a090d496,f0416e68-0200-4b77-a926-4f9d16e494da,970b0598-bcb0-4714-91fb-2e81440dccd8,bcd64cc6-2dd9-43f6-abbe-66318d332032,d930590d-bb92-4cc8-8bd1-23cd027f9edf,a3cd009f-0ab0-420d-9278-b9fdab939bbc,c27215d8-6835-4b68-bfbb-bdeac6100c04,b5d6115f-0370-4d7c-aad3-c194cc71cf98,871c3b6c-7379-419d-bda3-794b239ab90d
2024-9-28 23:36:49-debug:   Number of all scenes: 1
2024-9-28 23:36:49-debug: run build task Query asset bundle success in 20 ms√, progress: 5%
2024-9-28 23:36:49-debug: // ---- build task Query asset bundle ---- (20ms)
2024-9-28 23:36:49-debug: [Build Memory track]: Query asset bundle start:182.45MB, end 183.09MB, increase: 662.58KB
2024-9-28 23:36:49-debug: // ---- build task Query asset bundle ----
2024-9-28 23:36:49-debug: Query asset bundle start, progress: 5%
2024-9-28 23:36:49-debug: // ---- build task Query asset bundle ---- (24ms)
2024-9-28 23:36:49-debug: [Build Memory track]: Query asset bundle start:183.11MB, end 163.07MB, increase: -20517.77KB
2024-9-28 23:36:49-debug: Sort some build options to settings.json start, progress: 10%
2024-9-28 23:36:49-debug: run build task Query asset bundle success in 24 ms√, progress: 10%
2024-9-28 23:36:49-debug: // ---- build task Sort some build options to settings.json ----
2024-9-28 23:36:49-debug: // ---- build task Sort some build options to settings.json ---- (1ms)
2024-9-28 23:36:49-debug: run build task Sort some build options to settings.json success in 1 ms√, progress: 12%
2024-9-28 23:36:49-debug: [Build Memory track]: Sort some build options to settings.json start:163.09MB, end 163.10MB, increase: 18.83KB
2024-9-28 23:36:49-debug: Fill script data to settings start, progress: 12%
2024-9-28 23:36:49-debug: // ---- build task Fill script data to settings ----
2024-9-28 23:36:49-debug: // ---- build task Fill script data to settings ---- (1ms)
2024-9-28 23:36:49-debug: run build task Fill script data to settings success in 1 ms√, progress: 13%
2024-9-28 23:36:49-debug: Sort some build options to settings.json start, progress: 13%
2024-9-28 23:36:49-debug: [Build Memory track]: Fill script data to settings start:163.12MB, end 163.13MB, increase: 14.85KB
2024-9-28 23:36:49-debug: // ---- build task Sort some build options to settings.json ----
2024-9-28 23:36:49-debug: run build task Sort some build options to settings.json success in 5 ms√, progress: 15%
2024-9-28 23:36:49-debug: [Build Memory track]: Sort some build options to settings.json start:163.15MB, end 163.27MB, increase: 125.84KB
2024-9-28 23:36:49-debug: // ---- build task Sort some build options to settings.json ---- (5ms)
2024-9-28 23:38:17-debug: refresh db internal success
2024-9-28 23:38:17-debug: %cImport%c: E:\git\Cramped_Room_Of_Death\assets\runtime\DataManager.tsbackground: #aaff85; color: #000;color: #000;
2024-9-28 23:38:17-debug: %cImport%c: E:\git\Cramped_Room_Of_Death\assets\scripts\woodenSkeleton\WoodenSkeletonManager.tsbackground: #aaff85; color: #000;color: #000;
2024-9-28 23:38:17-debug: %cImport%c: E:\git\Cramped_Room_Of_Death\assets\scripts\scenes\BattleManager.tsbackground: #aaff85; color: #000;color: #000;
2024-9-28 23:38:17-debug: refresh db assets success
2024-9-28 23:38:17-debug: Run asset db hook engine-extends:afterRefresh ...
2024-9-28 23:38:17-debug: Run asset db hook engine-extends:afterRefresh success!
2024-9-28 23:38:17-debug: asset-db:refresh-all-database (353ms)
2024-9-28 23:38:17-debug: asset-db:worker-effect-data-processing (1ms)
2024-9-28 23:38:17-debug: asset-db-hook-engine-extends-afterRefresh (1ms)
2024-9-28 23:38:39-debug: refresh db internal success
2024-9-28 23:38:39-debug: %cImport%c: E:\git\Cramped_Room_Of_Death\assets\scripts\scenes\BattleManager.tsbackground: #aaff85; color: #000;color: #000;
2024-9-28 23:38:40-debug: Run asset db hook engine-extends:afterRefresh ...
2024-9-28 23:38:40-debug: Run asset db hook engine-extends:afterRefresh success!
2024-9-28 23:38:40-debug: refresh db assets success
2024-9-28 23:38:40-debug: asset-db:refresh-all-database (352ms)
2024-9-28 23:38:40-debug: asset-db:worker-effect-data-processing (1ms)
2024-9-28 23:38:40-debug: asset-db-hook-engine-extends-afterRefresh (1ms)
2024-9-28 23:38:40-debug: Query all assets info in project
2024-9-28 23:38:40-debug: init custom config: keepNodeUuid: false, useCache: true
2024-9-28 23:38:40-debug: Query asset bundle start, progress: 0%
2024-9-28 23:38:40-debug: // ---- build task Query asset bundle ----
2024-9-28 23:38:40-debug:   Number of all scripts: 36
2024-9-28 23:38:40-debug: Query preload assets from cc.config.json: 60f7195c-ec2a-45eb-ba94-8955f60e81d0,1c02ae6f-4492-4915-b8f8-7492a3b1e4cd,810e96e4-e456-4468-9b59-f4e8f39732c0,efe8e2a3-eace-427b-b4f1-cb8a937ec77d,e9aa9a3e-5b2b-4ac7-a2c7-073de2b2b24f,8bbdbcdd-5cd4-4100-b6d5-b7c9625b6107,50f4348b-c883-4e2f-8f11-ce233b859fa1,fda095cb-831d-4601-ad94-846013963de8,f92806d7-1768-443f-afe8-12bcde84d0f0,dd3a144d-ab7f-41f0-82b8-2e43a090d496,f0416e68-0200-4b77-a926-4f9d16e494da,970b0598-bcb0-4714-91fb-2e81440dccd8,bcd64cc6-2dd9-43f6-abbe-66318d332032,d930590d-bb92-4cc8-8bd1-23cd027f9edf,a3cd009f-0ab0-420d-9278-b9fdab939bbc,c27215d8-6835-4b68-bfbb-bdeac6100c04,b5d6115f-0370-4d7c-aad3-c194cc71cf98,871c3b6c-7379-419d-bda3-794b239ab90d
2024-9-28 23:38:40-debug:   Number of other assets: 906
2024-9-28 23:38:40-debug:   Number of all scenes: 1
2024-9-28 23:38:40-debug: Query asset bundle start, progress: 5%
2024-9-28 23:38:40-debug: run build task Query asset bundle success in 33 ms√, progress: 5%
2024-9-28 23:38:40-debug: [Build Memory track]: Query asset bundle start:166.49MB, end 167.15MB, increase: 670.90KB
2024-9-28 23:38:40-debug: // ---- build task Query asset bundle ----
2024-9-28 23:38:40-debug: // ---- build task Query asset bundle ---- (33ms)
2024-9-28 23:38:40-debug: // ---- build task Query asset bundle ---- (3ms)
2024-9-28 23:38:40-debug: run build task Query asset bundle success in 3 ms√, progress: 10%
2024-9-28 23:38:40-debug: Sort some build options to settings.json start, progress: 10%
2024-9-28 23:38:40-debug: [Build Memory track]: Query asset bundle start:167.16MB, end 167.29MB, increase: 137.60KB
2024-9-28 23:38:40-debug: // ---- build task Sort some build options to settings.json ----
2024-9-28 23:38:40-debug: run build task Sort some build options to settings.json success in √, progress: 12%
2024-9-28 23:38:40-debug: [Build Memory track]: Sort some build options to settings.json start:167.31MB, end 167.32MB, increase: 10.45KB
2024-9-28 23:38:40-debug: Fill script data to settings start, progress: 12%
2024-9-28 23:38:40-debug: // ---- build task Fill script data to settings ----
2024-9-28 23:38:40-debug: // ---- build task Fill script data to settings ---- (1ms)
2024-9-28 23:38:40-debug: run build task Fill script data to settings success in 1 ms√, progress: 13%
2024-9-28 23:38:40-debug: [Build Memory track]: Fill script data to settings start:167.33MB, end 167.35MB, increase: 17.63KB
2024-9-28 23:38:40-debug: Sort some build options to settings.json start, progress: 13%
2024-9-28 23:38:40-debug: // ---- build task Sort some build options to settings.json ----
2024-9-28 23:38:40-debug: run build task Sort some build options to settings.json success in 3 ms√, progress: 15%
2024-9-28 23:38:40-debug: [Build Memory track]: Sort some build options to settings.json start:167.36MB, end 167.48MB, increase: 123.56KB
2024-9-28 23:38:40-debug: // ---- build task Sort some build options to settings.json ---- (3ms)
2024-9-28 23:38:41-debug: Query all assets info in project
2024-9-28 23:38:41-debug: init custom config: keepNodeUuid: false, useCache: true
2024-9-28 23:38:41-debug: Query asset bundle start, progress: 0%
2024-9-28 23:38:41-debug: // ---- build task Query asset bundle ----
2024-9-28 23:38:41-debug:   Number of other assets: 906
2024-9-28 23:38:41-debug: Query preload assets from cc.config.json: 60f7195c-ec2a-45eb-ba94-8955f60e81d0,1c02ae6f-4492-4915-b8f8-7492a3b1e4cd,810e96e4-e456-4468-9b59-f4e8f39732c0,efe8e2a3-eace-427b-b4f1-cb8a937ec77d,e9aa9a3e-5b2b-4ac7-a2c7-073de2b2b24f,8bbdbcdd-5cd4-4100-b6d5-b7c9625b6107,50f4348b-c883-4e2f-8f11-ce233b859fa1,fda095cb-831d-4601-ad94-846013963de8,f92806d7-1768-443f-afe8-12bcde84d0f0,dd3a144d-ab7f-41f0-82b8-2e43a090d496,f0416e68-0200-4b77-a926-4f9d16e494da,970b0598-bcb0-4714-91fb-2e81440dccd8,bcd64cc6-2dd9-43f6-abbe-66318d332032,d930590d-bb92-4cc8-8bd1-23cd027f9edf,a3cd009f-0ab0-420d-9278-b9fdab939bbc,c27215d8-6835-4b68-bfbb-bdeac6100c04,b5d6115f-0370-4d7c-aad3-c194cc71cf98,871c3b6c-7379-419d-bda3-794b239ab90d
2024-9-28 23:38:41-debug:   Number of all scenes: 1
2024-9-28 23:38:41-debug:   Number of all scripts: 36
2024-9-28 23:38:41-debug: // ---- build task Query asset bundle ---- (24ms)
2024-9-28 23:38:41-debug: run build task Query asset bundle success in 24 ms√, progress: 5%
2024-9-28 23:38:41-debug: [Build Memory track]: Query asset bundle start:166.30MB, end 166.43MB, increase: 135.23KB
2024-9-28 23:38:41-debug: Query asset bundle start, progress: 5%
2024-9-28 23:38:41-debug: // ---- build task Query asset bundle ----
2024-9-28 23:38:41-debug: [Build Memory track]: Query asset bundle start:166.45MB, end 166.58MB, increase: 139.91KB
2024-9-28 23:38:41-debug: run build task Query asset bundle success in 3 ms√, progress: 10%
2024-9-28 23:38:41-debug: // ---- build task Query asset bundle ---- (3ms)
2024-9-28 23:38:41-debug: Sort some build options to settings.json start, progress: 10%
2024-9-28 23:38:41-debug: // ---- build task Sort some build options to settings.json ----
2024-9-28 23:38:41-debug: run build task Sort some build options to settings.json success in √, progress: 12%
2024-9-28 23:38:41-debug: [Build Memory track]: Sort some build options to settings.json start:166.60MB, end 166.61MB, increase: 10.35KB
2024-9-28 23:38:41-debug: Fill script data to settings start, progress: 12%
2024-9-28 23:38:41-debug: // ---- build task Fill script data to settings ----
2024-9-28 23:38:41-debug: // ---- build task Fill script data to settings ---- (1ms)
2024-9-28 23:38:41-debug: Sort some build options to settings.json start, progress: 13%
2024-9-28 23:38:41-debug: run build task Fill script data to settings success in 1 ms√, progress: 13%
2024-9-28 23:38:41-debug: [Build Memory track]: Fill script data to settings start:166.65MB, end 166.67MB, increase: 15.25KB
2024-9-28 23:38:41-debug: // ---- build task Sort some build options to settings.json ----
2024-9-28 23:38:41-debug: // ---- build task Sort some build options to settings.json ---- (4ms)
2024-9-28 23:38:41-debug: run build task Sort some build options to settings.json success in 4 ms√, progress: 15%
2024-9-28 23:38:41-debug: [Build Memory track]: Sort some build options to settings.json start:166.68MB, end 166.80MB, increase: 122.74KB
2024-9-28 23:38:49-debug: Query all assets info in project
2024-9-28 23:38:49-debug: init custom config: keepNodeUuid: false, useCache: true
2024-9-28 23:38:49-debug: Query asset bundle start, progress: 0%
2024-9-28 23:38:49-debug: // ---- build task Query asset bundle ----
2024-9-28 23:38:49-debug: Query preload assets from cc.config.json: 60f7195c-ec2a-45eb-ba94-8955f60e81d0,1c02ae6f-4492-4915-b8f8-7492a3b1e4cd,810e96e4-e456-4468-9b59-f4e8f39732c0,efe8e2a3-eace-427b-b4f1-cb8a937ec77d,e9aa9a3e-5b2b-4ac7-a2c7-073de2b2b24f,8bbdbcdd-5cd4-4100-b6d5-b7c9625b6107,50f4348b-c883-4e2f-8f11-ce233b859fa1,fda095cb-831d-4601-ad94-846013963de8,f92806d7-1768-443f-afe8-12bcde84d0f0,dd3a144d-ab7f-41f0-82b8-2e43a090d496,f0416e68-0200-4b77-a926-4f9d16e494da,970b0598-bcb0-4714-91fb-2e81440dccd8,bcd64cc6-2dd9-43f6-abbe-66318d332032,d930590d-bb92-4cc8-8bd1-23cd027f9edf,a3cd009f-0ab0-420d-9278-b9fdab939bbc,c27215d8-6835-4b68-bfbb-bdeac6100c04,b5d6115f-0370-4d7c-aad3-c194cc71cf98,871c3b6c-7379-419d-bda3-794b239ab90d
2024-9-28 23:38:49-debug:   Number of all scenes: 1
2024-9-28 23:38:49-debug:   Number of all scripts: 36
2024-9-28 23:38:49-debug:   Number of other assets: 906
2024-9-28 23:38:49-debug: // ---- build task Query asset bundle ---- (21ms)
2024-9-28 23:38:49-debug: [Build Memory track]: Query asset bundle start:166.85MB, end 167.49MB, increase: 656.73KB
2024-9-28 23:38:49-debug: run build task Query asset bundle success in 21 ms√, progress: 5%
2024-9-28 23:38:49-debug: Query asset bundle start, progress: 5%
2024-9-28 23:38:49-debug: // ---- build task Query asset bundle ----
2024-9-28 23:38:49-debug: run build task Query asset bundle success in 2 ms√, progress: 10%
2024-9-28 23:38:49-debug: [Build Memory track]: Query asset bundle start:167.51MB, end 166.82MB, increase: -702.70KB
2024-9-28 23:38:49-debug: // ---- build task Query asset bundle ---- (2ms)
2024-9-28 23:38:49-debug: Sort some build options to settings.json start, progress: 10%
2024-9-28 23:38:49-debug: // ---- build task Sort some build options to settings.json ----
2024-9-28 23:38:49-debug: // ---- build task Sort some build options to settings.json ---- (2ms)
2024-9-28 23:38:49-debug: [Build Memory track]: Sort some build options to settings.json start:166.83MB, end 166.85MB, increase: 15.82KB
2024-9-28 23:38:49-debug: run build task Sort some build options to settings.json success in 2 ms√, progress: 12%
2024-9-28 23:38:49-debug: Fill script data to settings start, progress: 12%
2024-9-28 23:38:49-debug: // ---- build task Fill script data to settings ----
2024-9-28 23:38:49-debug: // ---- build task Fill script data to settings ---- (1ms)
2024-9-28 23:38:49-debug: Sort some build options to settings.json start, progress: 13%
2024-9-28 23:38:49-debug: run build task Fill script data to settings success in 1 ms√, progress: 13%
2024-9-28 23:38:49-debug: [Build Memory track]: Fill script data to settings start:166.86MB, end 166.88MB, increase: 18.53KB
2024-9-28 23:38:49-debug: // ---- build task Sort some build options to settings.json ----
2024-9-28 23:38:49-debug: [Build Memory track]: Sort some build options to settings.json start:166.89MB, end 167.01MB, increase: 121.69KB
2024-9-28 23:38:49-debug: // ---- build task Sort some build options to settings.json ---- (3ms)
2024-9-28 23:38:49-debug: run build task Sort some build options to settings.json success in 3 ms√, progress: 15%
2024-9-28 23:39:40-debug: refresh db internal success
2024-9-28 23:39:40-debug: refresh db assets success
2024-9-28 23:39:40-debug: Run asset db hook engine-extends:afterRefresh ...
2024-9-28 23:39:40-debug: Run asset db hook engine-extends:afterRefresh success!
2024-9-28 23:39:40-debug: asset-db:refresh-all-database (348ms)
2024-9-28 23:39:40-debug: asset-db-hook-engine-extends-afterRefresh (1ms)
2024-9-28 23:39:50-debug: refresh db internal success
2024-9-28 23:39:50-debug: refresh db assets success
2024-9-28 23:39:50-debug: Run asset db hook engine-extends:afterRefresh ...
2024-9-28 23:39:50-debug: Run asset db hook engine-extends:afterRefresh success!
2024-9-28 23:39:50-debug: asset-db:refresh-all-database (345ms)
2024-9-28 23:39:50-debug: asset-db:worker-effect-data-processing (1ms)
2024-9-28 23:39:50-debug: asset-db-hook-engine-extends-afterRefresh (1ms)
2024-9-28 23:44:02-debug: refresh db internal success
2024-9-28 23:44:02-debug: Run asset db hook engine-extends:afterRefresh ...
2024-9-28 23:44:02-debug: refresh db assets success
2024-9-28 23:44:02-debug: Run asset db hook engine-extends:afterRefresh success!
2024-9-28 23:44:02-debug: asset-db:refresh-all-database (347ms)
2024-9-28 23:44:02-debug: asset-db:worker-effect-data-processing (1ms)
2024-9-28 23:44:02-debug: asset-db-hook-engine-extends-afterRefresh (1ms)
2024-9-29 00:09:43-debug: refresh db internal success
2024-9-29 00:09:43-debug: Run asset db hook engine-extends:afterRefresh ...
2024-9-29 00:09:43-debug: Run asset db hook engine-extends:afterRefresh success!
2024-9-29 00:09:43-debug: refresh db assets success
2024-9-29 00:09:43-debug: asset-db:refresh-all-database (364ms)
2024-9-29 00:09:43-debug: asset-db:worker-effect-data-processing (2ms)
2024-9-29 00:09:43-debug: asset-db-hook-engine-extends-afterRefresh (3ms)
