2024-10-16 22:59:43-log: Cannot access game frame or container.
2024-10-16 22:59:44-debug: asset-db:require-engine-code (1654ms)
2024-10-16 22:59:45-log: meshopt wasm decoder initialized
2024-10-16 22:59:45-log: [box2d]:box2d wasm lib loaded.
2024-10-16 22:59:45-log: [bullet]:bullet wasm lib loaded.
2024-10-16 22:59:45-log: Cocos Creator v3.8.3
2024-10-16 22:59:45-debug: [Assets Memory track]: asset-db:worker-init: initEngine start:24.77MB, end 77.56MB, increase: 52.80MB
2024-10-16 22:59:45-debug: [Assets Memory track]: asset-db-plugin-register: programming start:78.30MB, end 81.66MB, increase: 3.36MB
2024-10-16 22:59:47-debug: [Assets Memory track]: asset-db-plugin-register: builder start:81.68MB, end 204.28MB, increase: 122.60MB
2024-10-16 22:59:47-debug: [Assets Memory track]: asset-db:worker-init: initPlugin start:77.57MB, end 207.69MB, increase: 130.12MB
2024-10-16 22:59:47-debug: [Assets Memory track]: asset-db-plugin-register: engine-extends start:204.51MB, end 207.61MB, increase: 3.09MB
2024-10-16 22:59:47-debug: [Assets Memory track]: asset-db-plugin-register: project start:78.17MB, end 207.67MB, increase: 129.49MB
2024-10-16 22:59:47-debug: asset-db:worker-init: initPlugin (2134ms)
2024-10-16 22:59:47-debug: [Assets Memory track]: asset-db:worker-init start:24.76MB, end 202.79MB, increase: 178.03MB
2024-10-16 22:59:47-debug: Run asset db hook engine-extends:beforePreStart ...
2024-10-16 22:59:47-debug: Run asset db hook programming:beforePreStart ...
2024-10-16 22:59:47-debug: Run asset db hook programming:beforePreStart success!
2024-10-16 22:59:47-debug: Run asset db hook engine-extends:beforePreStart success!
2024-10-16 22:59:47-debug: asset-db:worker-init (4973ms)
2024-10-16 22:59:47-debug: asset-db-hook-programming-beforePreStart (310ms)
2024-10-16 22:59:47-debug: asset-db-hook-engine-extends-beforePreStart (309ms)
2024-10-16 22:59:47-debug: Preimport db internal success
2024-10-16 22:59:48-debug: Preimport db assets success
2024-10-16 22:59:48-debug: Run asset db hook programming:afterPreStart ...
2024-10-16 22:59:48-debug: starting packer-driver...
2024-10-16 22:59:48-debug: initialize scripting environment...
2024-10-16 22:59:48-debug: Run asset db hook programming:afterPreStart success!
2024-10-16 22:59:48-debug: Set detail map pack:///resolution-detail-map.json: {}
2024-10-16 22:59:48-debug: Run asset db hook engine-extends:afterPreStart ...
2024-10-16 22:59:48-debug: Run asset db hook engine-extends:afterPreStart success!
2024-10-16 22:59:48-debug: [Assets Memory track]: asset-db:worker-init: preStart start:202.80MB, end 208.08MB, increase: 5.28MB
2024-10-16 22:59:48-debug: Start up the 'internal' database...
2024-10-16 22:59:49-debug: asset-db:worker-effect-data-processing (409ms)
2024-10-16 22:59:49-debug: asset-db-hook-programming-afterPreStart (1291ms)
2024-10-16 22:59:49-debug: asset-db-hook-engine-extends-afterPreStart (409ms)
2024-10-16 22:59:49-debug: Start up the 'assets' database...
2024-10-16 22:59:49-debug: [Assets Memory track]: asset-db:worker-startup-database[internal] start:202.85MB, end 218.13MB, increase: 15.28MB
2024-10-16 22:59:49-debug: asset-db:worker-startup-database[internal] (2158ms)
2024-10-16 22:59:49-debug: lazy register asset handler directory
2024-10-16 22:59:49-debug: [Assets Memory track]: asset-db:worker-init: startup start:208.08MB, end 222.46MB, increase: 14.37MB
2024-10-16 22:59:49-debug: lazy register asset handler *
2024-10-16 22:59:49-debug: [Assets Memory track]: asset-db:worker-startup-database[assets] start:208.49MB, end 222.45MB, increase: 13.96MB
2024-10-16 22:59:49-debug: lazy register asset handler text
2024-10-16 22:59:49-debug: lazy register asset handler json
2024-10-16 22:59:49-debug: lazy register asset handler spine-data
2024-10-16 22:59:49-debug: lazy register asset handler dragonbones
2024-10-16 22:59:49-debug: lazy register asset handler dragonbones-atlas
2024-10-16 22:59:49-debug: lazy register asset handler javascript
2024-10-16 22:59:49-debug: lazy register asset handler typescript
2024-10-16 22:59:49-debug: lazy register asset handler terrain
2024-10-16 22:59:49-debug: lazy register asset handler sprite-frame
2024-10-16 22:59:49-debug: lazy register asset handler scene
2024-10-16 22:59:49-debug: lazy register asset handler prefab
2024-10-16 22:59:49-debug: lazy register asset handler tiled-map
2024-10-16 22:59:49-debug: lazy register asset handler buffer
2024-10-16 22:59:49-debug: lazy register asset handler image
2024-10-16 22:59:49-debug: lazy register asset handler sign-image
2024-10-16 22:59:49-debug: lazy register asset handler alpha-image
2024-10-16 22:59:49-debug: lazy register asset handler texture-cube
2024-10-16 22:59:49-debug: lazy register asset handler texture
2024-10-16 22:59:49-debug: lazy register asset handler render-texture
2024-10-16 22:59:49-debug: lazy register asset handler rt-sprite-frame
2024-10-16 22:59:49-debug: lazy register asset handler texture-cube-face
2024-10-16 22:59:49-debug: lazy register asset handler gltf
2024-10-16 22:59:49-debug: lazy register asset handler gltf-mesh
2024-10-16 22:59:49-debug: lazy register asset handler erp-texture-cube
2024-10-16 22:59:49-debug: lazy register asset handler gltf-animation
2024-10-16 22:59:49-debug: lazy register asset handler gltf-skeleton
2024-10-16 22:59:49-debug: lazy register asset handler gltf-material
2024-10-16 22:59:49-debug: lazy register asset handler gltf-embeded-image
2024-10-16 22:59:49-debug: lazy register asset handler material
2024-10-16 22:59:49-debug: lazy register asset handler gltf-scene
2024-10-16 22:59:49-debug: lazy register asset handler fbx
2024-10-16 22:59:49-debug: lazy register asset handler physics-material
2024-10-16 22:59:49-debug: lazy register asset handler effect
2024-10-16 22:59:49-debug: lazy register asset handler effect-header
2024-10-16 22:59:49-debug: lazy register asset handler animation-clip
2024-10-16 22:59:49-debug: lazy register asset handler audio-clip
2024-10-16 22:59:49-debug: lazy register asset handler animation-graph
2024-10-16 22:59:49-debug: lazy register asset handler animation-graph-variant
2024-10-16 22:59:49-debug: lazy register asset handler animation-mask
2024-10-16 22:59:49-debug: lazy register asset handler bitmap-font
2024-10-16 22:59:49-debug: lazy register asset handler particle
2024-10-16 22:59:49-debug: lazy register asset handler sprite-atlas
2024-10-16 22:59:49-debug: lazy register asset handler auto-atlas
2024-10-16 22:59:49-debug: lazy register asset handler ttf-font
2024-10-16 22:59:49-debug: lazy register asset handler label-atlas
2024-10-16 22:59:49-debug: lazy register asset handler render-pipeline
2024-10-16 22:59:49-debug: lazy register asset handler render-stage
2024-10-16 22:59:49-debug: lazy register asset handler instantiation-material
2024-10-16 22:59:49-debug: lazy register asset handler render-flow
2024-10-16 22:59:49-debug: lazy register asset handler instantiation-mesh
2024-10-16 22:59:49-debug: lazy register asset handler instantiation-skeleton
2024-10-16 22:59:49-debug: lazy register asset handler video-clip
2024-10-16 22:59:49-debug: lazy register asset handler instantiation-animation
2024-10-16 22:59:49-debug: asset-db:worker-startup-database[assets] (1942ms)
2024-10-16 22:59:49-debug: asset-db:start-database (2378ms)
2024-10-16 22:59:49-debug: init worker message success
2024-10-16 22:59:49-debug: asset-db:ready (10317ms)
2024-10-16 22:59:49-debug: programming:execute-script (4ms)
2024-10-16 22:59:50-debug: [Build Memory track]: builder:worker-init start:221.88MB, end 232.51MB, increase: 10.63MB
2024-10-16 22:59:50-debug: builder:worker-init (819ms)
2024-10-16 23:00:49-debug: refresh db internal success
2024-10-16 23:00:50-debug: refresh db assets success
2024-10-16 23:00:50-debug: Run asset db hook engine-extends:afterRefresh ...
2024-10-16 23:00:50-debug: Run asset db hook engine-extends:afterRefresh success!
2024-10-16 23:00:50-debug: asset-db:refresh-all-database (445ms)
2024-10-16 23:00:50-debug: asset-db:worker-effect-data-processing (1ms)
2024-10-16 23:00:50-debug: asset-db-hook-engine-extends-afterRefresh (1ms)
2024-10-16 23:00:53-debug: refresh db internal success
2024-10-16 23:00:53-debug: Run asset db hook engine-extends:afterRefresh ...
2024-10-16 23:00:53-debug: Run asset db hook engine-extends:afterRefresh success!
2024-10-16 23:00:53-debug: refresh db assets success
2024-10-16 23:00:53-debug: asset-db:refresh-all-database (429ms)
2024-10-16 23:00:53-debug: asset-db:worker-effect-data-processing (1ms)
2024-10-16 23:00:53-debug: asset-db-hook-engine-extends-afterRefresh (1ms)
2024-10-16 23:01:07-debug: refresh db internal success
2024-10-16 23:01:07-debug: Run asset db hook engine-extends:afterRefresh ...
2024-10-16 23:01:07-debug: Run asset db hook engine-extends:afterRefresh success!
2024-10-16 23:01:07-debug: refresh db assets success
2024-10-16 23:01:07-debug: asset-db:refresh-all-database (419ms)
2024-10-16 23:01:07-debug: asset-db-hook-engine-extends-afterRefresh (1ms)
