2024-11-3 22:31:43-log: Cannot access game frame or container.
2024-11-3 22:31:44-debug: asset-db:require-engine-code (1557ms)
2024-11-3 22:31:45-log: meshopt wasm decoder initialized
2024-11-3 22:31:45-log: [bullet]:bullet wasm lib loaded.
2024-11-3 22:31:45-log: [box2d]:box2d wasm lib loaded.
2024-11-3 22:31:45-log: Cocos Creator v3.8.3
2024-11-3 22:31:45-debug: [Assets Memory track]: asset-db-plugin-register: programming start:78.59MB, end 82.17MB, increase: 3.59MB
2024-11-3 22:31:45-debug: [Assets Memory track]: asset-db:worker-init: initEngine start:24.44MB, end 77.72MB, increase: 53.28MB
2024-11-3 22:31:47-debug: [Assets Memory track]: asset-db-plugin-register: builder start:82.19MB, end 204.45MB, increase: 122.26MB
2024-11-3 22:31:48-debug: [Assets Memory track]: asset-db:worker-init: initPlugin start:77.84MB, end 207.88MB, increase: 130.04MB
2024-11-3 22:31:48-debug: [Assets Memory track]: asset-db-plugin-register: engine-extends start:204.67MB, end 207.80MB, increase: 3.13MB
2024-11-3 22:31:48-debug: [Assets Memory track]: asset-db-plugin-register: project start:78.46MB, end 207.86MB, increase: 129.41MB
2024-11-3 22:31:48-debug: asset-db:worker-init: initPlugin (2646ms)
2024-11-3 22:31:48-debug: [Assets Memory track]: asset-db:worker-init start:24.43MB, end 203.24MB, increase: 178.81MB
2024-11-3 22:31:48-debug: Run asset db hook programming:beforePreStart ...
2024-11-3 22:31:48-debug: Run asset db hook programming:beforePreStart success!
2024-11-3 22:31:48-debug: Run asset db hook engine-extends:beforePreStart ...
2024-11-3 22:31:48-debug: Run asset db hook engine-extends:beforePreStart success!
2024-11-3 22:31:48-debug: asset-db:worker-init (5535ms)
2024-11-3 22:31:48-debug: asset-db-hook-programming-beforePreStart (406ms)
2024-11-3 22:31:48-debug: asset-db-hook-engine-extends-beforePreStart (404ms)
2024-11-3 22:31:48-debug: Preimport db internal success
2024-11-3 22:31:48-debug: Preimport db assets success
2024-11-3 22:31:48-debug: Run asset db hook programming:afterPreStart ...
2024-11-3 22:31:48-debug: starting packer-driver...
2024-11-3 22:31:50-debug: initialize scripting environment...
2024-11-3 22:31:50-debug: Set detail map pack:///resolution-detail-map.json: {}
2024-11-3 22:31:50-debug: Run asset db hook engine-extends:afterPreStart success!
2024-11-3 22:31:50-debug: Run asset db hook programming:afterPreStart success!
2024-11-3 22:31:50-debug: Run asset db hook engine-extends:afterPreStart ...
2024-11-3 22:31:50-debug: [Assets Memory track]: asset-db:worker-init: preStart start:203.25MB, end 209.01MB, increase: 5.76MB
2024-11-3 22:31:50-debug: Start up the 'internal' database...
2024-11-3 22:31:50-debug: asset-db-hook-programming-afterPreStart (1841ms)
2024-11-3 22:31:50-debug: asset-db:worker-effect-data-processing (521ms)
2024-11-3 22:31:50-debug: asset-db-hook-engine-extends-afterPreStart (522ms)
2024-11-3 22:31:50-debug: Start up the 'assets' database...
2024-11-3 22:31:50-debug: [Assets Memory track]: asset-db:worker-startup-database[internal] start:203.30MB, end 222.88MB, increase: 19.58MB
2024-11-3 22:31:50-debug: asset-db:worker-startup-database[internal] (2932ms)
2024-11-3 22:31:51-debug: [Assets Memory track]: asset-db:worker-init: startup start:209.01MB, end 222.60MB, increase: 13.59MB
2024-11-3 22:31:51-debug: [Assets Memory track]: asset-db:worker-startup-database[assets] start:208.86MB, end 222.60MB, increase: 13.74MB
2024-11-3 22:31:51-debug: lazy register asset handler directory
2024-11-3 22:31:51-debug: lazy register asset handler text
2024-11-3 22:31:51-debug: lazy register asset handler *
2024-11-3 22:31:51-debug: lazy register asset handler json
2024-11-3 22:31:51-debug: lazy register asset handler dragonbones
2024-11-3 22:31:51-debug: lazy register asset handler spine-data
2024-11-3 22:31:51-debug: lazy register asset handler dragonbones-atlas
2024-11-3 22:31:51-debug: lazy register asset handler typescript
2024-11-3 22:31:51-debug: lazy register asset handler javascript
2024-11-3 22:31:51-debug: lazy register asset handler scene
2024-11-3 22:31:51-debug: lazy register asset handler terrain
2024-11-3 22:31:51-debug: lazy register asset handler tiled-map
2024-11-3 22:31:51-debug: lazy register asset handler sprite-frame
2024-11-3 22:31:51-debug: lazy register asset handler prefab
2024-11-3 22:31:51-debug: lazy register asset handler buffer
2024-11-3 22:31:51-debug: lazy register asset handler image
2024-11-3 22:31:51-debug: lazy register asset handler sign-image
2024-11-3 22:31:51-debug: lazy register asset handler alpha-image
2024-11-3 22:31:51-debug: lazy register asset handler texture-cube
2024-11-3 22:31:51-debug: lazy register asset handler erp-texture-cube
2024-11-3 22:31:51-debug: lazy register asset handler texture
2024-11-3 22:31:51-debug: lazy register asset handler rt-sprite-frame
2024-11-3 22:31:51-debug: lazy register asset handler texture-cube-face
2024-11-3 22:31:51-debug: lazy register asset handler render-texture
2024-11-3 22:31:51-debug: lazy register asset handler gltf
2024-11-3 22:31:51-debug: lazy register asset handler gltf-mesh
2024-11-3 22:31:51-debug: lazy register asset handler gltf-animation
2024-11-3 22:31:51-debug: lazy register asset handler gltf-skeleton
2024-11-3 22:31:51-debug: lazy register asset handler gltf-scene
2024-11-3 22:31:51-debug: lazy register asset handler gltf-material
2024-11-3 22:31:51-debug: lazy register asset handler gltf-embeded-image
2024-11-3 22:31:51-debug: lazy register asset handler material
2024-11-3 22:31:51-debug: lazy register asset handler fbx
2024-11-3 22:31:51-debug: lazy register asset handler physics-material
2024-11-3 22:31:51-debug: lazy register asset handler effect-header
2024-11-3 22:31:51-debug: lazy register asset handler audio-clip
2024-11-3 22:31:51-debug: lazy register asset handler effect
2024-11-3 22:31:51-debug: lazy register asset handler animation-clip
2024-11-3 22:31:51-debug: lazy register asset handler animation-graph
2024-11-3 22:31:51-debug: lazy register asset handler animation-graph-variant
2024-11-3 22:31:51-debug: lazy register asset handler animation-mask
2024-11-3 22:31:51-debug: lazy register asset handler bitmap-font
2024-11-3 22:31:51-debug: lazy register asset handler particle
2024-11-3 22:31:51-debug: lazy register asset handler ttf-font
2024-11-3 22:31:51-debug: lazy register asset handler sprite-atlas
2024-11-3 22:31:51-debug: lazy register asset handler auto-atlas
2024-11-3 22:31:51-debug: lazy register asset handler label-atlas
2024-11-3 22:31:51-debug: lazy register asset handler render-pipeline
2024-11-3 22:31:51-debug: lazy register asset handler render-stage
2024-11-3 22:31:51-debug: lazy register asset handler instantiation-material
2024-11-3 22:31:51-debug: lazy register asset handler render-flow
2024-11-3 22:31:51-debug: lazy register asset handler instantiation-mesh
2024-11-3 22:31:51-debug: lazy register asset handler instantiation-animation
2024-11-3 22:31:51-debug: lazy register asset handler instantiation-skeleton
2024-11-3 22:31:51-debug: lazy register asset handler video-clip
2024-11-3 22:31:51-debug: asset-db:worker-startup-database[assets] (2620ms)
2024-11-3 22:31:51-debug: asset-db:start-database (3180ms)
2024-11-3 22:31:51-debug: asset-db:ready (11677ms)
2024-11-3 22:31:51-debug: init worker message success
2024-11-3 22:31:51-debug: programming:execute-script (5ms)
2024-11-3 22:31:52-debug: [Build Memory track]: builder:worker-init start:222.21MB, end 232.92MB, increase: 10.71MB
2024-11-3 22:31:52-debug: builder:worker-init (1000ms)
2024-11-3 22:31:59-debug: run package(extension) handler(disable) start
2024-11-3 22:31:59-debug: run package(extension) handler(disable) success!
2024-11-3 22:31:59-debug: run package(extension) handler(register) start
2024-11-3 22:32:00-debug: run package(extension) handler(enable) start
2024-11-3 22:32:00-debug: run package(extension) handler(enable) success!
2024-11-3 22:32:00-debug: run package(extension) handler(register) success!
2024-11-3 22:32:15-debug: Query all assets info in project
2024-11-3 22:32:15-debug: init custom config: keepNodeUuid: false, useCache: true
2024-11-3 22:32:15-debug: // ---- build task Query asset bundle ----
2024-11-3 22:32:15-debug: Query asset bundle start, progress: 0%
2024-11-3 22:32:15-debug:   Number of all scripts: 49
2024-11-3 22:32:15-debug: Query preload assets from cc.config.json: 60f7195c-ec2a-45eb-ba94-8955f60e81d0,1c02ae6f-4492-4915-b8f8-7492a3b1e4cd,810e96e4-e456-4468-9b59-f4e8f39732c0,efe8e2a3-eace-427b-b4f1-cb8a937ec77d,e9aa9a3e-5b2b-4ac7-a2c7-073de2b2b24f,8bbdbcdd-5cd4-4100-b6d5-b7c9625b6107,50f4348b-c883-4e2f-8f11-ce233b859fa1,fda095cb-831d-4601-ad94-846013963de8,f92806d7-1768-443f-afe8-12bcde84d0f0,dd3a144d-ab7f-41f0-82b8-2e43a090d496,f0416e68-0200-4b77-a926-4f9d16e494da,970b0598-bcb0-4714-91fb-2e81440dccd8,bcd64cc6-2dd9-43f6-abbe-66318d332032,d930590d-bb92-4cc8-8bd1-23cd027f9edf,a3cd009f-0ab0-420d-9278-b9fdab939bbc,c27215d8-6835-4b68-bfbb-bdeac6100c04,b5d6115f-0370-4d7c-aad3-c194cc71cf98,871c3b6c-7379-419d-bda3-794b239ab90d
2024-11-3 22:32:15-debug:   Number of other assets: 1161
2024-11-3 22:32:15-debug:   Number of all scenes: 1
2024-11-3 22:32:15-debug: run build task Query asset bundle success in 53 ms√, progress: 5%
2024-11-3 22:32:15-debug: [Build Memory track]: Query asset bundle start:167.09MB, end 167.57MB, increase: 493.65KB
2024-11-3 22:32:15-debug: // ---- build task Query asset bundle ---- (53ms)
2024-11-3 22:32:15-debug: Query asset bundle start, progress: 5%
2024-11-3 22:32:15-debug: // ---- build task Query asset bundle ----
2024-11-3 22:32:15-debug: // ---- build task Query asset bundle ---- (6ms)
2024-11-3 22:32:15-debug: run build task Query asset bundle success in 6 ms√, progress: 10%
2024-11-3 22:32:15-debug: [Build Memory track]: Query asset bundle start:167.59MB, end 167.85MB, increase: 269.40KB
2024-11-3 22:32:15-debug: // ---- build task Sort some build options to settings.json ----
2024-11-3 22:32:15-debug: Sort some build options to settings.json start, progress: 10%
2024-11-3 22:32:15-debug: // ---- build task Sort some build options to settings.json ---- (2ms)
2024-11-3 22:32:15-debug: run build task Sort some build options to settings.json success in 2 ms√, progress: 12%
2024-11-3 22:32:15-debug: [Build Memory track]: Sort some build options to settings.json start:167.86MB, end 167.88MB, increase: 16.25KB
2024-11-3 22:32:15-debug: Fill script data to settings start, progress: 12%
2024-11-3 22:32:15-debug: // ---- build task Fill script data to settings ----
2024-11-3 22:32:15-debug: // ---- build task Fill script data to settings ---- (2ms)
2024-11-3 22:32:15-debug: run build task Fill script data to settings success in 2 ms√, progress: 13%
2024-11-3 22:32:15-debug: [Build Memory track]: Fill script data to settings start:167.89MB, end 167.91MB, increase: 15.69KB
2024-11-3 22:32:15-debug: Sort some build options to settings.json start, progress: 13%
2024-11-3 22:32:15-debug: // ---- build task Sort some build options to settings.json ----
2024-11-3 22:32:15-debug: // ---- build task Sort some build options to settings.json ---- (5ms)
2024-11-3 22:32:15-debug: run build task Sort some build options to settings.json success in 5 ms√, progress: 15%
2024-11-3 22:32:15-debug: [Build Memory track]: Sort some build options to settings.json start:167.92MB, end 168.05MB, increase: 129.16KB
2024-11-3 22:32:24-debug: Query all assets info in project
2024-11-3 22:32:24-debug: init custom config: keepNodeUuid: false, useCache: true
2024-11-3 22:32:24-debug: Query asset bundle start, progress: 0%
2024-11-3 22:32:24-debug: // ---- build task Query asset bundle ----
2024-11-3 22:32:24-debug: Query preload assets from cc.config.json: 60f7195c-ec2a-45eb-ba94-8955f60e81d0,1c02ae6f-4492-4915-b8f8-7492a3b1e4cd,810e96e4-e456-4468-9b59-f4e8f39732c0,efe8e2a3-eace-427b-b4f1-cb8a937ec77d,e9aa9a3e-5b2b-4ac7-a2c7-073de2b2b24f,8bbdbcdd-5cd4-4100-b6d5-b7c9625b6107,50f4348b-c883-4e2f-8f11-ce233b859fa1,fda095cb-831d-4601-ad94-846013963de8,f92806d7-1768-443f-afe8-12bcde84d0f0,dd3a144d-ab7f-41f0-82b8-2e43a090d496,f0416e68-0200-4b77-a926-4f9d16e494da,970b0598-bcb0-4714-91fb-2e81440dccd8,bcd64cc6-2dd9-43f6-abbe-66318d332032,d930590d-bb92-4cc8-8bd1-23cd027f9edf,a3cd009f-0ab0-420d-9278-b9fdab939bbc,c27215d8-6835-4b68-bfbb-bdeac6100c04,b5d6115f-0370-4d7c-aad3-c194cc71cf98,871c3b6c-7379-419d-bda3-794b239ab90d
2024-11-3 22:32:24-debug:   Number of all scripts: 49
2024-11-3 22:32:24-debug:   Number of other assets: 1161
2024-11-3 22:32:24-debug:   Number of all scenes: 1
2024-11-3 22:32:24-debug: // ---- build task Query asset bundle ---- (38ms)
2024-11-3 22:32:24-debug: run build task Query asset bundle success in 38 ms√, progress: 5%
2024-11-3 22:32:24-debug: [Build Memory track]: Query asset bundle start:168.18MB, end 169.35MB, increase: 1.17MB
2024-11-3 22:32:24-debug: // ---- build task Query asset bundle ----
2024-11-3 22:32:24-debug: Query asset bundle start, progress: 5%
2024-11-3 22:32:24-debug: // ---- build task Query asset bundle ---- (6ms)
2024-11-3 22:32:24-debug: run build task Query asset bundle success in 6 ms√, progress: 10%
2024-11-3 22:32:24-debug: [Build Memory track]: Query asset bundle start:169.36MB, end 169.57MB, increase: 211.18KB
2024-11-3 22:32:24-debug: // ---- build task Sort some build options to settings.json ----
2024-11-3 22:32:24-debug: Sort some build options to settings.json start, progress: 10%
2024-11-3 22:32:24-debug: // ---- build task Sort some build options to settings.json ---- (2ms)
2024-11-3 22:32:24-debug: run build task Sort some build options to settings.json success in 2 ms√, progress: 12%
2024-11-3 22:32:24-debug: [Build Memory track]: Sort some build options to settings.json start:169.59MB, end 169.60MB, increase: 15.07KB
2024-11-3 22:32:24-debug: // ---- build task Fill script data to settings ----
2024-11-3 22:32:24-debug: Fill script data to settings start, progress: 12%
2024-11-3 22:32:24-debug: run build task Fill script data to settings success in 2 ms√, progress: 13%
2024-11-3 22:32:24-debug: // ---- build task Fill script data to settings ---- (2ms)
2024-11-3 22:32:24-debug: [Build Memory track]: Fill script data to settings start:169.61MB, end 169.63MB, increase: 15.82KB
2024-11-3 22:32:24-debug: // ---- build task Sort some build options to settings.json ----
2024-11-3 22:32:24-debug: Sort some build options to settings.json start, progress: 13%
2024-11-3 22:32:24-debug: // ---- build task Sort some build options to settings.json ---- (5ms)
2024-11-3 22:32:24-debug: [Build Memory track]: Sort some build options to settings.json start:169.64MB, end 169.77MB, increase: 124.65KB
2024-11-3 22:32:24-debug: run build task Sort some build options to settings.json success in 5 ms√, progress: 15%
2024-11-3 22:32:30-debug: refresh db internal success
2024-11-3 22:32:30-debug: refresh db assets success
2024-11-3 22:32:30-debug: Run asset db hook engine-extends:afterRefresh ...
2024-11-3 22:32:30-debug: Run asset db hook engine-extends:afterRefresh success!
2024-11-3 22:32:30-debug: asset-db:refresh-all-database (441ms)
2024-11-3 22:32:30-debug: asset-db:worker-effect-data-processing (2ms)
2024-11-3 22:32:30-debug: asset-db-hook-engine-extends-afterRefresh (2ms)
2024-11-3 23:01:45-debug: refresh db internal success
2024-11-3 23:01:45-debug: refresh db assets success
2024-11-3 23:01:45-debug: Run asset db hook engine-extends:afterRefresh ...
2024-11-3 23:01:45-debug: Run asset db hook engine-extends:afterRefresh success!
2024-11-3 23:01:45-debug: asset-db:refresh-all-database (430ms)
2024-11-3 23:01:45-debug: asset-db:worker-effect-data-processing (1ms)
2024-11-3 23:01:45-debug: asset-db-hook-engine-extends-afterRefresh (2ms)
