2024-9-24 22:57:17-log: Cannot access game frame or container.
2024-9-24 22:57:18-debug: asset-db:require-engine-code (1659ms)
2024-9-24 22:57:19-log: meshopt wasm decoder initialized
2024-9-24 22:57:19-log: [box2d]:box2d wasm lib loaded.
2024-9-24 22:57:19-log: [bullet]:bullet wasm lib loaded.
2024-9-24 22:57:19-debug: [Assets Memory track]: asset-db:worker-init: initEngine start:28.00MB, end 77.18MB, increase: 49.19MB
2024-9-24 22:57:19-debug: [Assets Memory track]: asset-db-plugin-register: programming start:78.05MB, end 81.42MB, increase: 3.37MB
2024-9-24 22:57:19-log: Cocos Creator v3.8.3
2024-9-24 22:57:21-debug: [Assets Memory track]: asset-db-plugin-register: builder start:81.44MB, end 180.63MB, increase: 99.19MB
2024-9-24 22:57:21-debug: [Assets Memory track]: asset-db:worker-init: initPlugin start:77.19MB, end 176.16MB, increase: 98.97MB
2024-9-24 22:57:21-debug: [Assets Memory track]: asset-db-plugin-register: project start:77.92MB, end 176.14MB, increase: 98.22MB
2024-9-24 22:57:21-debug: asset-db:worker-init: initPlugin (2210ms)
2024-9-24 22:57:21-debug: Run asset db hook programming:beforePreStart success!
2024-9-24 22:57:21-debug: [Assets Memory track]: asset-db:worker-init start:27.99MB, end 176.44MB, increase: 148.45MB
2024-9-24 22:57:21-debug: Run asset db hook programming:beforePreStart ...
2024-9-24 22:57:21-debug: Run asset db hook engine-extends:beforePreStart ...
2024-9-24 22:57:21-debug: Run asset db hook engine-extends:beforePreStart success!
2024-9-24 22:57:21-debug: asset-db:worker-init (5021ms)
2024-9-24 22:57:21-debug: asset-db-hook-programming-beforePreStart (292ms)
2024-9-24 22:57:21-debug: asset-db-hook-engine-extends-beforePreStart (291ms)
2024-9-24 22:57:21-debug: Preimport db internal success
2024-9-24 22:57:21-debug: Preimport db assets success
2024-9-24 22:57:21-debug: Run asset db hook programming:afterPreStart ...
2024-9-24 22:57:21-debug: starting packer-driver...
2024-9-24 22:57:22-debug: initialize scripting environment...
2024-9-24 22:57:22-debug: Set detail map pack:///resolution-detail-map.json: {}
2024-9-24 22:57:22-debug: Run asset db hook engine-extends:afterPreStart success!
2024-9-24 22:57:22-debug: Run asset db hook programming:afterPreStart success!
2024-9-24 22:57:22-debug: Run asset db hook engine-extends:afterPreStart ...
2024-9-24 22:57:22-debug: [Assets Memory track]: asset-db:worker-init: preStart start:176.45MB, end 179.95MB, increase: 3.50MB
2024-9-24 22:57:22-debug: Start up the 'internal' database...
2024-9-24 22:57:23-debug: asset-db-hook-programming-afterPreStart (1329ms)
2024-9-24 22:57:23-debug: asset-db:worker-effect-data-processing (446ms)
2024-9-24 22:57:23-debug: asset-db-hook-engine-extends-afterPreStart (447ms)
2024-9-24 22:57:23-debug: Start up the 'assets' database...
2024-9-24 22:57:23-debug: [Assets Memory track]: asset-db:worker-startup-database[internal] start:176.50MB, end 190.17MB, increase: 13.67MB
2024-9-24 22:57:23-debug: asset-db:worker-startup-database[internal] (2066ms)
2024-9-24 22:57:23-debug: [Assets Memory track]: asset-db:worker-init: startup start:179.96MB, end 190.61MB, increase: 10.65MB
2024-9-24 22:57:23-debug: [Assets Memory track]: asset-db:worker-startup-database[assets] start:176.19MB, end 190.60MB, increase: 14.41MB
2024-9-24 22:57:23-debug: lazy register asset handler text
2024-9-24 22:57:23-debug: lazy register asset handler directory
2024-9-24 22:57:23-debug: lazy register asset handler *
2024-9-24 22:57:23-debug: lazy register asset handler json
2024-9-24 22:57:23-debug: lazy register asset handler spine-data
2024-9-24 22:57:23-debug: lazy register asset handler dragonbones-atlas
2024-9-24 22:57:23-debug: lazy register asset handler dragonbones
2024-9-24 22:57:23-debug: lazy register asset handler typescript
2024-9-24 22:57:23-debug: lazy register asset handler terrain
2024-9-24 22:57:23-debug: lazy register asset handler javascript
2024-9-24 22:57:23-debug: lazy register asset handler scene
2024-9-24 22:57:23-debug: lazy register asset handler sprite-frame
2024-9-24 22:57:23-debug: lazy register asset handler buffer
2024-9-24 22:57:23-debug: lazy register asset handler tiled-map
2024-9-24 22:57:23-debug: lazy register asset handler image
2024-9-24 22:57:23-debug: lazy register asset handler sign-image
2024-9-24 22:57:23-debug: lazy register asset handler alpha-image
2024-9-24 22:57:23-debug: lazy register asset handler prefab
2024-9-24 22:57:23-debug: lazy register asset handler texture-cube
2024-9-24 22:57:23-debug: lazy register asset handler texture
2024-9-24 22:57:23-debug: lazy register asset handler erp-texture-cube
2024-9-24 22:57:23-debug: lazy register asset handler texture-cube-face
2024-9-24 22:57:23-debug: lazy register asset handler render-texture
2024-9-24 22:57:23-debug: lazy register asset handler gltf
2024-9-24 22:57:23-debug: lazy register asset handler rt-sprite-frame
2024-9-24 22:57:23-debug: lazy register asset handler gltf-mesh
2024-9-24 22:57:23-debug: lazy register asset handler gltf-skeleton
2024-9-24 22:57:23-debug: lazy register asset handler gltf-animation
2024-9-24 22:57:23-debug: lazy register asset handler gltf-scene
2024-9-24 22:57:23-debug: lazy register asset handler gltf-material
2024-9-24 22:57:23-debug: lazy register asset handler gltf-embeded-image
2024-9-24 22:57:23-debug: lazy register asset handler material
2024-9-24 22:57:23-debug: lazy register asset handler fbx
2024-9-24 22:57:23-debug: lazy register asset handler effect
2024-9-24 22:57:23-debug: lazy register asset handler physics-material
2024-9-24 22:57:23-debug: lazy register asset handler effect-header
2024-9-24 22:57:23-debug: lazy register asset handler audio-clip
2024-9-24 22:57:23-debug: lazy register asset handler animation-clip
2024-9-24 22:57:23-debug: lazy register asset handler animation-graph-variant
2024-9-24 22:57:23-debug: lazy register asset handler animation-graph
2024-9-24 22:57:23-debug: lazy register asset handler animation-mask
2024-9-24 22:57:23-debug: lazy register asset handler ttf-font
2024-9-24 22:57:23-debug: lazy register asset handler bitmap-font
2024-9-24 22:57:23-debug: lazy register asset handler sprite-atlas
2024-9-24 22:57:23-debug: lazy register asset handler particle
2024-9-24 22:57:23-debug: lazy register asset handler auto-atlas
2024-9-24 22:57:23-debug: lazy register asset handler render-pipeline
2024-9-24 22:57:23-debug: lazy register asset handler render-stage
2024-9-24 22:57:23-debug: lazy register asset handler label-atlas
2024-9-24 22:57:23-debug: lazy register asset handler render-flow
2024-9-24 22:57:23-debug: lazy register asset handler instantiation-material
2024-9-24 22:57:23-debug: lazy register asset handler instantiation-mesh
2024-9-24 22:57:23-debug: lazy register asset handler instantiation-skeleton
2024-9-24 22:57:23-debug: lazy register asset handler instantiation-animation
2024-9-24 22:57:23-debug: lazy register asset handler video-clip
2024-9-24 22:57:23-debug: asset-db:worker-startup-database[assets] (1817ms)
2024-9-24 22:57:23-debug: asset-db:start-database (2223ms)
2024-9-24 22:57:23-debug: asset-db:ready (9994ms)
2024-9-24 22:57:23-debug: init worker message success
2024-9-24 22:57:23-debug: programming:execute-script (5ms)
2024-9-24 22:57:24-debug: [Build Memory track]: builder:worker-init start:189.10MB, end 203.59MB, increase: 14.48MB
2024-9-24 22:57:24-debug: builder:worker-init (886ms)
2024-9-24 22:57:31-debug: Query all assets info in project
2024-9-24 22:57:31-debug: init custom config: keepNodeUuid: false, useCache: true
2024-9-24 22:57:31-debug: Query asset bundle start, progress: 0%
2024-9-24 22:57:31-debug: // ---- build task Query asset bundle ----
2024-9-24 22:57:31-debug:   Number of all scripts: 33
2024-9-24 22:57:31-debug: Query preload assets from cc.config.json: 60f7195c-ec2a-45eb-ba94-8955f60e81d0,1c02ae6f-4492-4915-b8f8-7492a3b1e4cd,810e96e4-e456-4468-9b59-f4e8f39732c0,efe8e2a3-eace-427b-b4f1-cb8a937ec77d,e9aa9a3e-5b2b-4ac7-a2c7-073de2b2b24f,8bbdbcdd-5cd4-4100-b6d5-b7c9625b6107,50f4348b-c883-4e2f-8f11-ce233b859fa1,fda095cb-831d-4601-ad94-846013963de8,f92806d7-1768-443f-afe8-12bcde84d0f0,dd3a144d-ab7f-41f0-82b8-2e43a090d496,f0416e68-0200-4b77-a926-4f9d16e494da,970b0598-bcb0-4714-91fb-2e81440dccd8,bcd64cc6-2dd9-43f6-abbe-66318d332032,d930590d-bb92-4cc8-8bd1-23cd027f9edf,a3cd009f-0ab0-420d-9278-b9fdab939bbc,c27215d8-6835-4b68-bfbb-bdeac6100c04,b5d6115f-0370-4d7c-aad3-c194cc71cf98,871c3b6c-7379-419d-bda3-794b239ab90d
2024-9-24 22:57:31-debug:   Number of other assets: 906
2024-9-24 22:57:31-debug:   Number of all scenes: 1
2024-9-24 22:57:31-debug: run build task Query asset bundle success in 42 ms√, progress: 5%
2024-9-24 22:57:31-debug: [Build Memory track]: Query asset bundle start:199.96MB, end 205.24MB, increase: 5.27MB
2024-9-24 22:57:31-debug: // ---- build task Query asset bundle ---- (42ms)
2024-9-24 22:57:31-debug: Query asset bundle start, progress: 5%
2024-9-24 22:57:31-debug: // ---- build task Query asset bundle ----
2024-9-24 22:57:31-debug: Sort some build options to settings.json start, progress: 10%
2024-9-24 22:57:31-debug: [Build Memory track]: Query asset bundle start:205.25MB, end 205.40MB, increase: 151.89KB
2024-9-24 22:57:31-debug: // ---- build task Query asset bundle ---- (3ms)
2024-9-24 22:57:31-debug: run build task Query asset bundle success in 3 ms√, progress: 10%
2024-9-24 22:57:31-debug: // ---- build task Sort some build options to settings.json ----
2024-9-24 22:57:31-debug: run build task Sort some build options to settings.json success in 1 ms√, progress: 12%
2024-9-24 22:57:31-debug: [Build Memory track]: Sort some build options to settings.json start:205.41MB, end 205.43MB, increase: 16.33KB
2024-9-24 22:57:31-debug: Fill script data to settings start, progress: 12%
2024-9-24 22:57:31-debug: // ---- build task Sort some build options to settings.json ---- (1ms)
2024-9-24 22:57:31-debug: // ---- build task Fill script data to settings ----
2024-9-24 22:57:31-debug: run build task Fill script data to settings success in 3 ms√, progress: 13%
2024-9-24 22:57:31-debug: [Build Memory track]: Fill script data to settings start:205.44MB, end 205.46MB, increase: 18.33KB
2024-9-24 22:57:31-debug: // ---- build task Fill script data to settings ---- (3ms)
2024-9-24 22:57:31-debug: Sort some build options to settings.json start, progress: 13%
2024-9-24 22:57:31-debug: // ---- build task Sort some build options to settings.json ----
2024-9-24 22:57:31-debug: run build task Sort some build options to settings.json success in 7 ms√, progress: 15%
2024-9-24 22:57:31-debug: [Build Memory track]: Sort some build options to settings.json start:205.48MB, end 205.79MB, increase: 321.43KB
2024-9-24 22:57:31-debug: // ---- build task Sort some build options to settings.json ---- (7ms)
2024-9-24 23:02:28-debug: refresh db internal success
2024-9-24 23:02:28-debug: Run asset db hook engine-extends:afterRefresh success!
2024-9-24 23:02:28-debug: refresh db assets success
2024-9-24 23:02:28-debug: Run asset db hook engine-extends:afterRefresh ...
2024-9-24 23:02:28-debug: asset-db:refresh-all-database (379ms)
2024-9-24 23:02:28-debug: asset-db:worker-effect-data-processing (2ms)
2024-9-24 23:02:28-debug: asset-db-hook-engine-extends-afterRefresh (2ms)
2024-9-24 23:14:42-debug: refresh db internal success
2024-9-24 23:14:42-debug: %cImport%c: E:\cocos_project\Cramed_of_death\assets\scripts\player\PlayerManager.tsbackground: #aaff85; color: #000;color: #000;
2024-9-24 23:14:42-debug: %cImport%c: E:\cocos_project\Cramed_of_death\assets\scripts\woodenSkeleton\WoodenSkeletonManager.tsbackground: #aaff85; color: #000;color: #000;
2024-9-24 23:14:42-debug: Run asset db hook engine-extends:afterRefresh ...
2024-9-24 23:14:42-debug: Run asset db hook engine-extends:afterRefresh success!
2024-9-24 23:14:42-debug: refresh db assets success
2024-9-24 23:14:42-debug: asset-db:refresh-all-database (388ms)
2024-9-24 23:14:42-debug: asset-db:worker-effect-data-processing (1ms)
2024-9-24 23:14:42-debug: asset-db-hook-engine-extends-afterRefresh (2ms)
2024-9-24 23:14:43-debug: Query all assets info in project
2024-9-24 23:14:43-debug: init custom config: keepNodeUuid: false, useCache: true
2024-9-24 23:14:43-debug: Query asset bundle start, progress: 0%
2024-9-24 23:14:43-debug: // ---- build task Query asset bundle ----
2024-9-24 23:14:43-debug: Query preload assets from cc.config.json: 60f7195c-ec2a-45eb-ba94-8955f60e81d0,1c02ae6f-4492-4915-b8f8-7492a3b1e4cd,810e96e4-e456-4468-9b59-f4e8f39732c0,efe8e2a3-eace-427b-b4f1-cb8a937ec77d,e9aa9a3e-5b2b-4ac7-a2c7-073de2b2b24f,8bbdbcdd-5cd4-4100-b6d5-b7c9625b6107,50f4348b-c883-4e2f-8f11-ce233b859fa1,fda095cb-831d-4601-ad94-846013963de8,f92806d7-1768-443f-afe8-12bcde84d0f0,dd3a144d-ab7f-41f0-82b8-2e43a090d496,f0416e68-0200-4b77-a926-4f9d16e494da,970b0598-bcb0-4714-91fb-2e81440dccd8,bcd64cc6-2dd9-43f6-abbe-66318d332032,d930590d-bb92-4cc8-8bd1-23cd027f9edf,a3cd009f-0ab0-420d-9278-b9fdab939bbc,c27215d8-6835-4b68-bfbb-bdeac6100c04,b5d6115f-0370-4d7c-aad3-c194cc71cf98,871c3b6c-7379-419d-bda3-794b239ab90d
2024-9-24 23:14:43-debug:   Number of all scripts: 33
2024-9-24 23:14:43-debug:   Number of other assets: 906
2024-9-24 23:14:43-debug:   Number of all scenes: 1
2024-9-24 23:14:43-debug: // ---- build task Query asset bundle ---- (55ms)
2024-9-24 23:14:43-debug: run build task Query asset bundle success in 55 ms√, progress: 5%
2024-9-24 23:14:43-debug: [Build Memory track]: Query asset bundle start:170.48MB, end 170.65MB, increase: 174.83KB
2024-9-24 23:14:43-debug: Query asset bundle start, progress: 5%
2024-9-24 23:14:43-debug: // ---- build task Query asset bundle ----
2024-9-24 23:14:43-debug: [Build Memory track]: Query asset bundle start:170.66MB, end 170.81MB, increase: 152.79KB
2024-9-24 23:14:43-debug: // ---- build task Query asset bundle ---- (4ms)
2024-9-24 23:14:43-debug: run build task Query asset bundle success in 4 ms√, progress: 10%
2024-9-24 23:14:43-debug: Sort some build options to settings.json start, progress: 10%
2024-9-24 23:14:43-debug: // ---- build task Sort some build options to settings.json ----
2024-9-24 23:14:43-debug: run build task Sort some build options to settings.json success in 3 ms√, progress: 12%
2024-9-24 23:14:43-debug: [Build Memory track]: Sort some build options to settings.json start:170.82MB, end 170.98MB, increase: 159.66KB
2024-9-24 23:14:43-debug: Fill script data to settings start, progress: 12%
2024-9-24 23:14:43-debug: // ---- build task Sort some build options to settings.json ---- (3ms)
2024-9-24 23:14:43-debug: // ---- build task Fill script data to settings ----
2024-9-24 23:14:43-debug: run build task Fill script data to settings success in 2 ms√, progress: 13%
2024-9-24 23:14:43-debug: [Build Memory track]: Fill script data to settings start:171.00MB, end 171.01MB, increase: 15.68KB
2024-9-24 23:14:43-debug: // ---- build task Fill script data to settings ---- (2ms)
2024-9-24 23:14:43-debug: Sort some build options to settings.json start, progress: 13%
2024-9-24 23:14:43-debug: // ---- build task Sort some build options to settings.json ----
2024-9-24 23:14:43-debug: [Build Memory track]: Sort some build options to settings.json start:171.02MB, end 171.15MB, increase: 127.04KB
2024-9-24 23:14:43-debug: // ---- build task Sort some build options to settings.json ---- (8ms)
2024-9-24 23:14:43-debug: run build task Sort some build options to settings.json success in 8 ms√, progress: 15%
2024-9-24 23:14:44-debug: Query all assets info in project
2024-9-24 23:14:44-debug: init custom config: keepNodeUuid: false, useCache: true
2024-9-24 23:14:44-debug: Query asset bundle start, progress: 0%
2024-9-24 23:14:44-debug: // ---- build task Query asset bundle ----
2024-9-24 23:14:44-debug:   Number of all scripts: 33
2024-9-24 23:14:44-debug: Query preload assets from cc.config.json: 60f7195c-ec2a-45eb-ba94-8955f60e81d0,1c02ae6f-4492-4915-b8f8-7492a3b1e4cd,810e96e4-e456-4468-9b59-f4e8f39732c0,efe8e2a3-eace-427b-b4f1-cb8a937ec77d,e9aa9a3e-5b2b-4ac7-a2c7-073de2b2b24f,8bbdbcdd-5cd4-4100-b6d5-b7c9625b6107,50f4348b-c883-4e2f-8f11-ce233b859fa1,fda095cb-831d-4601-ad94-846013963de8,f92806d7-1768-443f-afe8-12bcde84d0f0,dd3a144d-ab7f-41f0-82b8-2e43a090d496,f0416e68-0200-4b77-a926-4f9d16e494da,970b0598-bcb0-4714-91fb-2e81440dccd8,bcd64cc6-2dd9-43f6-abbe-66318d332032,d930590d-bb92-4cc8-8bd1-23cd027f9edf,a3cd009f-0ab0-420d-9278-b9fdab939bbc,c27215d8-6835-4b68-bfbb-bdeac6100c04,b5d6115f-0370-4d7c-aad3-c194cc71cf98,871c3b6c-7379-419d-bda3-794b239ab90d
2024-9-24 23:14:44-debug:   Number of other assets: 906
2024-9-24 23:14:44-debug:   Number of all scenes: 1
2024-9-24 23:14:44-debug: run build task Query asset bundle success in 21 ms√, progress: 5%
2024-9-24 23:14:44-debug: // ---- build task Query asset bundle ---- (21ms)
2024-9-24 23:14:44-debug: [Build Memory track]: Query asset bundle start:170.97MB, end 170.79MB, increase: -180.56KB
2024-9-24 23:14:44-debug: Query asset bundle start, progress: 5%
2024-9-24 23:14:44-debug: // ---- build task Query asset bundle ----
2024-9-24 23:14:44-debug: // ---- build task Query asset bundle ---- (2ms)
2024-9-24 23:14:44-debug: run build task Query asset bundle success in 2 ms√, progress: 10%
2024-9-24 23:14:44-debug: Sort some build options to settings.json start, progress: 10%
2024-9-24 23:14:44-debug: [Build Memory track]: Query asset bundle start:170.81MB, end 170.96MB, increase: 151.35KB
2024-9-24 23:14:44-debug: // ---- build task Sort some build options to settings.json ----
2024-9-24 23:14:44-debug: // ---- build task Sort some build options to settings.json ---- (1ms)
2024-9-24 23:14:44-debug: run build task Sort some build options to settings.json success in 1 ms√, progress: 12%
2024-9-24 23:14:44-debug: [Build Memory track]: Sort some build options to settings.json start:170.97MB, end 170.99MB, increase: 14.82KB
2024-9-24 23:14:44-debug: // ---- build task Fill script data to settings ----
2024-9-24 23:14:44-debug: Fill script data to settings start, progress: 12%
2024-9-24 23:14:44-debug: // ---- build task Fill script data to settings ---- (1ms)
2024-9-24 23:14:44-debug: run build task Fill script data to settings success in 1 ms√, progress: 13%
2024-9-24 23:14:44-debug: [Build Memory track]: Fill script data to settings start:171.00MB, end 171.02MB, increase: 15.89KB
2024-9-24 23:14:44-debug: Sort some build options to settings.json start, progress: 13%
2024-9-24 23:14:44-debug: // ---- build task Sort some build options to settings.json ----
2024-9-24 23:14:44-debug: // ---- build task Sort some build options to settings.json ---- (3ms)
2024-9-24 23:14:44-debug: run build task Sort some build options to settings.json success in 3 ms√, progress: 15%
2024-9-24 23:14:44-debug: [Build Memory track]: Sort some build options to settings.json start:171.03MB, end 171.15MB, increase: 126.63KB
2024-9-24 23:14:44-debug: Query all assets info in project
2024-9-24 23:14:44-debug: init custom config: keepNodeUuid: false, useCache: true
2024-9-24 23:14:44-debug: Query asset bundle start, progress: 0%
2024-9-24 23:14:44-debug: // ---- build task Query asset bundle ----
2024-9-24 23:14:44-debug:   Number of other assets: 906
2024-9-24 23:14:44-debug: Query preload assets from cc.config.json: 60f7195c-ec2a-45eb-ba94-8955f60e81d0,1c02ae6f-4492-4915-b8f8-7492a3b1e4cd,810e96e4-e456-4468-9b59-f4e8f39732c0,efe8e2a3-eace-427b-b4f1-cb8a937ec77d,e9aa9a3e-5b2b-4ac7-a2c7-073de2b2b24f,8bbdbcdd-5cd4-4100-b6d5-b7c9625b6107,50f4348b-c883-4e2f-8f11-ce233b859fa1,fda095cb-831d-4601-ad94-846013963de8,f92806d7-1768-443f-afe8-12bcde84d0f0,dd3a144d-ab7f-41f0-82b8-2e43a090d496,f0416e68-0200-4b77-a926-4f9d16e494da,970b0598-bcb0-4714-91fb-2e81440dccd8,bcd64cc6-2dd9-43f6-abbe-66318d332032,d930590d-bb92-4cc8-8bd1-23cd027f9edf,a3cd009f-0ab0-420d-9278-b9fdab939bbc,c27215d8-6835-4b68-bfbb-bdeac6100c04,b5d6115f-0370-4d7c-aad3-c194cc71cf98,871c3b6c-7379-419d-bda3-794b239ab90d
2024-9-24 23:14:44-debug:   Number of all scripts: 33
2024-9-24 23:14:44-debug:   Number of all scenes: 1
2024-9-24 23:14:44-debug: // ---- build task Query asset bundle ---- (23ms)
2024-9-24 23:14:44-debug: run build task Query asset bundle success in 23 ms√, progress: 5%
2024-9-24 23:14:44-debug: [Build Memory track]: Query asset bundle start:171.73MB, end 171.76MB, increase: 32.05KB
2024-9-24 23:14:44-debug: // ---- build task Query asset bundle ----
2024-9-24 23:14:44-debug: Query asset bundle start, progress: 5%
2024-9-24 23:14:44-debug: // ---- build task Query asset bundle ---- (2ms)
2024-9-24 23:14:44-debug: run build task Query asset bundle success in 2 ms√, progress: 10%
2024-9-24 23:14:44-debug: [Build Memory track]: Query asset bundle start:171.77MB, end 171.92MB, increase: 150.76KB
2024-9-24 23:14:44-debug: Sort some build options to settings.json start, progress: 10%
2024-9-24 23:14:44-debug: // ---- build task Sort some build options to settings.json ----
2024-9-24 23:14:44-debug: // ---- build task Sort some build options to settings.json ---- (1ms)
2024-9-24 23:14:44-debug: run build task Sort some build options to settings.json success in 1 ms√, progress: 12%
2024-9-24 23:14:44-debug: [Build Memory track]: Sort some build options to settings.json start:171.94MB, end 171.95MB, increase: 15.74KB
2024-9-24 23:14:44-debug: Fill script data to settings start, progress: 12%
2024-9-24 23:14:44-debug: // ---- build task Fill script data to settings ----
2024-9-24 23:14:44-debug: // ---- build task Fill script data to settings ---- (1ms)
2024-9-24 23:14:44-debug: run build task Fill script data to settings success in 1 ms√, progress: 13%
2024-9-24 23:14:44-debug: [Build Memory track]: Fill script data to settings start:171.96MB, end 171.98MB, increase: 18.22KB
2024-9-24 23:14:44-debug: Sort some build options to settings.json start, progress: 13%
2024-9-24 23:14:44-debug: // ---- build task Sort some build options to settings.json ----
2024-9-24 23:14:44-debug: // ---- build task Sort some build options to settings.json ---- (3ms)
2024-9-24 23:14:44-debug: run build task Sort some build options to settings.json success in 3 ms√, progress: 15%
2024-9-24 23:14:44-debug: [Build Memory track]: Sort some build options to settings.json start:172.00MB, end 172.11MB, increase: 120.14KB
2024-9-24 23:16:40-debug: refresh db internal success
2024-9-24 23:16:40-debug: Run asset db hook engine-extends:afterRefresh ...
2024-9-24 23:16:40-debug: Run asset db hook engine-extends:afterRefresh success!
2024-9-24 23:16:40-debug: refresh db assets success
2024-9-24 23:16:40-debug: asset-db:refresh-all-database (364ms)
2024-9-24 23:16:40-debug: asset-db:worker-effect-data-processing (2ms)
2024-9-24 23:16:40-debug: asset-db-hook-engine-extends-afterRefresh (2ms)
2024-9-24 23:28:02-debug: refresh db internal success
2024-9-24 23:28:02-debug: %cImport%c: E:\cocos_project\Cramed_of_death\assets\scripts\woodenSkeleton\AttackSubStateMachine.tsbackground: #aaff85; color: #000;color: #000;
2024-9-24 23:28:03-debug: %cImport%c: E:\cocos_project\Cramed_of_death\assets\enums\index.tsbackground: #aaff85; color: #000;color: #000;
2024-9-24 23:28:03-debug: %cImport%c: E:\cocos_project\Cramed_of_death\assets\scripts\woodenSkeletonbackground: #aaff85; color: #000;color: #000;
2024-9-24 23:28:03-debug: %cImport%c: E:\cocos_project\Cramed_of_death\assets\scripts\woodenSkeleton\WoodenSkeletonManager.tsbackground: #aaff85; color: #000;color: #000;
2024-9-24 23:28:03-debug: %cImport%c: E:\cocos_project\Cramed_of_death\assets\scripts\woodenSkeleton\WoodenSkeletonStateMachine.tsbackground: #aaff85; color: #000;color: #000;
2024-9-24 23:28:03-debug: refresh db assets success
2024-9-24 23:28:03-debug: Run asset db hook engine-extends:afterRefresh ...
2024-9-24 23:28:03-debug: Run asset db hook engine-extends:afterRefresh success!
2024-9-24 23:28:03-debug: asset-db:refresh-all-database (390ms)
2024-9-24 23:28:03-debug: asset-db:worker-effect-data-processing (1ms)
2024-9-24 23:28:03-debug: asset-db-hook-engine-extends-afterRefresh (2ms)
2024-9-24 23:28:03-debug: Query all assets info in project
2024-9-24 23:28:03-debug: init custom config: keepNodeUuid: false, useCache: true
2024-9-24 23:28:03-debug: // ---- build task Query asset bundle ----
2024-9-24 23:28:03-debug: Query asset bundle start, progress: 0%
2024-9-24 23:28:03-debug: Query preload assets from cc.config.json: 60f7195c-ec2a-45eb-ba94-8955f60e81d0,1c02ae6f-4492-4915-b8f8-7492a3b1e4cd,810e96e4-e456-4468-9b59-f4e8f39732c0,efe8e2a3-eace-427b-b4f1-cb8a937ec77d,e9aa9a3e-5b2b-4ac7-a2c7-073de2b2b24f,8bbdbcdd-5cd4-4100-b6d5-b7c9625b6107,50f4348b-c883-4e2f-8f11-ce233b859fa1,fda095cb-831d-4601-ad94-846013963de8,f92806d7-1768-443f-afe8-12bcde84d0f0,dd3a144d-ab7f-41f0-82b8-2e43a090d496,f0416e68-0200-4b77-a926-4f9d16e494da,970b0598-bcb0-4714-91fb-2e81440dccd8,bcd64cc6-2dd9-43f6-abbe-66318d332032,d930590d-bb92-4cc8-8bd1-23cd027f9edf,a3cd009f-0ab0-420d-9278-b9fdab939bbc,c27215d8-6835-4b68-bfbb-bdeac6100c04,b5d6115f-0370-4d7c-aad3-c194cc71cf98,871c3b6c-7379-419d-bda3-794b239ab90d
2024-9-24 23:28:03-debug:   Number of all scripts: 34
2024-9-24 23:28:03-debug:   Number of other assets: 906
2024-9-24 23:28:03-debug:   Number of all scenes: 1
2024-9-24 23:28:03-debug: run build task Query asset bundle success in 65 ms√, progress: 5%
2024-9-24 23:28:03-debug: [Build Memory track]: Query asset bundle start:175.32MB, end 174.98MB, increase: -344.93KB
2024-9-24 23:28:03-debug: Query asset bundle start, progress: 5%
2024-9-24 23:28:03-debug: // ---- build task Query asset bundle ---- (65ms)
2024-9-24 23:28:03-debug: // ---- build task Query asset bundle ----
2024-9-24 23:28:03-debug: // ---- build task Query asset bundle ---- (4ms)
2024-9-24 23:28:03-debug: [Build Memory track]: Query asset bundle start:174.99MB, end 175.14MB, increase: 152.07KB
2024-9-24 23:28:03-debug: run build task Query asset bundle success in 4 ms√, progress: 10%
2024-9-24 23:28:03-debug: // ---- build task Sort some build options to settings.json ----
2024-9-24 23:28:03-debug: Sort some build options to settings.json start, progress: 10%
2024-9-24 23:28:03-debug: [Build Memory track]: Sort some build options to settings.json start:175.16MB, end 175.17MB, increase: 16.00KB
2024-9-24 23:28:03-debug: run build task Sort some build options to settings.json success in 2 ms√, progress: 12%
2024-9-24 23:28:03-debug: // ---- build task Sort some build options to settings.json ---- (2ms)
2024-9-24 23:28:03-debug: Fill script data to settings start, progress: 12%
2024-9-24 23:28:03-debug: // ---- build task Fill script data to settings ----
2024-9-24 23:28:03-debug: [Build Memory track]: Fill script data to settings start:175.19MB, end 175.20MB, increase: 16.50KB
2024-9-24 23:28:03-debug: // ---- build task Fill script data to settings ---- (1ms)
2024-9-24 23:28:03-debug: run build task Fill script data to settings success in 1 ms√, progress: 13%
2024-9-24 23:28:03-debug: Sort some build options to settings.json start, progress: 13%
2024-9-24 23:28:03-debug: // ---- build task Sort some build options to settings.json ----
2024-9-24 23:28:03-debug: run build task Sort some build options to settings.json success in 5 ms√, progress: 15%
2024-9-24 23:28:03-debug: [Build Memory track]: Sort some build options to settings.json start:175.22MB, end 175.34MB, increase: 121.90KB
2024-9-24 23:28:03-debug: // ---- build task Sort some build options to settings.json ---- (5ms)
2024-9-24 23:28:05-debug: Query all assets info in project
2024-9-24 23:28:05-debug: init custom config: keepNodeUuid: false, useCache: true
2024-9-24 23:28:05-debug: Query asset bundle start, progress: 0%
2024-9-24 23:28:05-debug: // ---- build task Query asset bundle ----
2024-9-24 23:28:05-debug:   Number of other assets: 906
2024-9-24 23:28:05-debug: Query preload assets from cc.config.json: 60f7195c-ec2a-45eb-ba94-8955f60e81d0,1c02ae6f-4492-4915-b8f8-7492a3b1e4cd,810e96e4-e456-4468-9b59-f4e8f39732c0,efe8e2a3-eace-427b-b4f1-cb8a937ec77d,e9aa9a3e-5b2b-4ac7-a2c7-073de2b2b24f,8bbdbcdd-5cd4-4100-b6d5-b7c9625b6107,50f4348b-c883-4e2f-8f11-ce233b859fa1,fda095cb-831d-4601-ad94-846013963de8,f92806d7-1768-443f-afe8-12bcde84d0f0,dd3a144d-ab7f-41f0-82b8-2e43a090d496,f0416e68-0200-4b77-a926-4f9d16e494da,970b0598-bcb0-4714-91fb-2e81440dccd8,bcd64cc6-2dd9-43f6-abbe-66318d332032,d930590d-bb92-4cc8-8bd1-23cd027f9edf,a3cd009f-0ab0-420d-9278-b9fdab939bbc,c27215d8-6835-4b68-bfbb-bdeac6100c04,b5d6115f-0370-4d7c-aad3-c194cc71cf98,871c3b6c-7379-419d-bda3-794b239ab90d
2024-9-24 23:28:05-debug:   Number of all scenes: 1
2024-9-24 23:28:05-debug:   Number of all scripts: 34
2024-9-24 23:28:05-debug: // ---- build task Query asset bundle ---- (25ms)
2024-9-24 23:28:05-debug: run build task Query asset bundle success in 25 ms√, progress: 5%
2024-9-24 23:28:05-debug: Query asset bundle start, progress: 5%
2024-9-24 23:28:05-debug: [Build Memory track]: Query asset bundle start:175.93MB, end 176.07MB, increase: 142.37KB
2024-9-24 23:28:05-debug: // ---- build task Query asset bundle ----
2024-9-24 23:28:05-debug: run build task Query asset bundle success in 2 ms√, progress: 10%
2024-9-24 23:28:05-debug: [Build Memory track]: Query asset bundle start:176.08MB, end 176.24MB, increase: 154.84KB
2024-9-24 23:28:05-debug: Sort some build options to settings.json start, progress: 10%
2024-9-24 23:28:05-debug: // ---- build task Sort some build options to settings.json ----
2024-9-24 23:28:05-debug: // ---- build task Query asset bundle ---- (2ms)
2024-9-24 23:28:05-debug: // ---- build task Sort some build options to settings.json ---- (1ms)
2024-9-24 23:28:05-debug: run build task Sort some build options to settings.json success in 1 ms√, progress: 12%
2024-9-24 23:28:05-debug: [Build Memory track]: Sort some build options to settings.json start:176.25MB, end 176.27MB, increase: 15.93KB
2024-9-24 23:28:05-debug: Fill script data to settings start, progress: 12%
2024-9-24 23:28:05-debug: // ---- build task Fill script data to settings ----
2024-9-24 23:28:05-debug: run build task Fill script data to settings success in 1 ms√, progress: 13%
2024-9-24 23:28:05-debug: // ---- build task Fill script data to settings ---- (1ms)
2024-9-24 23:28:05-debug: [Build Memory track]: Fill script data to settings start:176.28MB, end 176.29MB, increase: 15.26KB
2024-9-24 23:28:05-debug: Sort some build options to settings.json start, progress: 13%
2024-9-24 23:28:05-debug: // ---- build task Sort some build options to settings.json ----
2024-9-24 23:28:05-debug: [Build Memory track]: Sort some build options to settings.json start:176.31MB, end 176.43MB, increase: 123.20KB
2024-9-24 23:28:05-debug: // ---- build task Sort some build options to settings.json ---- (4ms)
2024-9-24 23:28:05-debug: run build task Sort some build options to settings.json success in 4 ms√, progress: 15%
2024-9-24 23:28:44-debug: refresh db internal success
2024-9-24 23:28:44-debug: refresh db assets success
2024-9-24 23:28:44-debug: Run asset db hook engine-extends:afterRefresh ...
2024-9-24 23:28:44-debug: Run asset db hook engine-extends:afterRefresh success!
2024-9-24 23:28:44-debug: asset-db:refresh-all-database (366ms)
2024-9-24 23:28:44-debug: asset-db:worker-effect-data-processing (1ms)
2024-9-24 23:28:44-debug: asset-db-hook-engine-extends-afterRefresh (1ms)
2024-9-24 23:30:41-debug: refresh db internal success
2024-9-24 23:30:41-debug: %cImport%c: E:\cocos_project\Cramed_of_death\assets\scripts\woodenSkeleton\WoodenSkeletonStateMachine.tsbackground: #aaff85; color: #000;color: #000;
2024-9-24 23:30:41-debug: refresh db assets success
2024-9-24 23:30:41-debug: Run asset db hook engine-extends:afterRefresh ...
2024-9-24 23:30:41-debug: Run asset db hook engine-extends:afterRefresh success!
2024-9-24 23:30:41-debug: asset-db:refresh-all-database (354ms)
2024-9-24 23:30:41-debug: asset-db:worker-effect-data-processing (1ms)
2024-9-24 23:30:41-debug: asset-db-hook-engine-extends-afterRefresh (1ms)
2024-9-24 23:30:42-debug: Query all assets info in project
2024-9-24 23:30:42-debug: init custom config: keepNodeUuid: false, useCache: true
2024-9-24 23:30:42-debug: Query asset bundle start, progress: 0%
2024-9-24 23:30:42-debug: // ---- build task Query asset bundle ----
2024-9-24 23:30:42-debug:   Number of all scenes: 1
2024-9-24 23:30:42-debug: Query preload assets from cc.config.json: 60f7195c-ec2a-45eb-ba94-8955f60e81d0,1c02ae6f-4492-4915-b8f8-7492a3b1e4cd,810e96e4-e456-4468-9b59-f4e8f39732c0,efe8e2a3-eace-427b-b4f1-cb8a937ec77d,e9aa9a3e-5b2b-4ac7-a2c7-073de2b2b24f,8bbdbcdd-5cd4-4100-b6d5-b7c9625b6107,50f4348b-c883-4e2f-8f11-ce233b859fa1,fda095cb-831d-4601-ad94-846013963de8,f92806d7-1768-443f-afe8-12bcde84d0f0,dd3a144d-ab7f-41f0-82b8-2e43a090d496,f0416e68-0200-4b77-a926-4f9d16e494da,970b0598-bcb0-4714-91fb-2e81440dccd8,bcd64cc6-2dd9-43f6-abbe-66318d332032,d930590d-bb92-4cc8-8bd1-23cd027f9edf,a3cd009f-0ab0-420d-9278-b9fdab939bbc,c27215d8-6835-4b68-bfbb-bdeac6100c04,b5d6115f-0370-4d7c-aad3-c194cc71cf98,871c3b6c-7379-419d-bda3-794b239ab90d
2024-9-24 23:30:42-debug:   Number of all scripts: 34
2024-9-24 23:30:42-debug:   Number of other assets: 906
2024-9-24 23:30:42-debug: [Build Memory track]: Query asset bundle start:178.62MB, end 178.21MB, increase: -421.44KB
2024-9-24 23:30:42-debug: run build task Query asset bundle success in 32 ms√, progress: 5%
2024-9-24 23:30:42-debug: // ---- build task Query asset bundle ---- (32ms)
2024-9-24 23:30:42-debug: Query asset bundle start, progress: 5%
2024-9-24 23:30:42-debug: // ---- build task Query asset bundle ----
2024-9-24 23:30:42-debug: run build task Query asset bundle success in 6 ms√, progress: 10%
2024-9-24 23:30:42-debug: [Build Memory track]: Query asset bundle start:178.22MB, end 178.37MB, increase: 155.44KB
2024-9-24 23:30:42-debug: // ---- build task Query asset bundle ---- (6ms)
2024-9-24 23:30:42-debug: Sort some build options to settings.json start, progress: 10%
2024-9-24 23:30:42-debug: // ---- build task Sort some build options to settings.json ----
2024-9-24 23:30:42-debug: run build task Sort some build options to settings.json success in 2 ms√, progress: 12%
2024-9-24 23:30:42-debug: [Build Memory track]: Sort some build options to settings.json start:178.39MB, end 178.40MB, increase: 17.54KB
2024-9-24 23:30:42-debug: // ---- build task Sort some build options to settings.json ---- (2ms)
2024-9-24 23:30:42-debug: Fill script data to settings start, progress: 12%
2024-9-24 23:30:42-debug: // ---- build task Fill script data to settings ----
2024-9-24 23:30:42-debug: [Build Memory track]: Fill script data to settings start:178.42MB, end 178.43MB, increase: 16.52KB
2024-9-24 23:30:42-debug: run build task Fill script data to settings success in 3 ms√, progress: 13%
2024-9-24 23:30:42-debug: Sort some build options to settings.json start, progress: 13%
2024-9-24 23:30:42-debug: // ---- build task Fill script data to settings ---- (3ms)
2024-9-24 23:30:42-debug: // ---- build task Sort some build options to settings.json ----
2024-9-24 23:30:42-debug: // ---- build task Sort some build options to settings.json ---- (5ms)
2024-9-24 23:30:42-debug: run build task Sort some build options to settings.json success in 5 ms√, progress: 15%
2024-9-24 23:30:42-debug: [Build Memory track]: Sort some build options to settings.json start:178.45MB, end 178.57MB, increase: 120.45KB
2024-9-24 23:32:12-debug: refresh db internal success
2024-9-24 23:32:12-debug: %cImport%c: E:\cocos_project\Cramed_of_death\assets\scripts\woodenSkeleton\WoodenSkeletonStateMachine.tsbackground: #aaff85; color: #000;color: #000;
2024-9-24 23:32:12-debug: refresh db assets success
2024-9-24 23:32:12-debug: Run asset db hook engine-extends:afterRefresh ...
2024-9-24 23:32:12-debug: Run asset db hook engine-extends:afterRefresh success!
2024-9-24 23:32:12-debug: asset-db:worker-effect-data-processing (1ms)
2024-9-24 23:32:12-debug: asset-db:refresh-all-database (361ms)
2024-9-24 23:32:12-debug: asset-db-hook-engine-extends-afterRefresh (2ms)
2024-9-24 23:32:13-debug: Query all assets info in project
2024-9-24 23:32:13-debug: init custom config: keepNodeUuid: false, useCache: true
2024-9-24 23:32:13-debug: Query asset bundle start, progress: 0%
2024-9-24 23:32:13-debug: // ---- build task Query asset bundle ----
2024-9-24 23:32:13-debug:   Number of all scenes: 1
2024-9-24 23:32:13-debug:   Number of other assets: 906
2024-9-24 23:32:13-debug: Query preload assets from cc.config.json: 60f7195c-ec2a-45eb-ba94-8955f60e81d0,1c02ae6f-4492-4915-b8f8-7492a3b1e4cd,810e96e4-e456-4468-9b59-f4e8f39732c0,efe8e2a3-eace-427b-b4f1-cb8a937ec77d,e9aa9a3e-5b2b-4ac7-a2c7-073de2b2b24f,8bbdbcdd-5cd4-4100-b6d5-b7c9625b6107,50f4348b-c883-4e2f-8f11-ce233b859fa1,fda095cb-831d-4601-ad94-846013963de8,f92806d7-1768-443f-afe8-12bcde84d0f0,dd3a144d-ab7f-41f0-82b8-2e43a090d496,f0416e68-0200-4b77-a926-4f9d16e494da,970b0598-bcb0-4714-91fb-2e81440dccd8,bcd64cc6-2dd9-43f6-abbe-66318d332032,d930590d-bb92-4cc8-8bd1-23cd027f9edf,a3cd009f-0ab0-420d-9278-b9fdab939bbc,c27215d8-6835-4b68-bfbb-bdeac6100c04,b5d6115f-0370-4d7c-aad3-c194cc71cf98,871c3b6c-7379-419d-bda3-794b239ab90d
2024-9-24 23:32:13-debug:   Number of all scripts: 34
2024-9-24 23:32:13-debug: run build task Query asset bundle success in 35 ms√, progress: 5%
2024-9-24 23:32:13-debug: // ---- build task Query asset bundle ---- (35ms)
2024-9-24 23:32:13-debug: // ---- build task Query asset bundle ----
2024-9-24 23:32:13-debug: Query asset bundle start, progress: 5%
2024-9-24 23:32:13-debug: [Build Memory track]: Query asset bundle start:180.46MB, end 181.03MB, increase: 592.75KB
2024-9-24 23:32:13-debug: // ---- build task Query asset bundle ---- (3ms)
2024-9-24 23:32:13-debug: Sort some build options to settings.json start, progress: 10%
2024-9-24 23:32:13-debug: [Build Memory track]: Query asset bundle start:181.05MB, end 181.20MB, increase: 151.59KB
2024-9-24 23:32:13-debug: run build task Query asset bundle success in 3 ms√, progress: 10%
2024-9-24 23:32:13-debug: // ---- build task Sort some build options to settings.json ----
2024-9-24 23:32:13-debug: Fill script data to settings start, progress: 12%
2024-9-24 23:32:13-debug: [Build Memory track]: Sort some build options to settings.json start:181.21MB, end 181.23MB, increase: 16.00KB
2024-9-24 23:32:13-debug: run build task Sort some build options to settings.json success in 1 ms√, progress: 12%
2024-9-24 23:32:13-debug: // ---- build task Sort some build options to settings.json ---- (1ms)
2024-9-24 23:32:13-debug: // ---- build task Fill script data to settings ----
2024-9-24 23:32:13-debug: run build task Fill script data to settings success in 1 ms√, progress: 13%
2024-9-24 23:32:13-debug: // ---- build task Fill script data to settings ---- (1ms)
2024-9-24 23:32:13-debug: // ---- build task Sort some build options to settings.json ----
2024-9-24 23:32:13-debug: [Build Memory track]: Fill script data to settings start:181.24MB, end 181.26MB, increase: 15.41KB
2024-9-24 23:32:13-debug: Sort some build options to settings.json start, progress: 13%
2024-9-24 23:32:13-debug: run build task Sort some build options to settings.json success in 9 ms√, progress: 15%
2024-9-24 23:32:13-debug: [Build Memory track]: Sort some build options to settings.json start:181.27MB, end 181.40MB, increase: 130.18KB
2024-9-24 23:32:13-debug: // ---- build task Sort some build options to settings.json ---- (9ms)
2024-9-24 23:47:01-debug: refresh db internal success
2024-9-24 23:47:01-debug: %cImport%c: E:\cocos_project\Cramed_of_death\assets\scripts\player\DeadSubStateMachine.tsbackground: #aaff85; color: #000;color: #000;
2024-9-24 23:47:01-debug: %cImport%c: E:\cocos_project\Cramed_of_death\assets\scripts\playerbackground: #aaff85; color: #000;color: #000;
2024-9-24 23:47:01-debug: %cImport%c: E:\cocos_project\Cramed_of_death\assets\enums\index.tsbackground: #aaff85; color: #000;color: #000;
2024-9-24 23:47:01-debug: %cImport%c: E:\cocos_project\Cramed_of_death\assets\scripts\player\PlayerManager.tsbackground: #aaff85; color: #000;color: #000;
2024-9-24 23:47:01-debug: %cImport%c: E:\cocos_project\Cramed_of_death\assets\scripts\player\PlayerStateMachine.tsbackground: #aaff85; color: #000;color: #000;
2024-9-24 23:47:01-debug: %cImport%c: E:\cocos_project\Cramed_of_death\assets\scripts\woodenSkeleton\WoodenSkeletonManager.tsbackground: #aaff85; color: #000;color: #000;
2024-9-24 23:47:01-debug: Run asset db hook engine-extends:afterRefresh ...
2024-9-24 23:47:01-debug: Run asset db hook engine-extends:afterRefresh success!
2024-9-24 23:47:01-debug: refresh db assets success
2024-9-24 23:47:01-debug: asset-db:refresh-all-database (384ms)
2024-9-24 23:47:01-debug: asset-db:worker-effect-data-processing (1ms)
2024-9-24 23:47:01-debug: asset-db-hook-engine-extends-afterRefresh (2ms)
2024-9-24 23:47:02-debug: Query all assets info in project
2024-9-24 23:47:03-debug: init custom config: keepNodeUuid: false, useCache: true
2024-9-24 23:47:03-debug: // ---- build task Query asset bundle ----
2024-9-24 23:47:03-debug: Query asset bundle start, progress: 0%
2024-9-24 23:47:03-debug:   Number of all scenes: 1
2024-9-24 23:47:03-debug: Query preload assets from cc.config.json: 60f7195c-ec2a-45eb-ba94-8955f60e81d0,1c02ae6f-4492-4915-b8f8-7492a3b1e4cd,810e96e4-e456-4468-9b59-f4e8f39732c0,efe8e2a3-eace-427b-b4f1-cb8a937ec77d,e9aa9a3e-5b2b-4ac7-a2c7-073de2b2b24f,8bbdbcdd-5cd4-4100-b6d5-b7c9625b6107,50f4348b-c883-4e2f-8f11-ce233b859fa1,fda095cb-831d-4601-ad94-846013963de8,f92806d7-1768-443f-afe8-12bcde84d0f0,dd3a144d-ab7f-41f0-82b8-2e43a090d496,f0416e68-0200-4b77-a926-4f9d16e494da,970b0598-bcb0-4714-91fb-2e81440dccd8,bcd64cc6-2dd9-43f6-abbe-66318d332032,d930590d-bb92-4cc8-8bd1-23cd027f9edf,a3cd009f-0ab0-420d-9278-b9fdab939bbc,c27215d8-6835-4b68-bfbb-bdeac6100c04,b5d6115f-0370-4d7c-aad3-c194cc71cf98,871c3b6c-7379-419d-bda3-794b239ab90d
2024-9-24 23:47:03-debug:   Number of all scripts: 35
2024-9-24 23:47:03-debug:   Number of other assets: 906
2024-9-24 23:47:03-debug: run build task Query asset bundle success in 52 ms√, progress: 5%
2024-9-24 23:47:03-debug: // ---- build task Query asset bundle ---- (52ms)
2024-9-24 23:47:03-debug: Query asset bundle start, progress: 5%
2024-9-24 23:47:03-debug: // ---- build task Query asset bundle ----
2024-9-24 23:47:03-debug: [Build Memory track]: Query asset bundle start:182.38MB, end 182.84MB, increase: 470.33KB
2024-9-24 23:47:03-debug: // ---- build task Query asset bundle ---- (41ms)
2024-9-24 23:47:03-debug: run build task Query asset bundle success in 41 ms√, progress: 10%
2024-9-24 23:47:03-debug: [Build Memory track]: Query asset bundle start:182.86MB, end 182.99MB, increase: 136.08KB
2024-9-24 23:47:03-debug: Sort some build options to settings.json start, progress: 10%
2024-9-24 23:47:03-debug: // ---- build task Sort some build options to settings.json ----
2024-9-24 23:47:03-debug: // ---- build task Sort some build options to settings.json ---- (12ms)
2024-9-24 23:47:03-debug: run build task Sort some build options to settings.json success in 12 ms√, progress: 12%
2024-9-24 23:47:03-debug: [Build Memory track]: Sort some build options to settings.json start:183.00MB, end 183.02MB, increase: 16.33KB
2024-9-24 23:47:03-debug: Fill script data to settings start, progress: 12%
2024-9-24 23:47:03-debug: // ---- build task Fill script data to settings ----
2024-9-24 23:47:03-debug: // ---- build task Fill script data to settings ---- (3ms)
2024-9-24 23:47:03-debug: Sort some build options to settings.json start, progress: 13%
2024-9-24 23:47:03-debug: // ---- build task Sort some build options to settings.json ----
2024-9-24 23:47:03-debug: [Build Memory track]: Fill script data to settings start:183.03MB, end 183.05MB, increase: 14.93KB
2024-9-24 23:47:03-debug: run build task Fill script data to settings success in 3 ms√, progress: 13%
2024-9-24 23:47:03-debug: run build task Sort some build options to settings.json success in 48 ms√, progress: 15%
2024-9-24 23:47:03-debug: [Build Memory track]: Sort some build options to settings.json start:183.06MB, end 163.01MB, increase: -20531.62KB
2024-9-24 23:47:03-debug: // ---- build task Sort some build options to settings.json ---- (48ms)
2024-9-24 23:47:04-debug: Query all assets info in project
2024-9-24 23:47:04-debug: init custom config: keepNodeUuid: false, useCache: true
2024-9-24 23:47:04-debug: Query asset bundle start, progress: 0%
2024-9-24 23:47:04-debug: // ---- build task Query asset bundle ----
2024-9-24 23:47:04-debug:   Number of all scenes: 1
2024-9-24 23:47:04-debug: Query preload assets from cc.config.json: 60f7195c-ec2a-45eb-ba94-8955f60e81d0,1c02ae6f-4492-4915-b8f8-7492a3b1e4cd,810e96e4-e456-4468-9b59-f4e8f39732c0,efe8e2a3-eace-427b-b4f1-cb8a937ec77d,e9aa9a3e-5b2b-4ac7-a2c7-073de2b2b24f,8bbdbcdd-5cd4-4100-b6d5-b7c9625b6107,50f4348b-c883-4e2f-8f11-ce233b859fa1,fda095cb-831d-4601-ad94-846013963de8,f92806d7-1768-443f-afe8-12bcde84d0f0,dd3a144d-ab7f-41f0-82b8-2e43a090d496,f0416e68-0200-4b77-a926-4f9d16e494da,970b0598-bcb0-4714-91fb-2e81440dccd8,bcd64cc6-2dd9-43f6-abbe-66318d332032,d930590d-bb92-4cc8-8bd1-23cd027f9edf,a3cd009f-0ab0-420d-9278-b9fdab939bbc,c27215d8-6835-4b68-bfbb-bdeac6100c04,b5d6115f-0370-4d7c-aad3-c194cc71cf98,871c3b6c-7379-419d-bda3-794b239ab90d
2024-9-24 23:47:04-debug:   Number of other assets: 906
2024-9-24 23:47:04-debug:   Number of all scripts: 35
2024-9-24 23:47:04-debug: run build task Query asset bundle success in 23 ms√, progress: 5%
2024-9-24 23:47:04-debug: // ---- build task Query asset bundle ---- (23ms)
2024-9-24 23:47:04-debug: [Build Memory track]: Query asset bundle start:163.62MB, end 163.53MB, increase: -96.78KB
2024-9-24 23:47:04-debug: Query asset bundle start, progress: 5%
2024-9-24 23:47:04-debug: // ---- build task Query asset bundle ----
2024-9-24 23:47:04-debug: // ---- build task Query asset bundle ---- (3ms)
2024-9-24 23:47:04-debug: [Build Memory track]: Query asset bundle start:163.54MB, end 163.67MB, increase: 137.75KB
2024-9-24 23:47:04-debug: run build task Query asset bundle success in 3 ms√, progress: 10%
2024-9-24 23:47:04-debug: Sort some build options to settings.json start, progress: 10%
2024-9-24 23:47:04-debug: // ---- build task Sort some build options to settings.json ----
2024-9-24 23:47:04-debug: // ---- build task Sort some build options to settings.json ---- (2ms)
2024-9-24 23:47:04-debug: run build task Sort some build options to settings.json success in 2 ms√, progress: 12%
2024-9-24 23:47:04-debug: [Build Memory track]: Sort some build options to settings.json start:163.69MB, end 163.71MB, increase: 19.96KB
2024-9-24 23:47:04-debug: Fill script data to settings start, progress: 12%
2024-9-24 23:47:04-debug: run build task Fill script data to settings success in 1 ms√, progress: 13%
2024-9-24 23:47:04-debug: // ---- build task Fill script data to settings ---- (1ms)
2024-9-24 23:47:04-debug: // ---- build task Fill script data to settings ----
2024-9-24 23:47:04-debug: [Build Memory track]: Fill script data to settings start:163.72MB, end 163.74MB, increase: 15.56KB
2024-9-24 23:47:04-debug: Sort some build options to settings.json start, progress: 13%
2024-9-24 23:47:04-debug: // ---- build task Sort some build options to settings.json ----
2024-9-24 23:47:04-debug: // ---- build task Sort some build options to settings.json ---- (4ms)
2024-9-24 23:47:04-debug: [Build Memory track]: Sort some build options to settings.json start:163.75MB, end 163.87MB, increase: 122.31KB
2024-9-24 23:47:04-debug: run build task Sort some build options to settings.json success in 4 ms√, progress: 15%
2024-9-24 23:48:25-debug: refresh db internal success
2024-9-24 23:48:25-debug: refresh db assets success
2024-9-24 23:48:25-debug: Run asset db hook engine-extends:afterRefresh ...
2024-9-24 23:48:25-debug: Run asset db hook engine-extends:afterRefresh success!
2024-9-24 23:48:25-debug: asset-db:refresh-all-database (355ms)
2024-9-24 23:48:25-debug: asset-db-hook-engine-extends-afterRefresh (1ms)
2024-9-24 23:53:05-debug: refresh db internal success
2024-9-24 23:53:05-debug: %cImport%c: E:\cocos_project\Cramed_of_death\assets\scripts\player\PlayerManager.tsbackground: #aaff85; color: #000;color: #000;
2024-9-24 23:53:05-debug: %cImport%c: E:\cocos_project\Cramed_of_death\assets\scripts\woodenSkeleton\WoodenSkeletonManager.tsbackground: #aaff85; color: #000;color: #000;
2024-9-24 23:53:05-debug: refresh db assets success
2024-9-24 23:53:05-debug: Run asset db hook engine-extends:afterRefresh success!
2024-9-24 23:53:05-debug: Run asset db hook engine-extends:afterRefresh ...
2024-9-24 23:53:05-debug: asset-db:refresh-all-database (369ms)
2024-9-24 23:53:05-debug: asset-db:worker-effect-data-processing (1ms)
2024-9-24 23:53:05-debug: asset-db-hook-engine-extends-afterRefresh (2ms)
2024-9-24 23:53:06-debug: Query all assets info in project
2024-9-24 23:53:06-debug: init custom config: keepNodeUuid: false, useCache: true
2024-9-24 23:53:06-debug: Query asset bundle start, progress: 0%
2024-9-24 23:53:06-debug: // ---- build task Query asset bundle ----
2024-9-24 23:53:06-debug: Query preload assets from cc.config.json: 60f7195c-ec2a-45eb-ba94-8955f60e81d0,1c02ae6f-4492-4915-b8f8-7492a3b1e4cd,810e96e4-e456-4468-9b59-f4e8f39732c0,efe8e2a3-eace-427b-b4f1-cb8a937ec77d,e9aa9a3e-5b2b-4ac7-a2c7-073de2b2b24f,8bbdbcdd-5cd4-4100-b6d5-b7c9625b6107,50f4348b-c883-4e2f-8f11-ce233b859fa1,fda095cb-831d-4601-ad94-846013963de8,f92806d7-1768-443f-afe8-12bcde84d0f0,dd3a144d-ab7f-41f0-82b8-2e43a090d496,f0416e68-0200-4b77-a926-4f9d16e494da,970b0598-bcb0-4714-91fb-2e81440dccd8,bcd64cc6-2dd9-43f6-abbe-66318d332032,d930590d-bb92-4cc8-8bd1-23cd027f9edf,a3cd009f-0ab0-420d-9278-b9fdab939bbc,c27215d8-6835-4b68-bfbb-bdeac6100c04,b5d6115f-0370-4d7c-aad3-c194cc71cf98,871c3b6c-7379-419d-bda3-794b239ab90d
2024-9-24 23:53:06-debug:   Number of other assets: 906
2024-9-24 23:53:06-debug:   Number of all scripts: 35
2024-9-24 23:53:06-debug:   Number of all scenes: 1
2024-9-24 23:53:06-debug: // ---- build task Query asset bundle ---- (54ms)
2024-9-24 23:53:06-debug: [Build Memory track]: Query asset bundle start:166.44MB, end 167.33MB, increase: 913.43KB
2024-9-24 23:53:06-debug: run build task Query asset bundle success in 54 ms√, progress: 5%
2024-9-24 23:53:06-debug: Query asset bundle start, progress: 5%
2024-9-24 23:53:06-debug: // ---- build task Query asset bundle ----
2024-9-24 23:53:06-debug: [Build Memory track]: Query asset bundle start:167.34MB, end 167.48MB, increase: 137.52KB
2024-9-24 23:53:06-debug: Sort some build options to settings.json start, progress: 10%
2024-9-24 23:53:06-debug: run build task Query asset bundle success in 5 ms√, progress: 10%
2024-9-24 23:53:06-debug: // ---- build task Query asset bundle ---- (5ms)
2024-9-24 23:53:06-debug: // ---- build task Sort some build options to settings.json ----
2024-9-24 23:53:06-debug: // ---- build task Sort some build options to settings.json ---- (4ms)
2024-9-24 23:53:06-debug: run build task Sort some build options to settings.json success in 4 ms√, progress: 12%
2024-9-24 23:53:06-debug: [Build Memory track]: Sort some build options to settings.json start:167.49MB, end 167.51MB, increase: 17.38KB
2024-9-24 23:53:06-debug: // ---- build task Fill script data to settings ----
2024-9-24 23:53:06-debug: Fill script data to settings start, progress: 12%
2024-9-24 23:53:06-debug: run build task Fill script data to settings success in 1 ms√, progress: 13%
2024-9-24 23:53:06-debug: // ---- build task Fill script data to settings ---- (1ms)
2024-9-24 23:53:06-debug: [Build Memory track]: Fill script data to settings start:167.52MB, end 167.54MB, increase: 14.64KB
2024-9-24 23:53:06-debug: Sort some build options to settings.json start, progress: 13%
2024-9-24 23:53:06-debug: // ---- build task Sort some build options to settings.json ----
2024-9-24 23:53:06-debug: // ---- build task Sort some build options to settings.json ---- (7ms)
2024-9-24 23:53:06-debug: [Build Memory track]: Sort some build options to settings.json start:167.55MB, end 167.67MB, increase: 124.79KB
2024-9-24 23:53:06-debug: run build task Sort some build options to settings.json success in 7 ms√, progress: 15%
2024-9-24 23:53:07-debug: Query all assets info in project
2024-9-24 23:53:07-debug: init custom config: keepNodeUuid: false, useCache: true
2024-9-24 23:53:07-debug: Query asset bundle start, progress: 0%
2024-9-24 23:53:07-debug: // ---- build task Query asset bundle ----
2024-9-24 23:53:07-debug: Query preload assets from cc.config.json: 60f7195c-ec2a-45eb-ba94-8955f60e81d0,1c02ae6f-4492-4915-b8f8-7492a3b1e4cd,810e96e4-e456-4468-9b59-f4e8f39732c0,efe8e2a3-eace-427b-b4f1-cb8a937ec77d,e9aa9a3e-5b2b-4ac7-a2c7-073de2b2b24f,8bbdbcdd-5cd4-4100-b6d5-b7c9625b6107,50f4348b-c883-4e2f-8f11-ce233b859fa1,fda095cb-831d-4601-ad94-846013963de8,f92806d7-1768-443f-afe8-12bcde84d0f0,dd3a144d-ab7f-41f0-82b8-2e43a090d496,f0416e68-0200-4b77-a926-4f9d16e494da,970b0598-bcb0-4714-91fb-2e81440dccd8,bcd64cc6-2dd9-43f6-abbe-66318d332032,d930590d-bb92-4cc8-8bd1-23cd027f9edf,a3cd009f-0ab0-420d-9278-b9fdab939bbc,c27215d8-6835-4b68-bfbb-bdeac6100c04,b5d6115f-0370-4d7c-aad3-c194cc71cf98,871c3b6c-7379-419d-bda3-794b239ab90d
2024-9-24 23:53:07-debug:   Number of all scripts: 35
2024-9-24 23:53:07-debug:   Number of other assets: 906
2024-9-24 23:53:07-debug:   Number of all scenes: 1
2024-9-24 23:53:07-debug: // ---- build task Query asset bundle ---- (27ms)
2024-9-24 23:53:07-debug: Query asset bundle start, progress: 5%
2024-9-24 23:53:07-debug: run build task Query asset bundle success in 27 ms√, progress: 5%
2024-9-24 23:53:07-debug: [Build Memory track]: Query asset bundle start:166.80MB, end 168.40MB, increase: 1.60MB
2024-9-24 23:53:07-debug: // ---- build task Query asset bundle ----
2024-9-24 23:53:07-debug: [Build Memory track]: Query asset bundle start:168.41MB, end 168.55MB, increase: 137.52KB
2024-9-24 23:53:07-debug: // ---- build task Query asset bundle ---- (2ms)
2024-9-24 23:53:07-debug: run build task Query asset bundle success in 2 ms√, progress: 10%
2024-9-24 23:53:07-debug: Sort some build options to settings.json start, progress: 10%
2024-9-24 23:53:07-debug: // ---- build task Sort some build options to settings.json ----
2024-9-24 23:53:07-debug: // ---- build task Sort some build options to settings.json ---- (1ms)
2024-9-24 23:53:07-debug: run build task Sort some build options to settings.json success in 1 ms√, progress: 12%
2024-9-24 23:53:07-debug: [Build Memory track]: Sort some build options to settings.json start:168.56MB, end 168.57MB, increase: 14.54KB
2024-9-24 23:53:07-debug: Fill script data to settings start, progress: 12%
2024-9-24 23:53:07-debug: // ---- build task Fill script data to settings ----
2024-9-24 23:53:07-debug: // ---- build task Fill script data to settings ---- (1ms)
2024-9-24 23:53:07-debug: run build task Fill script data to settings success in 1 ms√, progress: 13%
2024-9-24 23:53:07-debug: [Build Memory track]: Fill script data to settings start:168.59MB, end 168.61MB, increase: 17.74KB
2024-9-24 23:53:07-debug: Sort some build options to settings.json start, progress: 13%
2024-9-24 23:53:07-debug: // ---- build task Sort some build options to settings.json ----
2024-9-24 23:53:07-debug: run build task Sort some build options to settings.json success in 4 ms√, progress: 15%
2024-9-24 23:53:07-debug: [Build Memory track]: Sort some build options to settings.json start:168.62MB, end 168.74MB, increase: 125.46KB
2024-9-24 23:53:07-debug: // ---- build task Sort some build options to settings.json ---- (4ms)
