2024-9-24 00:04:14-log: Cannot access game frame or container.
2024-9-24 00:04:15-debug: asset-db:require-engine-code (1635ms)
2024-9-24 00:04:16-log: meshopt wasm decoder initialized
2024-9-24 00:04:16-log: [bullet]:bullet wasm lib loaded.
2024-9-24 00:04:16-log: [box2d]:box2d wasm lib loaded.
2024-9-24 00:04:16-debug: [Assets Memory track]: asset-db:worker-init: initEngine start:24.39MB, end 77.24MB, increase: 52.84MB
2024-9-24 00:04:16-log: Cocos Creator v3.8.3
2024-9-24 00:04:16-debug: [Assets Memory track]: asset-db-plugin-register: programming start:78.14MB, end 81.51MB, increase: 3.37MB
2024-9-24 00:04:18-debug: [Assets Memory track]: asset-db-plugin-register: builder start:81.53MB, end 180.39MB, increase: 98.86MB
2024-9-24 00:04:18-debug: [Assets Memory track]: asset-db-plugin-register: project start:78.01MB, end 176.12MB, increase: 98.11MB
2024-9-24 00:04:18-debug: [Assets Memory track]: asset-db:worker-init: initPlugin start:77.24MB, end 176.14MB, increase: 98.89MB
2024-9-24 00:04:18-debug: asset-db:worker-init: initPlugin (2234ms)
2024-9-24 00:04:18-debug: Run asset db hook programming:beforePreStart success!
2024-9-24 00:04:18-debug: [Assets Memory track]: asset-db:worker-init start:24.39MB, end 176.21MB, increase: 151.82MB
2024-9-24 00:04:18-debug: Run asset db hook engine-extends:beforePreStart ...
2024-9-24 00:04:18-debug: Run asset db hook programming:beforePreStart ...
2024-9-24 00:04:18-debug: Run asset db hook engine-extends:beforePreStart success!
2024-9-24 00:04:18-debug: asset-db:worker-init (5286ms)
2024-9-24 00:04:18-debug: asset-db-hook-programming-beforePreStart (330ms)
2024-9-24 00:04:18-debug: asset-db-hook-engine-extends-beforePreStart (330ms)
2024-9-24 00:04:19-debug: Preimport db internal success
2024-9-24 00:04:19-debug: Run asset db hook programming:afterPreStart ...
2024-9-24 00:04:19-debug: Preimport db assets success
2024-9-24 00:04:19-debug: starting packer-driver...
2024-9-24 00:04:20-debug: initialize scripting environment...
2024-9-24 00:04:20-debug: Set detail map pack:///resolution-detail-map.json: {}
2024-9-24 00:04:20-debug: Run asset db hook engine-extends:afterPreStart success!
2024-9-24 00:04:20-debug: Run asset db hook engine-extends:afterPreStart ...
2024-9-24 00:04:20-debug: Run asset db hook programming:afterPreStart success!
2024-9-24 00:04:20-debug: [Assets Memory track]: asset-db:worker-init: preStart start:176.21MB, end 180.00MB, increase: 3.79MB
2024-9-24 00:04:20-debug: Start up the 'internal' database...
2024-9-24 00:04:20-debug: asset-db-hook-programming-afterPreStart (1462ms)
2024-9-24 00:04:20-debug: asset-db:worker-effect-data-processing (516ms)
2024-9-24 00:04:20-debug: asset-db-hook-engine-extends-afterPreStart (517ms)
2024-9-24 00:04:20-debug: Start up the 'assets' database...
2024-9-24 00:04:20-debug: [Assets Memory track]: asset-db:worker-startup-database[internal] start:176.26MB, end 190.15MB, increase: 13.89MB
2024-9-24 00:04:20-debug: asset-db:worker-startup-database[internal] (2289ms)
2024-9-24 00:04:21-debug: [Assets Memory track]: asset-db:worker-init: startup start:180.00MB, end 190.67MB, increase: 10.67MB
2024-9-24 00:04:21-debug: [Assets Memory track]: asset-db:worker-startup-database[assets] start:176.16MB, end 190.66MB, increase: 14.50MB
2024-9-24 00:04:21-debug: lazy register asset handler *
2024-9-24 00:04:21-debug: lazy register asset handler directory
2024-9-24 00:04:21-debug: lazy register asset handler text
2024-9-24 00:04:21-debug: lazy register asset handler spine-data
2024-9-24 00:04:21-debug: lazy register asset handler json
2024-9-24 00:04:21-debug: lazy register asset handler dragonbones-atlas
2024-9-24 00:04:21-debug: lazy register asset handler dragonbones
2024-9-24 00:04:21-debug: lazy register asset handler terrain
2024-9-24 00:04:21-debug: lazy register asset handler typescript
2024-9-24 00:04:21-debug: lazy register asset handler prefab
2024-9-24 00:04:21-debug: lazy register asset handler javascript
2024-9-24 00:04:21-debug: lazy register asset handler sprite-frame
2024-9-24 00:04:21-debug: lazy register asset handler tiled-map
2024-9-24 00:04:21-debug: lazy register asset handler buffer
2024-9-24 00:04:21-debug: lazy register asset handler scene
2024-9-24 00:04:21-debug: lazy register asset handler sign-image
2024-9-24 00:04:21-debug: lazy register asset handler alpha-image
2024-9-24 00:04:21-debug: lazy register asset handler image
2024-9-24 00:04:21-debug: lazy register asset handler texture-cube
2024-9-24 00:04:21-debug: lazy register asset handler texture
2024-9-24 00:04:21-debug: lazy register asset handler erp-texture-cube
2024-9-24 00:04:21-debug: lazy register asset handler texture-cube-face
2024-9-24 00:04:21-debug: lazy register asset handler rt-sprite-frame
2024-9-24 00:04:21-debug: lazy register asset handler render-texture
2024-9-24 00:04:21-debug: lazy register asset handler gltf-mesh
2024-9-24 00:04:21-debug: lazy register asset handler gltf-animation
2024-9-24 00:04:21-debug: lazy register asset handler gltf
2024-9-24 00:04:21-debug: lazy register asset handler gltf-skeleton
2024-9-24 00:04:21-debug: lazy register asset handler gltf-material
2024-9-24 00:04:21-debug: lazy register asset handler gltf-scene
2024-9-24 00:04:21-debug: lazy register asset handler fbx
2024-9-24 00:04:21-debug: lazy register asset handler material
2024-9-24 00:04:21-debug: lazy register asset handler physics-material
2024-9-24 00:04:21-debug: lazy register asset handler effect
2024-9-24 00:04:21-debug: lazy register asset handler effect-header
2024-9-24 00:04:21-debug: lazy register asset handler audio-clip
2024-9-24 00:04:21-debug: lazy register asset handler animation-clip
2024-9-24 00:04:21-debug: lazy register asset handler animation-graph
2024-9-24 00:04:21-debug: lazy register asset handler animation-graph-variant
2024-9-24 00:04:21-debug: lazy register asset handler animation-mask
2024-9-24 00:04:21-debug: lazy register asset handler ttf-font
2024-9-24 00:04:21-debug: lazy register asset handler bitmap-font
2024-9-24 00:04:21-debug: lazy register asset handler gltf-embeded-image
2024-9-24 00:04:21-debug: lazy register asset handler particle
2024-9-24 00:04:21-debug: lazy register asset handler sprite-atlas
2024-9-24 00:04:21-debug: lazy register asset handler auto-atlas
2024-9-24 00:04:21-debug: lazy register asset handler label-atlas
2024-9-24 00:04:21-debug: lazy register asset handler render-pipeline
2024-9-24 00:04:21-debug: lazy register asset handler render-stage
2024-9-24 00:04:21-debug: lazy register asset handler render-flow
2024-9-24 00:04:21-debug: lazy register asset handler instantiation-material
2024-9-24 00:04:21-debug: lazy register asset handler instantiation-mesh
2024-9-24 00:04:21-debug: lazy register asset handler video-clip
2024-9-24 00:04:21-debug: lazy register asset handler instantiation-skeleton
2024-9-24 00:04:21-debug: lazy register asset handler instantiation-animation
2024-9-24 00:04:21-debug: asset-db:worker-startup-database[assets] (2017ms)
2024-9-24 00:04:21-debug: asset-db:start-database (2479ms)
2024-9-24 00:04:21-debug: init worker message success
2024-9-24 00:04:21-debug: asset-db:ready (10720ms)
2024-9-24 00:04:21-debug: programming:execute-script (5ms)
2024-9-24 00:04:22-debug: [Build Memory track]: builder:worker-init start:189.13MB, end 203.35MB, increase: 14.22MB
2024-9-24 00:04:22-debug: builder:worker-init (941ms)
2024-9-24 00:04:45-debug: refresh db internal success
2024-9-24 00:04:46-debug: refresh db assets success
2024-9-24 00:04:46-debug: Run asset db hook engine-extends:afterRefresh ...
2024-9-24 00:04:46-debug: Run asset db hook engine-extends:afterRefresh success!
2024-9-24 00:04:46-debug: asset-db:refresh-all-database (368ms)
2024-9-24 00:04:46-debug: asset-db:worker-effect-data-processing (1ms)
2024-9-24 00:04:46-debug: asset-db-hook-engine-extends-afterRefresh (1ms)
2024-9-24 00:06:40-debug: refresh db internal success
2024-9-24 00:06:40-debug: refresh db assets success
2024-9-24 00:06:40-debug: Run asset db hook engine-extends:afterRefresh ...
2024-9-24 00:06:40-debug: Run asset db hook engine-extends:afterRefresh success!
2024-9-24 00:06:40-debug: asset-db:refresh-all-database (368ms)
2024-9-24 00:06:40-debug: asset-db-hook-engine-extends-afterRefresh (1ms)
